-- The C compiler identification is GNU 11.4.0
-- The CXX compiler identification is GNU 11.4.0
-- Detecting C compiler ABI info
-- Detecting C compiler ABI info - done
-- Check for working C compiler: /usr/bin/cc - skipped
-- Detecting C compile features
-- Detecting C compile features - done
-- Detecting CXX compiler ABI info
-- Detecting CXX compiler ABI info - done
-- Check for working CXX compiler: /usr/bin/c++ - skipped
-- Detecting CXX compile features
-- Detecting CXX compile features - done
-- Found ament_cmake: 1.3.12 (/opt/ros/humble/share/ament_cmake/cmake)
-- Found Python3: /usr/bin/python3 (found version "3.10.12") found components: Interpreter 
-- Override CMake install command with custom implementation using symlinks instead of copying resources
-- Found rosidl_default_generators: 1.2.0 (/opt/ros/humble/share/rosidl_default_generators/cmake)
-- Using all available rosidl_typesupport_c: rosidl_typesupport_fastrtps_c;rosidl_typesupport_introspection_c
-- Found rosidl_adapter: 3.1.8 (/opt/ros/humble/share/rosidl_adapter/cmake)
-- Using all available rosidl_typesupport_cpp: rosidl_typesupport_fastrtps_cpp;rosidl_typesupport_introspection_cpp
-- Found ament_cmake_ros: 0.10.0 (/opt/ros/humble/share/ament_cmake_ros/cmake)
-- Using all available rosidl_typesupport_c: rosidl_typesupport_fastrtps_c;rosidl_typesupport_introspection_c
-- Using all available rosidl_typesupport_cpp: rosidl_typesupport_fastrtps_cpp;rosidl_typesupport_introspection_cpp
-- Found PythonInterp: /usr/bin/python3 (found suitable version "3.10.12", minimum required is "3.6") 
-- Found python_cmake_module: 0.10.0 (/opt/ros/humble/share/python_cmake_module/cmake)
-- Found PythonLibs: /usr/lib/aarch64-linux-gnu/libpython3.10.so (found suitable version "3.10.12", minimum required is "3.5") 
-- Using PYTHON_EXECUTABLE: /usr/bin/python3
-- Using PYTHON_INCLUDE_DIRS: /usr/include/python3.10
-- Using PYTHON_LIBRARIES: /usr/lib/aarch64-linux-gnu/libpython3.10.so
-- Found PythonExtra: .so  
-- Configuring done
-- Generating done
-- Build files have been written to: /home/bajajauto/Dext_Hand/build/gripper_interfaces
[  3%] [34m[1mGenerating C code for ROS interfaces[0m
[  6%] [34m[1mGenerating C++ code for ROS interfaces[0m
[  6%] Built target ament_cmake_python_symlink_gripper_interfaces
running egg_info
creating gripper_interfaces.egg-info
writing gripper_interfaces.egg-info/PKG-INFO
writing dependency_links to gripper_interfaces.egg-info/dependency_links.txt
writing top-level names to gripper_interfaces.egg-info/top_level.txt
writing manifest file 'gripper_interfaces.egg-info/SOURCES.txt'
reading manifest file 'gripper_interfaces.egg-info/SOURCES.txt'
writing manifest file 'gripper_interfaces.egg-info/SOURCES.txt'
[  6%] Built target ament_cmake_python_build_gripper_interfaces_egg
[  6%] Built target gripper_interfaces__cpp
[  9%] [32mBuilding C object CMakeFiles/gripper_interfaces__rosidl_generator_c.dir/rosidl_generator_c/gripper_interfaces/action/detail/move_gripper__functions.c.o[0m
[ 16%] [34m[1mGenerating C++ introspection for ROS interfaces[0m
[ 16%] [34m[1mGenerating C++ type support dispatch for ROS interfaces[0m
[ 19%] [34m[1mGenerating C++ type support for eProsima Fast-RTPS[0m
[ 22%] [32m[1mLinking C shared library libgripper_interfaces__rosidl_generator_c.so[0m
[ 22%] Built target gripper_interfaces__rosidl_generator_c
[ 25%] [34m[1mGenerating C introspection for ROS interfaces[0m
[ 29%] [34m[1mGenerating C type support dispatch for ROS interfaces[0m
[ 32%] [34m[1mGenerating C type support for eProsima Fast-RTPS[0m
[ 35%] [32mBuilding CXX object CMakeFiles/gripper_interfaces__rosidl_typesupport_cpp.dir/rosidl_typesupport_cpp/gripper_interfaces/action/move_gripper__type_support.cpp.o[0m
[ 38%] [32mBuilding CXX object CMakeFiles/gripper_interfaces__rosidl_typesupport_introspection_cpp.dir/rosidl_typesupport_introspection_cpp/gripper_interfaces/action/detail/move_gripper__type_support.cpp.o[0m
[ 41%] [32mBuilding CXX object CMakeFiles/gripper_interfaces__rosidl_typesupport_fastrtps_cpp.dir/rosidl_typesupport_fastrtps_cpp/gripper_interfaces/action/detail/dds_fastrtps/move_gripper__type_support.cpp.o[0m
[ 45%] [32mBuilding CXX object CMakeFiles/gripper_interfaces__rosidl_typesupport_c.dir/rosidl_typesupport_c/gripper_interfaces/action/move_gripper__type_support.cpp.o[0m
[ 48%] [32mBuilding CXX object CMakeFiles/gripper_interfaces__rosidl_typesupport_fastrtps_c.dir/rosidl_typesupport_fastrtps_c/gripper_interfaces/action/detail/move_gripper__type_support_c.cpp.o[0m
[ 51%] [32mBuilding C object CMakeFiles/gripper_interfaces__rosidl_typesupport_introspection_c.dir/rosidl_typesupport_introspection_c/gripper_interfaces/action/detail/move_gripper__type_support.c.o[0m
[ 54%] [32m[1mLinking CXX shared library libgripper_interfaces__rosidl_typesupport_c.so[0m
[ 58%] [32m[1mLinking C shared library libgripper_interfaces__rosidl_typesupport_introspection_c.so[0m
[ 58%] Built target gripper_interfaces__rosidl_typesupport_c
[ 58%] Built target gripper_interfaces__rosidl_typesupport_introspection_c
[ 61%] [32m[1mLinking CXX shared library libgripper_interfaces__rosidl_typesupport_cpp.so[0m
[ 61%] Built target gripper_interfaces__rosidl_typesupport_cpp
[ 64%] [32m[1mLinking CXX shared library libgripper_interfaces__rosidl_typesupport_fastrtps_cpp.so[0m
[ 67%] [32m[1mLinking CXX shared library libgripper_interfaces__rosidl_typesupport_fastrtps_c.so[0m
[ 67%] Built target gripper_interfaces__rosidl_typesupport_fastrtps_cpp
[ 70%] [32m[1mLinking CXX shared library libgripper_interfaces__rosidl_typesupport_introspection_cpp.so[0m
[ 70%] Built target gripper_interfaces__rosidl_typesupport_fastrtps_c
[ 70%] Built target gripper_interfaces__rosidl_typesupport_introspection_cpp
[ 70%] Built target gripper_interfaces
[ 74%] [34m[1mGenerating Python code for ROS interfaces[0m
[ 74%] Built target gripper_interfaces__py
[ 77%] [32mBuilding C object CMakeFiles/gripper_interfaces__rosidl_generator_py.dir/rosidl_generator_py/gripper_interfaces/action/_move_gripper_s.c.o[0m
[ 80%] [32m[1mLinking C shared library rosidl_generator_py/gripper_interfaces/libgripper_interfaces__rosidl_generator_py.so[0m
[ 80%] Built target gripper_interfaces__rosidl_generator_py
[ 87%] [32mBuilding C object CMakeFiles/gripper_interfaces__rosidl_typesupport_fastrtps_c__pyext.dir/rosidl_generator_py/gripper_interfaces/_gripper_interfaces_s.ep.rosidl_typesupport_fastrtps_c.c.o[0m
[ 87%] [32mBuilding C object CMakeFiles/gripper_interfaces__rosidl_typesupport_introspection_c__pyext.dir/rosidl_generator_py/gripper_interfaces/_gripper_interfaces_s.ep.rosidl_typesupport_introspection_c.c.o[0m
[ 90%] [32mBuilding C object CMakeFiles/gripper_interfaces__rosidl_typesupport_c__pyext.dir/rosidl_generator_py/gripper_interfaces/_gripper_interfaces_s.ep.rosidl_typesupport_c.c.o[0m
[ 93%] [32m[1mLinking C shared library rosidl_generator_py/gripper_interfaces/gripper_interfaces_s__rosidl_typesupport_fastrtps_c.cpython-310-aarch64-linux-gnu.so[0m
[ 96%] [32m[1mLinking C shared library rosidl_generator_py/gripper_interfaces/gripper_interfaces_s__rosidl_typesupport_introspection_c.cpython-310-aarch64-linux-gnu.so[0m
[100%] [32m[1mLinking C shared library rosidl_generator_py/gripper_interfaces/gripper_interfaces_s__rosidl_typesupport_c.cpython-310-aarch64-linux-gnu.so[0m
[100%] Built target gripper_interfaces__rosidl_typesupport_c__pyext
[100%] Built target gripper_interfaces__rosidl_typesupport_introspection_c__pyext
[100%] Built target gripper_interfaces__rosidl_typesupport_fastrtps_c__pyext
-- Install configuration: ""
-- Execute custom install script
-- Symlinking: /home/bajajauto/Dext_Hand/install/gripper_interfaces/share/ament_index/resource_index/rosidl_interfaces/gripper_interfaces
-- Symlinking: /home/bajajauto/Dext_Hand/install/gripper_interfaces/include/gripper_interfaces/gripper_interfaces/action/detail/move_gripper__functions.h
-- Symlinking: /home/bajajauto/Dext_Hand/install/gripper_interfaces/include/gripper_interfaces/gripper_interfaces/action/detail/move_gripper__struct.h
-- Symlinking: /home/bajajauto/Dext_Hand/install/gripper_interfaces/include/gripper_interfaces/gripper_interfaces/action/detail/move_gripper__type_support.h
-- Symlinking: /home/bajajauto/Dext_Hand/install/gripper_interfaces/include/gripper_interfaces/gripper_interfaces/action/move_gripper.h
-- Symlinking: /home/bajajauto/Dext_Hand/install/gripper_interfaces/include/gripper_interfaces/gripper_interfaces/msg/rosidl_generator_c__visibility_control.h
-- Symlinking: /home/bajajauto/Dext_Hand/install/gripper_interfaces/share/gripper_interfaces/environment/library_path.sh
-- Symlinking: /home/bajajauto/Dext_Hand/install/gripper_interfaces/share/gripper_interfaces/environment/library_path.dsv
-- Symlinking: /home/bajajauto/Dext_Hand/install/gripper_interfaces/include/gripper_interfaces/gripper_interfaces/action/detail/move_gripper__rosidl_typesupport_fastrtps_c.h
-- Symlinking: /home/bajajauto/Dext_Hand/install/gripper_interfaces/include/gripper_interfaces/gripper_interfaces/msg/rosidl_typesupport_fastrtps_c__visibility_control.h
-- Symlinking: /home/bajajauto/Dext_Hand/install/gripper_interfaces/include/gripper_interfaces/gripper_interfaces/action/detail/move_gripper__rosidl_typesupport_introspection_c.h
-- Symlinking: /home/bajajauto/Dext_Hand/install/gripper_interfaces/include/gripper_interfaces/gripper_interfaces/msg/rosidl_typesupport_introspection_c__visibility_control.h
-- Symlinking: /home/bajajauto/Dext_Hand/install/gripper_interfaces/include/gripper_interfaces/gripper_interfaces/action/detail/move_gripper__builder.hpp
-- Symlinking: /home/bajajauto/Dext_Hand/install/gripper_interfaces/include/gripper_interfaces/gripper_interfaces/action/detail/move_gripper__struct.hpp
-- Symlinking: /home/bajajauto/Dext_Hand/install/gripper_interfaces/include/gripper_interfaces/gripper_interfaces/action/detail/move_gripper__traits.hpp
-- Symlinking: /home/bajajauto/Dext_Hand/install/gripper_interfaces/include/gripper_interfaces/gripper_interfaces/action/detail/move_gripper__type_support.hpp
-- Symlinking: /home/bajajauto/Dext_Hand/install/gripper_interfaces/include/gripper_interfaces/gripper_interfaces/action/move_gripper.hpp
-- Symlinking: /home/bajajauto/Dext_Hand/install/gripper_interfaces/include/gripper_interfaces/gripper_interfaces/msg/rosidl_generator_cpp__visibility_control.hpp
-- Symlinking: /home/bajajauto/Dext_Hand/install/gripper_interfaces/include/gripper_interfaces/gripper_interfaces/action/detail/move_gripper__rosidl_typesupport_fastrtps_cpp.hpp
-- Symlinking: /home/bajajauto/Dext_Hand/install/gripper_interfaces/include/gripper_interfaces/gripper_interfaces/msg/rosidl_typesupport_fastrtps_cpp__visibility_control.h
-- Symlinking: /home/bajajauto/Dext_Hand/install/gripper_interfaces/include/gripper_interfaces/gripper_interfaces/action/detail/move_gripper__rosidl_typesupport_introspection_cpp.hpp
-- Symlinking: /home/bajajauto/Dext_Hand/install/gripper_interfaces/share/gripper_interfaces/environment/pythonpath.sh
-- Symlinking: /home/bajajauto/Dext_Hand/install/gripper_interfaces/share/gripper_interfaces/environment/pythonpath.dsv
-- Symlinking: /home/bajajauto/Dext_Hand/install/gripper_interfaces/local/lib/python3.10/dist-packages/gripper_interfaces-0.0.0-py3.10.egg-info/PKG-INFO
-- Symlinking: /home/bajajauto/Dext_Hand/install/gripper_interfaces/local/lib/python3.10/dist-packages/gripper_interfaces-0.0.0-py3.10.egg-info/SOURCES.txt
-- Symlinking: /home/bajajauto/Dext_Hand/install/gripper_interfaces/local/lib/python3.10/dist-packages/gripper_interfaces-0.0.0-py3.10.egg-info/dependency_links.txt
-- Symlinking: /home/bajajauto/Dext_Hand/install/gripper_interfaces/local/lib/python3.10/dist-packages/gripper_interfaces-0.0.0-py3.10.egg-info/top_level.txt
-- Symlinking: /home/bajajauto/Dext_Hand/install/gripper_interfaces/local/lib/python3.10/dist-packages/gripper_interfaces/__init__.py
-- Symlinking: /home/bajajauto/Dext_Hand/install/gripper_interfaces/local/lib/python3.10/dist-packages/gripper_interfaces/_gripper_interfaces_s.ep.rosidl_typesupport_c.c
-- Symlinking: /home/bajajauto/Dext_Hand/install/gripper_interfaces/local/lib/python3.10/dist-packages/gripper_interfaces/_gripper_interfaces_s.ep.rosidl_typesupport_fastrtps_c.c
-- Symlinking: /home/bajajauto/Dext_Hand/install/gripper_interfaces/local/lib/python3.10/dist-packages/gripper_interfaces/_gripper_interfaces_s.ep.rosidl_typesupport_introspection_c.c
-- Symlinking: /home/bajajauto/Dext_Hand/install/gripper_interfaces/local/lib/python3.10/dist-packages/gripper_interfaces/action/__init__.py
-- Symlinking: /home/bajajauto/Dext_Hand/install/gripper_interfaces/local/lib/python3.10/dist-packages/gripper_interfaces/action/_move_gripper.py
-- Symlinking: /home/bajajauto/Dext_Hand/install/gripper_interfaces/local/lib/python3.10/dist-packages/gripper_interfaces/action/_move_gripper_s.c
-- Symlinking: /home/bajajauto/Dext_Hand/install/gripper_interfaces/local/lib/python3.10/dist-packages/gripper_interfaces/gripper_interfaces_s__rosidl_typesupport_c.cpython-310-aarch64-linux-gnu.so
-- Symlinking: /home/bajajauto/Dext_Hand/install/gripper_interfaces/local/lib/python3.10/dist-packages/gripper_interfaces/gripper_interfaces_s__rosidl_typesupport_fastrtps_c.cpython-310-aarch64-linux-gnu.so
-- Symlinking: /home/bajajauto/Dext_Hand/install/gripper_interfaces/local/lib/python3.10/dist-packages/gripper_interfaces/gripper_interfaces_s__rosidl_typesupport_introspection_c.cpython-310-aarch64-linux-gnu.so
-- Symlinking: /home/bajajauto/Dext_Hand/install/gripper_interfaces/local/lib/python3.10/dist-packages/gripper_interfaces/libgripper_interfaces__rosidl_generator_py.so
-- Up-to-date symlink: /home/bajajauto/Dext_Hand/install/gripper_interfaces/local/lib/python3.10/dist-packages/gripper_interfaces/gripper_interfaces_s__rosidl_typesupport_fastrtps_c.cpython-310-aarch64-linux-gnu.so
-- Up-to-date symlink: /home/bajajauto/Dext_Hand/install/gripper_interfaces/local/lib/python3.10/dist-packages/gripper_interfaces/gripper_interfaces_s__rosidl_typesupport_introspection_c.cpython-310-aarch64-linux-gnu.so
-- Up-to-date symlink: /home/bajajauto/Dext_Hand/install/gripper_interfaces/local/lib/python3.10/dist-packages/gripper_interfaces/gripper_interfaces_s__rosidl_typesupport_c.cpython-310-aarch64-linux-gnu.so
-- Symlinking: /home/bajajauto/Dext_Hand/install/gripper_interfaces/share/gripper_interfaces/action/MoveGripper.idl
-- Symlinking: /home/bajajauto/Dext_Hand/install/gripper_interfaces/share/gripper_interfaces/action/MoveGripper.action
-- Symlinking: /home/bajajauto/Dext_Hand/install/gripper_interfaces/share/ament_index/resource_index/package_run_dependencies/gripper_interfaces
-- Symlinking: /home/bajajauto/Dext_Hand/install/gripper_interfaces/share/ament_index/resource_index/parent_prefix_path/gripper_interfaces
-- Symlinking: /home/bajajauto/Dext_Hand/install/gripper_interfaces/share/gripper_interfaces/environment/ament_prefix_path.sh
-- Symlinking: /home/bajajauto/Dext_Hand/install/gripper_interfaces/share/gripper_interfaces/environment/ament_prefix_path.dsv
-- Symlinking: /home/bajajauto/Dext_Hand/install/gripper_interfaces/share/gripper_interfaces/environment/path.sh
-- Symlinking: /home/bajajauto/Dext_Hand/install/gripper_interfaces/share/gripper_interfaces/environment/path.dsv
-- Symlinking: /home/bajajauto/Dext_Hand/install/gripper_interfaces/share/gripper_interfaces/local_setup.bash
-- Symlinking: /home/bajajauto/Dext_Hand/install/gripper_interfaces/share/gripper_interfaces/local_setup.sh
-- Symlinking: /home/bajajauto/Dext_Hand/install/gripper_interfaces/share/gripper_interfaces/local_setup.zsh
-- Symlinking: /home/bajajauto/Dext_Hand/install/gripper_interfaces/share/gripper_interfaces/local_setup.dsv
-- Symlinking: /home/bajajauto/Dext_Hand/install/gripper_interfaces/share/gripper_interfaces/package.dsv
-- Symlinking: /home/bajajauto/Dext_Hand/install/gripper_interfaces/share/ament_index/resource_index/packages/gripper_interfaces
-- Symlinking: /home/bajajauto/Dext_Hand/install/gripper_interfaces/share/gripper_interfaces/cmake/rosidl_cmake-extras.cmake
-- Symlinking: /home/bajajauto/Dext_Hand/install/gripper_interfaces/share/gripper_interfaces/cmake/ament_cmake_export_dependencies-extras.cmake
-- Symlinking: /home/bajajauto/Dext_Hand/install/gripper_interfaces/share/gripper_interfaces/cmake/ament_cmake_export_include_directories-extras.cmake
-- Symlinking: /home/bajajauto/Dext_Hand/install/gripper_interfaces/share/gripper_interfaces/cmake/ament_cmake_export_libraries-extras.cmake
-- Symlinking: /home/bajajauto/Dext_Hand/install/gripper_interfaces/share/gripper_interfaces/cmake/ament_cmake_export_targets-extras.cmake
-- Symlinking: /home/bajajauto/Dext_Hand/install/gripper_interfaces/share/gripper_interfaces/cmake/rosidl_cmake_export_typesupport_targets-extras.cmake
-- Symlinking: /home/bajajauto/Dext_Hand/install/gripper_interfaces/share/gripper_interfaces/cmake/rosidl_cmake_export_typesupport_libraries-extras.cmake
-- Symlinking: /home/bajajauto/Dext_Hand/install/gripper_interfaces/share/gripper_interfaces/cmake/gripper_interfacesConfig.cmake
-- Symlinking: /home/bajajauto/Dext_Hand/install/gripper_interfaces/share/gripper_interfaces/cmake/gripper_interfacesConfig-version.cmake
-- Symlinking: /home/bajajauto/Dext_Hand/install/gripper_interfaces/share/gripper_interfaces/package.xml
-- Installing: /home/bajajauto/Dext_Hand/install/gripper_interfaces/lib/libgripper_interfaces__rosidl_generator_c.so
-- Set runtime path of "/home/bajajauto/Dext_Hand/install/gripper_interfaces/lib/libgripper_interfaces__rosidl_generator_c.so" to ""
-- Installing: /home/bajajauto/Dext_Hand/install/gripper_interfaces/lib/libgripper_interfaces__rosidl_typesupport_fastrtps_c.so
-- Set runtime path of "/home/bajajauto/Dext_Hand/install/gripper_interfaces/lib/libgripper_interfaces__rosidl_typesupport_fastrtps_c.so" to ""
-- Installing: /home/bajajauto/Dext_Hand/install/gripper_interfaces/lib/libgripper_interfaces__rosidl_typesupport_introspection_c.so
-- Set runtime path of "/home/bajajauto/Dext_Hand/install/gripper_interfaces/lib/libgripper_interfaces__rosidl_typesupport_introspection_c.so" to ""
-- Installing: /home/bajajauto/Dext_Hand/install/gripper_interfaces/lib/libgripper_interfaces__rosidl_typesupport_c.so
-- Set runtime path of "/home/bajajauto/Dext_Hand/install/gripper_interfaces/lib/libgripper_interfaces__rosidl_typesupport_c.so" to ""
-- Installing: /home/bajajauto/Dext_Hand/install/gripper_interfaces/lib/libgripper_interfaces__rosidl_typesupport_fastrtps_cpp.so
-- Set runtime path of "/home/bajajauto/Dext_Hand/install/gripper_interfaces/lib/libgripper_interfaces__rosidl_typesupport_fastrtps_cpp.so" to ""
-- Installing: /home/bajajauto/Dext_Hand/install/gripper_interfaces/lib/libgripper_interfaces__rosidl_typesupport_introspection_cpp.so
-- Set runtime path of "/home/bajajauto/Dext_Hand/install/gripper_interfaces/lib/libgripper_interfaces__rosidl_typesupport_introspection_cpp.so" to ""
-- Installing: /home/bajajauto/Dext_Hand/install/gripper_interfaces/lib/libgripper_interfaces__rosidl_typesupport_cpp.so
-- Set runtime path of "/home/bajajauto/Dext_Hand/install/gripper_interfaces/lib/libgripper_interfaces__rosidl_typesupport_cpp.so" to ""
Listing '/home/bajajauto/Dext_Hand/install/gripper_interfaces/local/lib/python3.10/dist-packages/gripper_interfaces'...
Compiling '/home/bajajauto/Dext_Hand/install/gripper_interfaces/local/lib/python3.10/dist-packages/gripper_interfaces/__init__.py'...
Listing '/home/bajajauto/Dext_Hand/install/gripper_interfaces/local/lib/python3.10/dist-packages/gripper_interfaces/action'...
Compiling '/home/bajajauto/Dext_Hand/install/gripper_interfaces/local/lib/python3.10/dist-packages/gripper_interfaces/action/__init__.py'...
Compiling '/home/bajajauto/Dext_Hand/install/gripper_interfaces/local/lib/python3.10/dist-packages/gripper_interfaces/action/_move_gripper.py'...
-- Installing: /home/bajajauto/Dext_Hand/install/gripper_interfaces/lib/libgripper_interfaces__rosidl_generator_py.so
-- Set runtime path of "/home/bajajauto/Dext_Hand/install/gripper_interfaces/lib/libgripper_interfaces__rosidl_generator_py.so" to ""
-- Installing: /home/bajajauto/Dext_Hand/install/gripper_interfaces/share/gripper_interfaces/cmake/export_gripper_interfaces__rosidl_generator_cExport.cmake
-- Installing: /home/bajajauto/Dext_Hand/install/gripper_interfaces/share/gripper_interfaces/cmake/export_gripper_interfaces__rosidl_generator_cExport-noconfig.cmake
-- Installing: /home/bajajauto/Dext_Hand/install/gripper_interfaces/share/gripper_interfaces/cmake/export_gripper_interfaces__rosidl_typesupport_fastrtps_cExport.cmake
-- Installing: /home/bajajauto/Dext_Hand/install/gripper_interfaces/share/gripper_interfaces/cmake/export_gripper_interfaces__rosidl_typesupport_fastrtps_cExport-noconfig.cmake
-- Installing: /home/bajajauto/Dext_Hand/install/gripper_interfaces/share/gripper_interfaces/cmake/gripper_interfaces__rosidl_typesupport_introspection_cExport.cmake
-- Installing: /home/bajajauto/Dext_Hand/install/gripper_interfaces/share/gripper_interfaces/cmake/gripper_interfaces__rosidl_typesupport_introspection_cExport-noconfig.cmake
-- Installing: /home/bajajauto/Dext_Hand/install/gripper_interfaces/share/gripper_interfaces/cmake/gripper_interfaces__rosidl_typesupport_cExport.cmake
-- Installing: /home/bajajauto/Dext_Hand/install/gripper_interfaces/share/gripper_interfaces/cmake/gripper_interfaces__rosidl_typesupport_cExport-noconfig.cmake
-- Installing: /home/bajajauto/Dext_Hand/install/gripper_interfaces/share/gripper_interfaces/cmake/export_gripper_interfaces__rosidl_generator_cppExport.cmake
-- Installing: /home/bajajauto/Dext_Hand/install/gripper_interfaces/share/gripper_interfaces/cmake/export_gripper_interfaces__rosidl_typesupport_fastrtps_cppExport.cmake
-- Installing: /home/bajajauto/Dext_Hand/install/gripper_interfaces/share/gripper_interfaces/cmake/export_gripper_interfaces__rosidl_typesupport_fastrtps_cppExport-noconfig.cmake
-- Installing: /home/bajajauto/Dext_Hand/install/gripper_interfaces/share/gripper_interfaces/cmake/gripper_interfaces__rosidl_typesupport_introspection_cppExport.cmake
-- Installing: /home/bajajauto/Dext_Hand/install/gripper_interfaces/share/gripper_interfaces/cmake/gripper_interfaces__rosidl_typesupport_introspection_cppExport-noconfig.cmake
-- Installing: /home/bajajauto/Dext_Hand/install/gripper_interfaces/share/gripper_interfaces/cmake/gripper_interfaces__rosidl_typesupport_cppExport.cmake
-- Installing: /home/bajajauto/Dext_Hand/install/gripper_interfaces/share/gripper_interfaces/cmake/gripper_interfaces__rosidl_typesupport_cppExport-noconfig.cmake
-- Installing: /home/bajajauto/Dext_Hand/install/gripper_interfaces/share/gripper_interfaces/cmake/export_gripper_interfaces__rosidl_generator_pyExport.cmake
-- Installing: /home/bajajauto/Dext_Hand/install/gripper_interfaces/share/gripper_interfaces/cmake/export_gripper_interfaces__rosidl_generator_pyExport-noconfig.cmake
