[0.038s] Invoking command in '/home/bajajauto/Dext_Hand/build/gripper_interfaces': CMAKE_PREFIX_PATH=/opt/ros/humble /usr/bin/cmake /home/bajajauto/Dext_Hand/src/gripper_interfaces -DCMAKE_INSTALL_PREFIX=/home/bajajauto/Dext_Hand/install/gripper_interfaces
[0.211s] -- Found ament_cmake: 1.3.12 (/opt/ros/humble/share/ament_cmake/cmake)
[0.558s] -- Override CMake install command with custom implementation using symlinks instead of copying resources
[0.621s] -- Found rosidl_default_generators: 1.2.0 (/opt/ros/humble/share/rosidl_default_generators/cmake)
[0.631s] -- Using all available rosidl_typesupport_c: rosidl_typesupport_fastrtps_c;rosidl_typesupport_introspection_c
[0.644s] -- Found rosidl_adapter: 3.1.8 (/opt/ros/humble/share/rosidl_adapter/cmake)
[0.759s] -- Using all available rosidl_typesupport_cpp: rosidl_typesupport_fastrtps_cpp;rosidl_typesupport_introspection_cpp
[1.506s] -- Found ament_cmake_ros: 0.10.0 (/opt/ros/humble/share/ament_cmake_ros/cmake)
[1.937s] -- Using all available rosidl_typesupport_c: rosidl_typesupport_fastrtps_c;rosidl_typesupport_introspection_c
[2.490s] -- Using all available rosidl_typesupport_cpp: rosidl_typesupport_fastrtps_cpp;rosidl_typesupport_introspection_cpp
[2.553s] -- Found python_cmake_module: 0.10.0 (/opt/ros/humble/share/python_cmake_module/cmake)
[2.608s] -- Using PYTHON_EXECUTABLE: /usr/bin/python3
[2.608s] -- Using PYTHON_INCLUDE_DIRS: /usr/include/python3.10
[2.608s] -- Using PYTHON_LIBRARIES: /usr/lib/aarch64-linux-gnu/libpython3.10.so
[2.693s] -- Configuring done
[2.885s] -- Generating done
[2.919s] -- Build files have been written to: /home/bajajauto/Dext_Hand/build/gripper_interfaces
[2.940s] Invoked command in '/home/bajajauto/Dext_Hand/build/gripper_interfaces' returned '0': CMAKE_PREFIX_PATH=/opt/ros/humble /usr/bin/cmake /home/bajajauto/Dext_Hand/src/gripper_interfaces -DCMAKE_INSTALL_PREFIX=/home/bajajauto/Dext_Hand/install/gripper_interfaces
[2.945s] Invoking command in '/home/bajajauto/Dext_Hand/build/gripper_interfaces': CMAKE_PREFIX_PATH=/opt/ros/humble /usr/bin/cmake --build /home/bajajauto/Dext_Hand/build/gripper_interfaces -- -j6 -l6
[3.029s] [35m[1mConsolidate compiler generated dependencies of target gripper_interfaces__rosidl_generator_c[0m
[3.054s] [  3%] Built target gripper_interfaces__cpp
[3.064s] [  3%] Built target ament_cmake_python_symlink_gripper_interfaces
[3.065s] [ 12%] Built target gripper_interfaces__rosidl_generator_c
[3.075s] [35m[1mConsolidate compiler generated dependencies of target gripper_interfaces__rosidl_typesupport_introspection_cpp[0m
[3.076s] [35m[1mConsolidate compiler generated dependencies of target gripper_interfaces__rosidl_typesupport_fastrtps_cpp[0m
[3.081s] [35m[1mConsolidate compiler generated dependencies of target gripper_interfaces__rosidl_typesupport_cpp[0m
[3.084s] [35m[1mConsolidate compiler generated dependencies of target gripper_interfaces__rosidl_typesupport_introspection_c[0m
[3.085s] [35m[1mConsolidate compiler generated dependencies of target gripper_interfaces__rosidl_typesupport_fastrtps_c[0m
[3.111s] [ 22%] Built target gripper_interfaces__rosidl_typesupport_introspection_c
[3.130s] [ 51%] Built target gripper_interfaces__rosidl_typesupport_fastrtps_c
[3.131s] [ 51%] Built target gripper_interfaces__rosidl_typesupport_fastrtps_cpp
[3.131s] [ 51%] Built target gripper_interfaces__rosidl_typesupport_cpp
[3.133s] [35m[1mConsolidate compiler generated dependencies of target gripper_interfaces__rosidl_typesupport_c[0m
[3.136s] [ 61%] Built target gripper_interfaces__rosidl_typesupport_introspection_cpp
[3.157s] [ 70%] Built target gripper_interfaces__rosidl_typesupport_c
[3.192s] [ 70%] Built target gripper_interfaces
[3.231s] [ 74%] Built target gripper_interfaces__py
[3.253s] [35m[1mConsolidate compiler generated dependencies of target gripper_interfaces__rosidl_generator_py[0m
[3.297s] [ 80%] Built target gripper_interfaces__rosidl_generator_py
[3.319s] [35m[1mConsolidate compiler generated dependencies of target gripper_interfaces__rosidl_typesupport_fastrtps_c__pyext[0m
[3.320s] [35m[1mConsolidate compiler generated dependencies of target gripper_interfaces__rosidl_typesupport_c__pyext[0m
[3.320s] [35m[1mConsolidate compiler generated dependencies of target gripper_interfaces__rosidl_typesupport_introspection_c__pyext[0m
[3.344s] [ 96%] Built target gripper_interfaces__rosidl_typesupport_c__pyext
[3.344s] [ 96%] Built target gripper_interfaces__rosidl_typesupport_fastrtps_c__pyext
[3.346s] [100%] Built target gripper_interfaces__rosidl_typesupport_introspection_c__pyext
[3.556s] running egg_info
[3.557s] writing gripper_interfaces.egg-info/PKG-INFO
[3.558s] writing dependency_links to gripper_interfaces.egg-info/dependency_links.txt
[3.558s] writing top-level names to gripper_interfaces.egg-info/top_level.txt
[3.564s] reading manifest file 'gripper_interfaces.egg-info/SOURCES.txt'
[3.566s] writing manifest file 'gripper_interfaces.egg-info/SOURCES.txt'
[3.633s] [100%] Built target ament_cmake_python_build_gripper_interfaces_egg
[3.660s] Invoked command in '/home/bajajauto/Dext_Hand/build/gripper_interfaces' returned '0': CMAKE_PREFIX_PATH=/opt/ros/humble /usr/bin/cmake --build /home/bajajauto/Dext_Hand/build/gripper_interfaces -- -j6 -l6
[3.683s] Invoking command in '/home/bajajauto/Dext_Hand/build/gripper_interfaces': CMAKE_PREFIX_PATH=/opt/ros/humble /usr/bin/cmake --install /home/bajajauto/Dext_Hand/build/gripper_interfaces
[3.701s] -- Install configuration: ""
[3.702s] -- Execute custom install script
[3.705s] -- Up-to-date symlink: /home/bajajauto/Dext_Hand/install/gripper_interfaces/share/ament_index/resource_index/rosidl_interfaces/gripper_interfaces
[3.708s] -- Up-to-date symlink: /home/bajajauto/Dext_Hand/install/gripper_interfaces/include/gripper_interfaces/gripper_interfaces/action/detail/move_gripper__functions.h
[3.708s] -- Up-to-date symlink: /home/bajajauto/Dext_Hand/install/gripper_interfaces/include/gripper_interfaces/gripper_interfaces/action/detail/move_gripper__struct.h
[3.709s] -- Up-to-date symlink: /home/bajajauto/Dext_Hand/install/gripper_interfaces/include/gripper_interfaces/gripper_interfaces/action/detail/move_gripper__type_support.h
[3.710s] -- Up-to-date symlink: /home/bajajauto/Dext_Hand/install/gripper_interfaces/include/gripper_interfaces/gripper_interfaces/action/move_gripper.h
[3.710s] -- Up-to-date symlink: /home/bajajauto/Dext_Hand/install/gripper_interfaces/include/gripper_interfaces/gripper_interfaces/msg/rosidl_generator_c__visibility_control.h
[3.712s] -- Up-to-date symlink: /home/bajajauto/Dext_Hand/install/gripper_interfaces/share/gripper_interfaces/environment/library_path.sh
[3.712s] -- Up-to-date symlink: /home/bajajauto/Dext_Hand/install/gripper_interfaces/share/gripper_interfaces/environment/library_path.dsv
[3.714s] -- Up-to-date symlink: /home/bajajauto/Dext_Hand/install/gripper_interfaces/include/gripper_interfaces/gripper_interfaces/action/detail/move_gripper__rosidl_typesupport_fastrtps_c.h
[3.714s] -- Up-to-date symlink: /home/bajajauto/Dext_Hand/install/gripper_interfaces/include/gripper_interfaces/gripper_interfaces/msg/rosidl_typesupport_fastrtps_c__visibility_control.h
[3.715s] -- Up-to-date symlink: /home/bajajauto/Dext_Hand/install/gripper_interfaces/include/gripper_interfaces/gripper_interfaces/action/detail/move_gripper__rosidl_typesupport_introspection_c.h
[3.716s] -- Up-to-date symlink: /home/bajajauto/Dext_Hand/install/gripper_interfaces/include/gripper_interfaces/gripper_interfaces/msg/rosidl_typesupport_introspection_c__visibility_control.h
[3.718s] -- Up-to-date symlink: /home/bajajauto/Dext_Hand/install/gripper_interfaces/include/gripper_interfaces/gripper_interfaces/action/detail/move_gripper__builder.hpp
[3.719s] -- Up-to-date symlink: /home/bajajauto/Dext_Hand/install/gripper_interfaces/include/gripper_interfaces/gripper_interfaces/action/detail/move_gripper__struct.hpp
[3.719s] -- Up-to-date symlink: /home/bajajauto/Dext_Hand/install/gripper_interfaces/include/gripper_interfaces/gripper_interfaces/action/detail/move_gripper__traits.hpp
[3.719s] -- Up-to-date symlink: /home/bajajauto/Dext_Hand/install/gripper_interfaces/include/gripper_interfaces/gripper_interfaces/action/detail/move_gripper__type_support.hpp
[3.720s] -- Up-to-date symlink: /home/bajajauto/Dext_Hand/install/gripper_interfaces/include/gripper_interfaces/gripper_interfaces/action/move_gripper.hpp
[3.721s] -- Up-to-date symlink: /home/bajajauto/Dext_Hand/install/gripper_interfaces/include/gripper_interfaces/gripper_interfaces/msg/rosidl_generator_cpp__visibility_control.hpp
[3.723s] -- Up-to-date symlink: /home/bajajauto/Dext_Hand/install/gripper_interfaces/include/gripper_interfaces/gripper_interfaces/action/detail/move_gripper__rosidl_typesupport_fastrtps_cpp.hpp
[3.723s] -- Up-to-date symlink: /home/bajajauto/Dext_Hand/install/gripper_interfaces/include/gripper_interfaces/gripper_interfaces/msg/rosidl_typesupport_fastrtps_cpp__visibility_control.h
[3.724s] -- Up-to-date symlink: /home/bajajauto/Dext_Hand/install/gripper_interfaces/include/gripper_interfaces/gripper_interfaces/action/detail/move_gripper__rosidl_typesupport_introspection_cpp.hpp
[3.725s] -- Up-to-date symlink: /home/bajajauto/Dext_Hand/install/gripper_interfaces/share/gripper_interfaces/environment/pythonpath.sh
[3.726s] -- Up-to-date symlink: /home/bajajauto/Dext_Hand/install/gripper_interfaces/share/gripper_interfaces/environment/pythonpath.dsv
[3.728s] -- Up-to-date symlink: /home/bajajauto/Dext_Hand/install/gripper_interfaces/local/lib/python3.10/dist-packages/gripper_interfaces-0.0.0-py3.10.egg-info/PKG-INFO
[3.729s] -- Up-to-date symlink: /home/bajajauto/Dext_Hand/install/gripper_interfaces/local/lib/python3.10/dist-packages/gripper_interfaces-0.0.0-py3.10.egg-info/SOURCES.txt
[3.730s] -- Up-to-date symlink: /home/bajajauto/Dext_Hand/install/gripper_interfaces/local/lib/python3.10/dist-packages/gripper_interfaces-0.0.0-py3.10.egg-info/dependency_links.txt
[3.730s] -- Up-to-date symlink: /home/bajajauto/Dext_Hand/install/gripper_interfaces/local/lib/python3.10/dist-packages/gripper_interfaces-0.0.0-py3.10.egg-info/top_level.txt
[3.732s] -- Up-to-date symlink: /home/bajajauto/Dext_Hand/install/gripper_interfaces/local/lib/python3.10/dist-packages/gripper_interfaces/__init__.py
[3.732s] -- Up-to-date symlink: /home/bajajauto/Dext_Hand/install/gripper_interfaces/local/lib/python3.10/dist-packages/gripper_interfaces/_gripper_interfaces_s.ep.rosidl_typesupport_c.c
[3.733s] -- Up-to-date symlink: /home/bajajauto/Dext_Hand/install/gripper_interfaces/local/lib/python3.10/dist-packages/gripper_interfaces/_gripper_interfaces_s.ep.rosidl_typesupport_fastrtps_c.c
[3.734s] -- Up-to-date symlink: /home/bajajauto/Dext_Hand/install/gripper_interfaces/local/lib/python3.10/dist-packages/gripper_interfaces/_gripper_interfaces_s.ep.rosidl_typesupport_introspection_c.c
[3.735s] -- Up-to-date symlink: /home/bajajauto/Dext_Hand/install/gripper_interfaces/local/lib/python3.10/dist-packages/gripper_interfaces/action/__init__.py
[3.736s] -- Up-to-date symlink: /home/bajajauto/Dext_Hand/install/gripper_interfaces/local/lib/python3.10/dist-packages/gripper_interfaces/action/_move_gripper.py
[3.736s] -- Up-to-date symlink: /home/bajajauto/Dext_Hand/install/gripper_interfaces/local/lib/python3.10/dist-packages/gripper_interfaces/action/_move_gripper_s.c
[3.737s] -- Up-to-date symlink: /home/bajajauto/Dext_Hand/install/gripper_interfaces/local/lib/python3.10/dist-packages/gripper_interfaces/gripper_interfaces_s__rosidl_typesupport_c.cpython-310-aarch64-linux-gnu.so
[3.738s] -- Up-to-date symlink: /home/bajajauto/Dext_Hand/install/gripper_interfaces/local/lib/python3.10/dist-packages/gripper_interfaces/gripper_interfaces_s__rosidl_typesupport_fastrtps_c.cpython-310-aarch64-linux-gnu.so
[3.738s] -- Up-to-date symlink: /home/bajajauto/Dext_Hand/install/gripper_interfaces/local/lib/python3.10/dist-packages/gripper_interfaces/gripper_interfaces_s__rosidl_typesupport_introspection_c.cpython-310-aarch64-linux-gnu.so
[3.739s] -- Up-to-date symlink: /home/bajajauto/Dext_Hand/install/gripper_interfaces/local/lib/python3.10/dist-packages/gripper_interfaces/libgripper_interfaces__rosidl_generator_py.so
[3.740s] -- Up-to-date symlink: /home/bajajauto/Dext_Hand/install/gripper_interfaces/local/lib/python3.10/dist-packages/gripper_interfaces/gripper_interfaces_s__rosidl_typesupport_fastrtps_c.cpython-310-aarch64-linux-gnu.so
[3.740s] -- Up-to-date symlink: /home/bajajauto/Dext_Hand/install/gripper_interfaces/local/lib/python3.10/dist-packages/gripper_interfaces/gripper_interfaces_s__rosidl_typesupport_introspection_c.cpython-310-aarch64-linux-gnu.so
[3.741s] -- Up-to-date symlink: /home/bajajauto/Dext_Hand/install/gripper_interfaces/local/lib/python3.10/dist-packages/gripper_interfaces/gripper_interfaces_s__rosidl_typesupport_c.cpython-310-aarch64-linux-gnu.so
[3.742s] -- Up-to-date symlink: /home/bajajauto/Dext_Hand/install/gripper_interfaces/share/gripper_interfaces/action/MoveGripper.idl
[3.743s] -- Up-to-date symlink: /home/bajajauto/Dext_Hand/install/gripper_interfaces/share/gripper_interfaces/action/MoveGripper.action
[3.744s] -- Up-to-date symlink: /home/bajajauto/Dext_Hand/install/gripper_interfaces/share/ament_index/resource_index/package_run_dependencies/gripper_interfaces
[3.745s] -- Up-to-date symlink: /home/bajajauto/Dext_Hand/install/gripper_interfaces/share/ament_index/resource_index/parent_prefix_path/gripper_interfaces
[3.746s] -- Up-to-date symlink: /home/bajajauto/Dext_Hand/install/gripper_interfaces/share/gripper_interfaces/environment/ament_prefix_path.sh
[3.747s] -- Up-to-date symlink: /home/bajajauto/Dext_Hand/install/gripper_interfaces/share/gripper_interfaces/environment/ament_prefix_path.dsv
[3.748s] -- Up-to-date symlink: /home/bajajauto/Dext_Hand/install/gripper_interfaces/share/gripper_interfaces/environment/path.sh
[3.748s] -- Up-to-date symlink: /home/bajajauto/Dext_Hand/install/gripper_interfaces/share/gripper_interfaces/environment/path.dsv
[3.749s] -- Up-to-date symlink: /home/bajajauto/Dext_Hand/install/gripper_interfaces/share/gripper_interfaces/local_setup.bash
[3.750s] -- Up-to-date symlink: /home/bajajauto/Dext_Hand/install/gripper_interfaces/share/gripper_interfaces/local_setup.sh
[3.751s] -- Up-to-date symlink: /home/bajajauto/Dext_Hand/install/gripper_interfaces/share/gripper_interfaces/local_setup.zsh
[3.751s] -- Up-to-date symlink: /home/bajajauto/Dext_Hand/install/gripper_interfaces/share/gripper_interfaces/local_setup.dsv
[3.751s] -- Symlinking: /home/bajajauto/Dext_Hand/install/gripper_interfaces/share/gripper_interfaces/package.dsv
[3.773s] -- Up-to-date symlink: /home/bajajauto/Dext_Hand/install/gripper_interfaces/share/ament_index/resource_index/packages/gripper_interfaces
[3.774s] -- Up-to-date symlink: /home/bajajauto/Dext_Hand/install/gripper_interfaces/share/gripper_interfaces/cmake/rosidl_cmake-extras.cmake
[3.775s] -- Up-to-date symlink: /home/bajajauto/Dext_Hand/install/gripper_interfaces/share/gripper_interfaces/cmake/ament_cmake_export_dependencies-extras.cmake
[3.776s] -- Up-to-date symlink: /home/bajajauto/Dext_Hand/install/gripper_interfaces/share/gripper_interfaces/cmake/ament_cmake_export_include_directories-extras.cmake
[3.776s] -- Up-to-date symlink: /home/bajajauto/Dext_Hand/install/gripper_interfaces/share/gripper_interfaces/cmake/ament_cmake_export_libraries-extras.cmake
[3.777s] -- Up-to-date symlink: /home/bajajauto/Dext_Hand/install/gripper_interfaces/share/gripper_interfaces/cmake/ament_cmake_export_targets-extras.cmake
[3.778s] -- Up-to-date symlink: /home/bajajauto/Dext_Hand/install/gripper_interfaces/share/gripper_interfaces/cmake/rosidl_cmake_export_typesupport_targets-extras.cmake
[3.779s] -- Up-to-date symlink: /home/bajajauto/Dext_Hand/install/gripper_interfaces/share/gripper_interfaces/cmake/rosidl_cmake_export_typesupport_libraries-extras.cmake
[3.780s] -- Up-to-date symlink: /home/bajajauto/Dext_Hand/install/gripper_interfaces/share/gripper_interfaces/cmake/gripper_interfacesConfig.cmake
[3.781s] -- Up-to-date symlink: /home/bajajauto/Dext_Hand/install/gripper_interfaces/share/gripper_interfaces/cmake/gripper_interfacesConfig-version.cmake
[3.782s] -- Up-to-date symlink: /home/bajajauto/Dext_Hand/install/gripper_interfaces/share/gripper_interfaces/package.xml
[3.785s] -- Up-to-date: /home/bajajauto/Dext_Hand/install/gripper_interfaces/lib/libgripper_interfaces__rosidl_generator_c.so
[3.787s] -- Up-to-date: /home/bajajauto/Dext_Hand/install/gripper_interfaces/lib/libgripper_interfaces__rosidl_typesupport_fastrtps_c.so
[3.788s] -- Up-to-date: /home/bajajauto/Dext_Hand/install/gripper_interfaces/lib/libgripper_interfaces__rosidl_typesupport_introspection_c.so
[3.789s] -- Up-to-date: /home/bajajauto/Dext_Hand/install/gripper_interfaces/lib/libgripper_interfaces__rosidl_typesupport_c.so
[3.792s] -- Up-to-date: /home/bajajauto/Dext_Hand/install/gripper_interfaces/lib/libgripper_interfaces__rosidl_typesupport_fastrtps_cpp.so
[3.794s] -- Up-to-date: /home/bajajauto/Dext_Hand/install/gripper_interfaces/lib/libgripper_interfaces__rosidl_typesupport_introspection_cpp.so
[3.796s] -- Up-to-date: /home/bajajauto/Dext_Hand/install/gripper_interfaces/lib/libgripper_interfaces__rosidl_typesupport_cpp.so
[3.864s] Listing '/home/bajajauto/Dext_Hand/install/gripper_interfaces/local/lib/python3.10/dist-packages/gripper_interfaces'...
[3.864s] Compiling '/home/bajajauto/Dext_Hand/install/gripper_interfaces/local/lib/python3.10/dist-packages/gripper_interfaces/__init__.py'...
[3.864s] Listing '/home/bajajauto/Dext_Hand/install/gripper_interfaces/local/lib/python3.10/dist-packages/gripper_interfaces/action'...
[3.878s] -- Up-to-date: /home/bajajauto/Dext_Hand/install/gripper_interfaces/lib/libgripper_interfaces__rosidl_generator_py.so
[3.879s] -- Up-to-date: /home/bajajauto/Dext_Hand/install/gripper_interfaces/share/gripper_interfaces/cmake/export_gripper_interfaces__rosidl_generator_cExport.cmake
[3.880s] -- Up-to-date: /home/bajajauto/Dext_Hand/install/gripper_interfaces/share/gripper_interfaces/cmake/export_gripper_interfaces__rosidl_generator_cExport-noconfig.cmake
[3.881s] -- Up-to-date: /home/bajajauto/Dext_Hand/install/gripper_interfaces/share/gripper_interfaces/cmake/export_gripper_interfaces__rosidl_typesupport_fastrtps_cExport.cmake
[3.881s] -- Up-to-date: /home/bajajauto/Dext_Hand/install/gripper_interfaces/share/gripper_interfaces/cmake/export_gripper_interfaces__rosidl_typesupport_fastrtps_cExport-noconfig.cmake
[3.881s] -- Up-to-date: /home/bajajauto/Dext_Hand/install/gripper_interfaces/share/gripper_interfaces/cmake/gripper_interfaces__rosidl_typesupport_introspection_cExport.cmake
[3.882s] -- Up-to-date: /home/bajajauto/Dext_Hand/install/gripper_interfaces/share/gripper_interfaces/cmake/gripper_interfaces__rosidl_typesupport_introspection_cExport-noconfig.cmake
[3.882s] -- Up-to-date: /home/bajajauto/Dext_Hand/install/gripper_interfaces/share/gripper_interfaces/cmake/gripper_interfaces__rosidl_typesupport_cExport.cmake
[3.883s] -- Up-to-date: /home/bajajauto/Dext_Hand/install/gripper_interfaces/share/gripper_interfaces/cmake/gripper_interfaces__rosidl_typesupport_cExport-noconfig.cmake
[3.883s] -- Up-to-date: /home/bajajauto/Dext_Hand/install/gripper_interfaces/share/gripper_interfaces/cmake/export_gripper_interfaces__rosidl_generator_cppExport.cmake
[3.884s] -- Up-to-date: /home/bajajauto/Dext_Hand/install/gripper_interfaces/share/gripper_interfaces/cmake/export_gripper_interfaces__rosidl_typesupport_fastrtps_cppExport.cmake
[3.884s] -- Up-to-date: /home/bajajauto/Dext_Hand/install/gripper_interfaces/share/gripper_interfaces/cmake/export_gripper_interfaces__rosidl_typesupport_fastrtps_cppExport-noconfig.cmake
[3.885s] -- Up-to-date: /home/bajajauto/Dext_Hand/install/gripper_interfaces/share/gripper_interfaces/cmake/gripper_interfaces__rosidl_typesupport_introspection_cppExport.cmake
[3.885s] -- Up-to-date: /home/bajajauto/Dext_Hand/install/gripper_interfaces/share/gripper_interfaces/cmake/gripper_interfaces__rosidl_typesupport_introspection_cppExport-noconfig.cmake
[3.886s] -- Up-to-date: /home/bajajauto/Dext_Hand/install/gripper_interfaces/share/gripper_interfaces/cmake/gripper_interfaces__rosidl_typesupport_cppExport.cmake
[3.886s] -- Up-to-date: /home/bajajauto/Dext_Hand/install/gripper_interfaces/share/gripper_interfaces/cmake/gripper_interfaces__rosidl_typesupport_cppExport-noconfig.cmake
[3.887s] -- Up-to-date: /home/bajajauto/Dext_Hand/install/gripper_interfaces/share/gripper_interfaces/cmake/export_gripper_interfaces__rosidl_generator_pyExport.cmake
[3.887s] -- Up-to-date: /home/bajajauto/Dext_Hand/install/gripper_interfaces/share/gripper_interfaces/cmake/export_gripper_interfaces__rosidl_generator_pyExport-noconfig.cmake
[3.895s] Invoked command in '/home/bajajauto/Dext_Hand/build/gripper_interfaces' returned '0': CMAKE_PREFIX_PATH=/opt/ros/humble /usr/bin/cmake --install /home/bajajauto/Dext_Hand/build/gripper_interfaces
