[0.037s] Invoking command in '/home/bajajauto/Dext_Hand/build/gripper_interfaces': CMAKE_PREFIX_PATH=${CMAKE_PREFIX_PATH}:/home/bajajauto/Dext_Hand/install/gripper:/home/bajajauto/Dext_Hand/src/install/gripper:/opt/ros/humble /usr/bin/cmake /home/bajajauto/Dext_Hand/src/gripper_interfaces -DAMENT_CMAKE_SYMLINK_INSTALL=1 -DCMAKE_INSTALL_PREFIX=/home/bajajauto/Dext_Hand/install/gripper_interfaces
[0.074s] -- Found ament_cmake: 1.3.12 (/opt/ros/humble/share/ament_cmake/cmake)
[0.346s] -- Override CMake install command with custom implementation using symlinks instead of copying resources
[0.399s] -- Found rosidl_default_generators: 1.2.0 (/opt/ros/humble/share/rosidl_default_generators/cmake)
[0.409s] -- Using all available rosidl_typesupport_c: rosidl_typesupport_fastrtps_c;rosidl_typesupport_introspection_c
[0.424s] -- Found rosidl_adapter: 3.1.8 (/opt/ros/humble/share/rosidl_adapter/cmake)
[0.532s] -- Using all available rosidl_typesupport_cpp: rosidl_typesupport_fastrtps_cpp;rosidl_typesupport_introspection_cpp
[1.391s] -- Found ament_cmake_ros: 0.10.0 (/opt/ros/humble/share/ament_cmake_ros/cmake)
[1.816s] -- Using all available rosidl_typesupport_c: rosidl_typesupport_fastrtps_c;rosidl_typesupport_introspection_c
[2.391s] -- Using all available rosidl_typesupport_cpp: rosidl_typesupport_fastrtps_cpp;rosidl_typesupport_introspection_cpp
[2.445s] -- Found python_cmake_module: 0.10.0 (/opt/ros/humble/share/python_cmake_module/cmake)
[2.497s] -- Using PYTHON_EXECUTABLE: /usr/bin/python3
[2.497s] -- Using PYTHON_INCLUDE_DIRS: /usr/include/python3.10
[2.498s] -- Using PYTHON_LIBRARIES: /usr/lib/aarch64-linux-gnu/libpython3.10.so
[2.648s] -- Configuring done
[2.962s] -- Generating done
[3.005s] -- Build files have been written to: /home/bajajauto/Dext_Hand/build/gripper_interfaces
[3.025s] Invoked command in '/home/bajajauto/Dext_Hand/build/gripper_interfaces' returned '0': CMAKE_PREFIX_PATH=${CMAKE_PREFIX_PATH}:/home/bajajauto/Dext_Hand/install/gripper:/home/bajajauto/Dext_Hand/src/install/gripper:/opt/ros/humble /usr/bin/cmake /home/bajajauto/Dext_Hand/src/gripper_interfaces -DAMENT_CMAKE_SYMLINK_INSTALL=1 -DCMAKE_INSTALL_PREFIX=/home/bajajauto/Dext_Hand/install/gripper_interfaces
[3.030s] Invoking command in '/home/bajajauto/Dext_Hand/build/gripper_interfaces': CMAKE_PREFIX_PATH=${CMAKE_PREFIX_PATH}:/home/bajajauto/Dext_Hand/install/gripper:/home/bajajauto/Dext_Hand/src/install/gripper:/opt/ros/humble /usr/bin/cmake --build /home/bajajauto/Dext_Hand/build/gripper_interfaces -- -j6 -l6
[3.109s] [35m[1mConsolidate compiler generated dependencies of target gripper_interfaces__rosidl_generator_c[0m
[3.125s] [  3%] Built target gripper_interfaces__cpp
[3.129s] [ 12%] Built target gripper_interfaces__rosidl_generator_c
[3.140s] [ 12%] Built target ament_cmake_python_symlink_gripper_interfaces
[3.146s] [35m[1mConsolidate compiler generated dependencies of target gripper_interfaces__rosidl_typesupport_fastrtps_cpp[0m
[3.147s] [35m[1mConsolidate compiler generated dependencies of target gripper_interfaces__rosidl_typesupport_cpp[0m
[3.149s] [35m[1mConsolidate compiler generated dependencies of target gripper_interfaces__rosidl_typesupport_introspection_cpp[0m
[3.174s] [ 22%] Built target gripper_interfaces__rosidl_typesupport_cpp
[3.174s] [35m[1mConsolidate compiler generated dependencies of target gripper_interfaces__rosidl_typesupport_introspection_c[0m
[3.176s] [ 41%] Built target gripper_interfaces__rosidl_typesupport_fastrtps_cpp
[3.176s] [ 41%] Built target gripper_interfaces__rosidl_typesupport_introspection_cpp
[3.181s] [35m[1mConsolidate compiler generated dependencies of target gripper_interfaces__rosidl_typesupport_fastrtps_c[0m
[3.181s] [35m[1mConsolidate compiler generated dependencies of target gripper_interfaces__rosidl_typesupport_c[0m
[3.197s] [ 51%] Built target gripper_interfaces__rosidl_typesupport_introspection_c
[3.202s] [ 61%] Built target gripper_interfaces__rosidl_typesupport_c
[3.203s] [ 70%] Built target gripper_interfaces__rosidl_typesupport_fastrtps_c
[3.251s] [ 70%] Built target gripper_interfaces
[3.291s] [ 74%] Built target gripper_interfaces__py
[3.311s] [35m[1mConsolidate compiler generated dependencies of target gripper_interfaces__rosidl_generator_py[0m
[3.334s] [ 80%] Built target gripper_interfaces__rosidl_generator_py
[3.355s] [35m[1mConsolidate compiler generated dependencies of target gripper_interfaces__rosidl_typesupport_introspection_c__pyext[0m
[3.356s] [35m[1mConsolidate compiler generated dependencies of target gripper_interfaces__rosidl_typesupport_fastrtps_c__pyext[0m
[3.358s] [35m[1mConsolidate compiler generated dependencies of target gripper_interfaces__rosidl_typesupport_c__pyext[0m
[3.380s] [ 87%] Built target gripper_interfaces__rosidl_typesupport_fastrtps_c__pyext
[3.381s] [ 93%] Built target gripper_interfaces__rosidl_typesupport_c__pyext
[3.387s] [100%] Built target gripper_interfaces__rosidl_typesupport_introspection_c__pyext
[3.651s] running egg_info
[3.652s] writing gripper_interfaces.egg-info/PKG-INFO
[3.652s] writing dependency_links to gripper_interfaces.egg-info/dependency_links.txt
[3.653s] writing top-level names to gripper_interfaces.egg-info/top_level.txt
[3.657s] reading manifest file 'gripper_interfaces.egg-info/SOURCES.txt'
[3.658s] writing manifest file 'gripper_interfaces.egg-info/SOURCES.txt'
[3.730s] [100%] Built target ament_cmake_python_build_gripper_interfaces_egg
[3.759s] Invoked command in '/home/bajajauto/Dext_Hand/build/gripper_interfaces' returned '0': CMAKE_PREFIX_PATH=${CMAKE_PREFIX_PATH}:/home/bajajauto/Dext_Hand/install/gripper:/home/bajajauto/Dext_Hand/src/install/gripper:/opt/ros/humble /usr/bin/cmake --build /home/bajajauto/Dext_Hand/build/gripper_interfaces -- -j6 -l6
[3.781s] Invoking command in '/home/bajajauto/Dext_Hand/build/gripper_interfaces': CMAKE_PREFIX_PATH=${CMAKE_PREFIX_PATH}:/home/bajajauto/Dext_Hand/install/gripper:/home/bajajauto/Dext_Hand/src/install/gripper:/opt/ros/humble /usr/bin/cmake --install /home/bajajauto/Dext_Hand/build/gripper_interfaces
[3.799s] -- Install configuration: ""
[3.800s] -- Execute custom install script
[3.800s] -- Up-to-date symlink: /home/bajajauto/Dext_Hand/install/gripper_interfaces/share/ament_index/resource_index/rosidl_interfaces/gripper_interfaces
[3.801s] -- Up-to-date symlink: /home/bajajauto/Dext_Hand/install/gripper_interfaces/include/gripper_interfaces/gripper_interfaces/action/detail/move_gripper__functions.h
[3.801s] -- Up-to-date symlink: /home/bajajauto/Dext_Hand/install/gripper_interfaces/include/gripper_interfaces/gripper_interfaces/action/detail/move_gripper__struct.h
[3.802s] -- Up-to-date symlink: /home/bajajauto/Dext_Hand/install/gripper_interfaces/include/gripper_interfaces/gripper_interfaces/action/detail/move_gripper__type_support.h
[3.802s] -- Up-to-date symlink: /home/bajajauto/Dext_Hand/install/gripper_interfaces/include/gripper_interfaces/gripper_interfaces/action/move_gripper.h
[3.802s] -- Up-to-date symlink: /home/bajajauto/Dext_Hand/install/gripper_interfaces/include/gripper_interfaces/gripper_interfaces/msg/rosidl_generator_c__visibility_control.h
[3.802s] -- Up-to-date symlink: /home/bajajauto/Dext_Hand/install/gripper_interfaces/share/gripper_interfaces/environment/library_path.sh
[3.803s] -- Up-to-date symlink: /home/bajajauto/Dext_Hand/install/gripper_interfaces/share/gripper_interfaces/environment/library_path.dsv
[3.804s] -- Up-to-date symlink: /home/bajajauto/Dext_Hand/install/gripper_interfaces/include/gripper_interfaces/gripper_interfaces/action/detail/move_gripper__rosidl_typesupport_fastrtps_c.h
[3.804s] -- Up-to-date symlink: /home/bajajauto/Dext_Hand/install/gripper_interfaces/include/gripper_interfaces/gripper_interfaces/msg/rosidl_typesupport_fastrtps_c__visibility_control.h
[3.804s] -- Up-to-date symlink: /home/bajajauto/Dext_Hand/install/gripper_interfaces/include/gripper_interfaces/gripper_interfaces/action/detail/move_gripper__rosidl_typesupport_introspection_c.h
[3.805s] -- Up-to-date symlink: /home/bajajauto/Dext_Hand/install/gripper_interfaces/include/gripper_interfaces/gripper_interfaces/msg/rosidl_typesupport_introspection_c__visibility_control.h
[3.806s] -- Up-to-date symlink: /home/bajajauto/Dext_Hand/install/gripper_interfaces/include/gripper_interfaces/gripper_interfaces/action/detail/move_gripper__builder.hpp
[3.806s] -- Up-to-date symlink: /home/bajajauto/Dext_Hand/install/gripper_interfaces/include/gripper_interfaces/gripper_interfaces/action/detail/move_gripper__struct.hpp
[3.806s] -- Up-to-date symlink: /home/bajajauto/Dext_Hand/install/gripper_interfaces/include/gripper_interfaces/gripper_interfaces/action/detail/move_gripper__traits.hpp
[3.806s] -- Up-to-date symlink: /home/bajajauto/Dext_Hand/install/gripper_interfaces/include/gripper_interfaces/gripper_interfaces/action/detail/move_gripper__type_support.hpp
[3.807s] -- Up-to-date symlink: /home/bajajauto/Dext_Hand/install/gripper_interfaces/include/gripper_interfaces/gripper_interfaces/action/move_gripper.hpp
[3.807s] -- Up-to-date symlink: /home/bajajauto/Dext_Hand/install/gripper_interfaces/include/gripper_interfaces/gripper_interfaces/msg/rosidl_generator_cpp__visibility_control.hpp
[3.808s] -- Up-to-date symlink: /home/bajajauto/Dext_Hand/install/gripper_interfaces/include/gripper_interfaces/gripper_interfaces/action/detail/move_gripper__rosidl_typesupport_fastrtps_cpp.hpp
[3.808s] -- Up-to-date symlink: /home/bajajauto/Dext_Hand/install/gripper_interfaces/include/gripper_interfaces/gripper_interfaces/msg/rosidl_typesupport_fastrtps_cpp__visibility_control.h
[3.808s] -- Up-to-date symlink: /home/bajajauto/Dext_Hand/install/gripper_interfaces/include/gripper_interfaces/gripper_interfaces/action/detail/move_gripper__rosidl_typesupport_introspection_cpp.hpp
[3.809s] -- Up-to-date symlink: /home/bajajauto/Dext_Hand/install/gripper_interfaces/share/gripper_interfaces/environment/pythonpath.sh
[3.809s] -- Up-to-date symlink: /home/bajajauto/Dext_Hand/install/gripper_interfaces/share/gripper_interfaces/environment/pythonpath.dsv
[3.809s] -- Up-to-date symlink: /home/bajajauto/Dext_Hand/install/gripper_interfaces/local/lib/python3.10/dist-packages/gripper_interfaces-0.0.0-py3.10.egg-info/PKG-INFO
[3.810s] -- Up-to-date symlink: /home/bajajauto/Dext_Hand/install/gripper_interfaces/local/lib/python3.10/dist-packages/gripper_interfaces-0.0.0-py3.10.egg-info/SOURCES.txt
[3.810s] -- Up-to-date symlink: /home/bajajauto/Dext_Hand/install/gripper_interfaces/local/lib/python3.10/dist-packages/gripper_interfaces-0.0.0-py3.10.egg-info/dependency_links.txt
[3.810s] -- Up-to-date symlink: /home/bajajauto/Dext_Hand/install/gripper_interfaces/local/lib/python3.10/dist-packages/gripper_interfaces-0.0.0-py3.10.egg-info/top_level.txt
[3.811s] -- Up-to-date symlink: /home/bajajauto/Dext_Hand/install/gripper_interfaces/local/lib/python3.10/dist-packages/gripper_interfaces/__init__.py
[3.811s] -- Up-to-date symlink: /home/bajajauto/Dext_Hand/install/gripper_interfaces/local/lib/python3.10/dist-packages/gripper_interfaces/_gripper_interfaces_s.ep.rosidl_typesupport_c.c
[3.811s] -- Up-to-date symlink: /home/bajajauto/Dext_Hand/install/gripper_interfaces/local/lib/python3.10/dist-packages/gripper_interfaces/_gripper_interfaces_s.ep.rosidl_typesupport_fastrtps_c.c
[3.812s] -- Up-to-date symlink: /home/bajajauto/Dext_Hand/install/gripper_interfaces/local/lib/python3.10/dist-packages/gripper_interfaces/_gripper_interfaces_s.ep.rosidl_typesupport_introspection_c.c
[3.812s] -- Up-to-date symlink: /home/bajajauto/Dext_Hand/install/gripper_interfaces/local/lib/python3.10/dist-packages/gripper_interfaces/action/__init__.py
[3.812s] -- Up-to-date symlink: /home/bajajauto/Dext_Hand/install/gripper_interfaces/local/lib/python3.10/dist-packages/gripper_interfaces/action/_move_gripper.py
[3.812s] -- Up-to-date symlink: /home/bajajauto/Dext_Hand/install/gripper_interfaces/local/lib/python3.10/dist-packages/gripper_interfaces/action/_move_gripper_s.c
[3.812s] -- Up-to-date symlink: /home/bajajauto/Dext_Hand/install/gripper_interfaces/local/lib/python3.10/dist-packages/gripper_interfaces/gripper_interfaces_s__rosidl_typesupport_c.cpython-310-aarch64-linux-gnu.so
[3.813s] -- Up-to-date symlink: /home/bajajauto/Dext_Hand/install/gripper_interfaces/local/lib/python3.10/dist-packages/gripper_interfaces/gripper_interfaces_s__rosidl_typesupport_fastrtps_c.cpython-310-aarch64-linux-gnu.so
[3.813s] -- Up-to-date symlink: /home/bajajauto/Dext_Hand/install/gripper_interfaces/local/lib/python3.10/dist-packages/gripper_interfaces/gripper_interfaces_s__rosidl_typesupport_introspection_c.cpython-310-aarch64-linux-gnu.so
[3.813s] -- Up-to-date symlink: /home/bajajauto/Dext_Hand/install/gripper_interfaces/local/lib/python3.10/dist-packages/gripper_interfaces/libgripper_interfaces__rosidl_generator_py.so
[3.814s] -- Up-to-date symlink: /home/bajajauto/Dext_Hand/install/gripper_interfaces/local/lib/python3.10/dist-packages/gripper_interfaces/gripper_interfaces_s__rosidl_typesupport_fastrtps_c.cpython-310-aarch64-linux-gnu.so
[3.814s] -- Up-to-date symlink: /home/bajajauto/Dext_Hand/install/gripper_interfaces/local/lib/python3.10/dist-packages/gripper_interfaces/gripper_interfaces_s__rosidl_typesupport_introspection_c.cpython-310-aarch64-linux-gnu.so
[3.815s] -- Up-to-date symlink: /home/bajajauto/Dext_Hand/install/gripper_interfaces/local/lib/python3.10/dist-packages/gripper_interfaces/gripper_interfaces_s__rosidl_typesupport_c.cpython-310-aarch64-linux-gnu.so
[3.815s] -- Up-to-date symlink: /home/bajajauto/Dext_Hand/install/gripper_interfaces/share/gripper_interfaces/action/MoveGripper.idl
[3.815s] -- Up-to-date symlink: /home/bajajauto/Dext_Hand/install/gripper_interfaces/share/gripper_interfaces/action/MoveGripper.action
[3.815s] -- Up-to-date symlink: /home/bajajauto/Dext_Hand/install/gripper_interfaces/share/ament_index/resource_index/package_run_dependencies/gripper_interfaces
[3.816s] -- Up-to-date symlink: /home/bajajauto/Dext_Hand/install/gripper_interfaces/share/ament_index/resource_index/parent_prefix_path/gripper_interfaces
[3.816s] -- Up-to-date symlink: /home/bajajauto/Dext_Hand/install/gripper_interfaces/share/gripper_interfaces/environment/ament_prefix_path.sh
[3.816s] -- Up-to-date symlink: /home/bajajauto/Dext_Hand/install/gripper_interfaces/share/gripper_interfaces/environment/ament_prefix_path.dsv
[3.817s] -- Up-to-date symlink: /home/bajajauto/Dext_Hand/install/gripper_interfaces/share/gripper_interfaces/environment/path.sh
[3.817s] -- Up-to-date symlink: /home/bajajauto/Dext_Hand/install/gripper_interfaces/share/gripper_interfaces/environment/path.dsv
[3.817s] -- Up-to-date symlink: /home/bajajauto/Dext_Hand/install/gripper_interfaces/share/gripper_interfaces/local_setup.bash
[3.817s] -- Up-to-date symlink: /home/bajajauto/Dext_Hand/install/gripper_interfaces/share/gripper_interfaces/local_setup.sh
[3.818s] -- Up-to-date symlink: /home/bajajauto/Dext_Hand/install/gripper_interfaces/share/gripper_interfaces/local_setup.zsh
[3.818s] -- Up-to-date symlink: /home/bajajauto/Dext_Hand/install/gripper_interfaces/share/gripper_interfaces/local_setup.dsv
[3.818s] -- Symlinking: /home/bajajauto/Dext_Hand/install/gripper_interfaces/share/gripper_interfaces/package.dsv
[3.836s] -- Up-to-date symlink: /home/bajajauto/Dext_Hand/install/gripper_interfaces/share/ament_index/resource_index/packages/gripper_interfaces
[3.836s] -- Up-to-date symlink: /home/bajajauto/Dext_Hand/install/gripper_interfaces/share/gripper_interfaces/cmake/rosidl_cmake-extras.cmake
[3.836s] -- Up-to-date symlink: /home/bajajauto/Dext_Hand/install/gripper_interfaces/share/gripper_interfaces/cmake/ament_cmake_export_dependencies-extras.cmake
[3.836s] -- Up-to-date symlink: /home/bajajauto/Dext_Hand/install/gripper_interfaces/share/gripper_interfaces/cmake/ament_cmake_export_include_directories-extras.cmake
[3.837s] -- Up-to-date symlink: /home/bajajauto/Dext_Hand/install/gripper_interfaces/share/gripper_interfaces/cmake/ament_cmake_export_libraries-extras.cmake
[3.837s] -- Up-to-date symlink: /home/bajajauto/Dext_Hand/install/gripper_interfaces/share/gripper_interfaces/cmake/ament_cmake_export_targets-extras.cmake
[3.837s] -- Up-to-date symlink: /home/bajajauto/Dext_Hand/install/gripper_interfaces/share/gripper_interfaces/cmake/rosidl_cmake_export_typesupport_targets-extras.cmake
[3.838s] -- Up-to-date symlink: /home/bajajauto/Dext_Hand/install/gripper_interfaces/share/gripper_interfaces/cmake/rosidl_cmake_export_typesupport_libraries-extras.cmake
[3.838s] -- Up-to-date symlink: /home/bajajauto/Dext_Hand/install/gripper_interfaces/share/gripper_interfaces/cmake/gripper_interfacesConfig.cmake
[3.838s] -- Up-to-date symlink: /home/bajajauto/Dext_Hand/install/gripper_interfaces/share/gripper_interfaces/cmake/gripper_interfacesConfig-version.cmake
[3.838s] -- Up-to-date symlink: /home/bajajauto/Dext_Hand/install/gripper_interfaces/share/gripper_interfaces/package.xml
[3.839s] -- Up-to-date: /home/bajajauto/Dext_Hand/install/gripper_interfaces/lib/libgripper_interfaces__rosidl_generator_c.so
[3.839s] -- Up-to-date: /home/bajajauto/Dext_Hand/install/gripper_interfaces/lib/libgripper_interfaces__rosidl_typesupport_fastrtps_c.so
[3.840s] -- Up-to-date: /home/bajajauto/Dext_Hand/install/gripper_interfaces/lib/libgripper_interfaces__rosidl_typesupport_introspection_c.so
[3.840s] -- Up-to-date: /home/bajajauto/Dext_Hand/install/gripper_interfaces/lib/libgripper_interfaces__rosidl_typesupport_c.so
[3.841s] -- Up-to-date: /home/bajajauto/Dext_Hand/install/gripper_interfaces/lib/libgripper_interfaces__rosidl_typesupport_fastrtps_cpp.so
[3.841s] -- Up-to-date: /home/bajajauto/Dext_Hand/install/gripper_interfaces/lib/libgripper_interfaces__rosidl_typesupport_introspection_cpp.so
[3.842s] -- Up-to-date: /home/bajajauto/Dext_Hand/install/gripper_interfaces/lib/libgripper_interfaces__rosidl_typesupport_cpp.so
[3.904s] Listing '/home/bajajauto/Dext_Hand/install/gripper_interfaces/local/lib/python3.10/dist-packages/gripper_interfaces'...
[3.905s] Compiling '/home/bajajauto/Dext_Hand/install/gripper_interfaces/local/lib/python3.10/dist-packages/gripper_interfaces/__init__.py'...
[3.905s] Listing '/home/bajajauto/Dext_Hand/install/gripper_interfaces/local/lib/python3.10/dist-packages/gripper_interfaces/action'...
[3.915s] -- Up-to-date: /home/bajajauto/Dext_Hand/install/gripper_interfaces/lib/libgripper_interfaces__rosidl_generator_py.so
[3.916s] -- Up-to-date: /home/bajajauto/Dext_Hand/install/gripper_interfaces/share/gripper_interfaces/cmake/export_gripper_interfaces__rosidl_generator_cExport.cmake
[3.916s] -- Up-to-date: /home/bajajauto/Dext_Hand/install/gripper_interfaces/share/gripper_interfaces/cmake/export_gripper_interfaces__rosidl_generator_cExport-noconfig.cmake
[3.916s] -- Up-to-date: /home/bajajauto/Dext_Hand/install/gripper_interfaces/share/gripper_interfaces/cmake/export_gripper_interfaces__rosidl_typesupport_fastrtps_cExport.cmake
[3.917s] -- Up-to-date: /home/bajajauto/Dext_Hand/install/gripper_interfaces/share/gripper_interfaces/cmake/export_gripper_interfaces__rosidl_typesupport_fastrtps_cExport-noconfig.cmake
[3.917s] -- Up-to-date: /home/bajajauto/Dext_Hand/install/gripper_interfaces/share/gripper_interfaces/cmake/gripper_interfaces__rosidl_typesupport_introspection_cExport.cmake
[3.917s] -- Up-to-date: /home/bajajauto/Dext_Hand/install/gripper_interfaces/share/gripper_interfaces/cmake/gripper_interfaces__rosidl_typesupport_introspection_cExport-noconfig.cmake
[3.917s] -- Up-to-date: /home/bajajauto/Dext_Hand/install/gripper_interfaces/share/gripper_interfaces/cmake/gripper_interfaces__rosidl_typesupport_cExport.cmake
[3.918s] -- Up-to-date: /home/bajajauto/Dext_Hand/install/gripper_interfaces/share/gripper_interfaces/cmake/gripper_interfaces__rosidl_typesupport_cExport-noconfig.cmake
[3.918s] -- Up-to-date: /home/bajajauto/Dext_Hand/install/gripper_interfaces/share/gripper_interfaces/cmake/export_gripper_interfaces__rosidl_generator_cppExport.cmake
[3.918s] -- Up-to-date: /home/bajajauto/Dext_Hand/install/gripper_interfaces/share/gripper_interfaces/cmake/export_gripper_interfaces__rosidl_typesupport_fastrtps_cppExport.cmake
[3.918s] -- Up-to-date: /home/bajajauto/Dext_Hand/install/gripper_interfaces/share/gripper_interfaces/cmake/export_gripper_interfaces__rosidl_typesupport_fastrtps_cppExport-noconfig.cmake
[3.918s] -- Up-to-date: /home/bajajauto/Dext_Hand/install/gripper_interfaces/share/gripper_interfaces/cmake/gripper_interfaces__rosidl_typesupport_introspection_cppExport.cmake
[3.919s] -- Up-to-date: /home/bajajauto/Dext_Hand/install/gripper_interfaces/share/gripper_interfaces/cmake/gripper_interfaces__rosidl_typesupport_introspection_cppExport-noconfig.cmake
[3.919s] -- Up-to-date: /home/bajajauto/Dext_Hand/install/gripper_interfaces/share/gripper_interfaces/cmake/gripper_interfaces__rosidl_typesupport_cppExport.cmake
[3.919s] -- Up-to-date: /home/bajajauto/Dext_Hand/install/gripper_interfaces/share/gripper_interfaces/cmake/gripper_interfaces__rosidl_typesupport_cppExport-noconfig.cmake
[3.919s] -- Up-to-date: /home/bajajauto/Dext_Hand/install/gripper_interfaces/share/gripper_interfaces/cmake/export_gripper_interfaces__rosidl_generator_pyExport.cmake
[3.919s] -- Up-to-date: /home/bajajauto/Dext_Hand/install/gripper_interfaces/share/gripper_interfaces/cmake/export_gripper_interfaces__rosidl_generator_pyExport-noconfig.cmake
[3.926s] Invoked command in '/home/bajajauto/Dext_Hand/build/gripper_interfaces' returned '0': CMAKE_PREFIX_PATH=${CMAKE_PREFIX_PATH}:/home/bajajauto/Dext_Hand/install/gripper:/home/bajajauto/Dext_Hand/src/install/gripper:/opt/ros/humble /usr/bin/cmake --install /home/bajajauto/Dext_Hand/build/gripper_interfaces
