[0.205s] DEBUG:colcon:Command line arguments: ['/usr/bin/colcon', 'build', '--symlink-install']
[0.206s] DEBUG:colcon:Parsed command line arguments: Namespace(log_base=None, log_level=None, verb_name='build', build_base='build', install_base='install', merge_install=False, symlink_install=True, test_result_base=None, continue_on_error=False, executor='parallel', parallel_workers=6, event_handlers=None, ignore_user_meta=False, metas=['./colcon.meta'], base_paths=['.'], packages_ignore=None, packages_ignore_regex=None, paths=None, packages_up_to=None, packages_up_to_regex=None, packages_above=None, packages_above_and_dependencies=None, packages_above_depth=None, packages_select_by_dep=None, packages_skip_by_dep=None, packages_skip_up_to=None, packages_select_build_failed=False, packages_skip_build_finished=False, packages_select_test_failures=False, packages_skip_test_passed=False, packages_select=None, packages_skip=None, packages_select_regex=None, packages_skip_regex=None, packages_start=None, packages_end=None, allow_overriding=[], cmake_args=None, cmake_target=None, cmake_target_skip_unavailable=False, cmake_clean_cache=False, cmake_clean_first=False, cmake_force_configure=False, ament_cmake_args=None, catkin_cmake_args=None, catkin_skip_building_tests=False, mixin_files=None, mixin=None, verb_parser=<colcon_mixin.mixin.mixin_argument.MixinArgumentDecorator object at 0xffffb676b040>, verb_extension=<colcon_core.verb.build.BuildVerb object at 0xffffb68b00a0>, main=<bound method BuildVerb.main of <colcon_core.verb.build.BuildVerb object at 0xffffb68b00a0>>, mixin_verb=('build',))
[0.529s] Level 1:colcon.colcon_core.package_discovery:discover_packages(colcon_meta) check parameters
[0.529s] Level 1:colcon.colcon_core.package_discovery:discover_packages(recursive) check parameters
[0.529s] Level 1:colcon.colcon_core.package_discovery:discover_packages(ignore) check parameters
[0.529s] Level 1:colcon.colcon_core.package_discovery:discover_packages(path) check parameters
[0.529s] Level 1:colcon.colcon_core.package_discovery:discover_packages(colcon_meta) discover
[0.529s] Level 1:colcon.colcon_core.package_discovery:discover_packages(recursive) discover
[0.529s] INFO:colcon.colcon_core.package_discovery:Crawling recursively for packages in '/home/bajajauto/Dext_Hand'
[0.530s] Level 1:colcon.colcon_core.package_identification:_identify(.) by extensions ['ignore', 'ignore_ament_install']
[0.530s] Level 1:colcon.colcon_core.package_identification:_identify(.) by extension 'ignore'
[0.530s] Level 1:colcon.colcon_core.package_identification:_identify(.) by extension 'ignore_ament_install'
[0.530s] Level 1:colcon.colcon_core.package_identification:_identify(.) by extensions ['colcon_pkg']
[0.530s] Level 1:colcon.colcon_core.package_identification:_identify(.) by extension 'colcon_pkg'
[0.530s] Level 1:colcon.colcon_core.package_identification:_identify(.) by extensions ['colcon_meta']
[0.530s] Level 1:colcon.colcon_core.package_identification:_identify(.) by extension 'colcon_meta'
[0.530s] Level 1:colcon.colcon_core.package_identification:_identify(.) by extensions ['ros']
[0.530s] Level 1:colcon.colcon_core.package_identification:_identify(.) by extension 'ros'
[0.550s] Level 1:colcon.colcon_core.package_identification:_identify(.) by extensions ['cmake', 'python']
[0.551s] Level 1:colcon.colcon_core.package_identification:_identify(.) by extension 'cmake'
[0.551s] Level 1:colcon.colcon_core.package_identification:_identify(.) by extension 'python'
[0.551s] Level 1:colcon.colcon_core.package_identification:_identify(.) by extensions ['python_setup_py']
[0.551s] Level 1:colcon.colcon_core.package_identification:_identify(.) by extension 'python_setup_py'
[0.551s] Level 1:colcon.colcon_core.package_identification:_identify(build) by extensions ['ignore', 'ignore_ament_install']
[0.551s] Level 1:colcon.colcon_core.package_identification:_identify(build) by extension 'ignore'
[0.551s] Level 1:colcon.colcon_core.package_identification:_identify(build) ignored
[0.552s] Level 1:colcon.colcon_core.package_identification:_identify(install) by extensions ['ignore', 'ignore_ament_install']
[0.552s] Level 1:colcon.colcon_core.package_identification:_identify(install) by extension 'ignore'
[0.552s] Level 1:colcon.colcon_core.package_identification:_identify(install) ignored
[0.552s] Level 1:colcon.colcon_core.package_identification:_identify(log) by extensions ['ignore', 'ignore_ament_install']
[0.552s] Level 1:colcon.colcon_core.package_identification:_identify(log) by extension 'ignore'
[0.552s] Level 1:colcon.colcon_core.package_identification:_identify(log) ignored
[0.553s] Level 1:colcon.colcon_core.package_identification:_identify(src) by extensions ['ignore', 'ignore_ament_install']
[0.553s] Level 1:colcon.colcon_core.package_identification:_identify(src) by extension 'ignore'
[0.553s] Level 1:colcon.colcon_core.package_identification:_identify(src) by extension 'ignore_ament_install'
[0.553s] Level 1:colcon.colcon_core.package_identification:_identify(src) by extensions ['colcon_pkg']
[0.553s] Level 1:colcon.colcon_core.package_identification:_identify(src) by extension 'colcon_pkg'
[0.553s] Level 1:colcon.colcon_core.package_identification:_identify(src) by extensions ['colcon_meta']
[0.553s] Level 1:colcon.colcon_core.package_identification:_identify(src) by extension 'colcon_meta'
[0.553s] Level 1:colcon.colcon_core.package_identification:_identify(src) by extensions ['ros']
[0.553s] Level 1:colcon.colcon_core.package_identification:_identify(src) by extension 'ros'
[0.553s] Level 1:colcon.colcon_core.package_identification:_identify(src) by extensions ['cmake', 'python']
[0.553s] Level 1:colcon.colcon_core.package_identification:_identify(src) by extension 'cmake'
[0.554s] Level 1:colcon.colcon_core.package_identification:_identify(src) by extension 'python'
[0.554s] Level 1:colcon.colcon_core.package_identification:_identify(src) by extensions ['python_setup_py']
[0.554s] Level 1:colcon.colcon_core.package_identification:_identify(src) by extension 'python_setup_py'
[0.554s] Level 1:colcon.colcon_core.package_identification:_identify(src/gripper) by extensions ['ignore', 'ignore_ament_install']
[0.554s] Level 1:colcon.colcon_core.package_identification:_identify(src/gripper) by extension 'ignore'
[0.554s] Level 1:colcon.colcon_core.package_identification:_identify(src/gripper) by extension 'ignore_ament_install'
[0.554s] Level 1:colcon.colcon_core.package_identification:_identify(src/gripper) by extensions ['colcon_pkg']
[0.554s] Level 1:colcon.colcon_core.package_identification:_identify(src/gripper) by extension 'colcon_pkg'
[0.554s] Level 1:colcon.colcon_core.package_identification:_identify(src/gripper) by extensions ['colcon_meta']
[0.554s] Level 1:colcon.colcon_core.package_identification:_identify(src/gripper) by extension 'colcon_meta'
[0.554s] Level 1:colcon.colcon_core.package_identification:_identify(src/gripper) by extensions ['ros']
[0.555s] Level 1:colcon.colcon_core.package_identification:_identify(src/gripper) by extension 'ros'
[0.559s] DEBUG:colcon.colcon_core.package_identification:Package 'src/gripper' with type 'ros.ament_python' and name 'gripper'
[0.559s] Level 1:colcon.colcon_core.package_identification:_identify(src/gripper_interfaces) by extensions ['ignore', 'ignore_ament_install']
[0.559s] Level 1:colcon.colcon_core.package_identification:_identify(src/gripper_interfaces) by extension 'ignore'
[0.559s] Level 1:colcon.colcon_core.package_identification:_identify(src/gripper_interfaces) by extension 'ignore_ament_install'
[0.560s] Level 1:colcon.colcon_core.package_identification:_identify(src/gripper_interfaces) by extensions ['colcon_pkg']
[0.560s] Level 1:colcon.colcon_core.package_identification:_identify(src/gripper_interfaces) by extension 'colcon_pkg'
[0.560s] Level 1:colcon.colcon_core.package_identification:_identify(src/gripper_interfaces) by extensions ['colcon_meta']
[0.560s] Level 1:colcon.colcon_core.package_identification:_identify(src/gripper_interfaces) by extension 'colcon_meta'
[0.560s] Level 1:colcon.colcon_core.package_identification:_identify(src/gripper_interfaces) by extensions ['ros']
[0.560s] Level 1:colcon.colcon_core.package_identification:_identify(src/gripper_interfaces) by extension 'ros'
[0.561s] DEBUG:colcon.colcon_core.package_identification:Package 'src/gripper_interfaces' with type 'ros.ament_cmake' and name 'gripper_interfaces'
[0.561s] Level 1:colcon.colcon_core.package_discovery:discover_packages(recursive) using defaults
[0.561s] Level 1:colcon.colcon_core.package_discovery:discover_packages(ignore) discover
[0.561s] Level 1:colcon.colcon_core.package_discovery:discover_packages(ignore) using defaults
[0.561s] Level 1:colcon.colcon_core.package_discovery:discover_packages(path) discover
[0.561s] Level 1:colcon.colcon_core.package_discovery:discover_packages(path) using defaults
[0.625s] Level 1:colcon.colcon_core.package_discovery:discover_packages(prefix_path) check parameters
[0.625s] Level 1:colcon.colcon_core.package_discovery:discover_packages(prefix_path) discover
[0.627s] WARNING:colcon.colcon_core.prefix_path.colcon:The path '/home/bajajauto/Dext_Hand/src/install' in the environment variable COLCON_PREFIX_PATH doesn't exist
[0.627s] WARNING:colcon.colcon_ros.prefix_path.ament:The path '/home/bajajauto/Dext_Hand/src/install/gripper' in the environment variable AMENT_PREFIX_PATH doesn't exist
[0.629s] DEBUG:colcon.colcon_installed_package_information.package_discovery:Found 2 installed packages in /home/bajajauto/Dext_Hand/install
[0.631s] DEBUG:colcon.colcon_installed_package_information.package_discovery:Found 390 installed packages in /opt/ros/humble
[0.634s] Level 1:colcon.colcon_core.package_discovery:discover_packages(prefix_path) using defaults
[0.725s] Level 5:colcon.colcon_core.verb:set package 'gripper_interfaces' build argument 'cmake_args' from command line to 'None'
[0.725s] Level 5:colcon.colcon_core.verb:set package 'gripper_interfaces' build argument 'cmake_target' from command line to 'None'
[0.725s] Level 5:colcon.colcon_core.verb:set package 'gripper_interfaces' build argument 'cmake_target_skip_unavailable' from command line to 'False'
[0.725s] Level 5:colcon.colcon_core.verb:set package 'gripper_interfaces' build argument 'cmake_clean_cache' from command line to 'False'
[0.725s] Level 5:colcon.colcon_core.verb:set package 'gripper_interfaces' build argument 'cmake_clean_first' from command line to 'False'
[0.725s] Level 5:colcon.colcon_core.verb:set package 'gripper_interfaces' build argument 'cmake_force_configure' from command line to 'False'
[0.725s] Level 5:colcon.colcon_core.verb:set package 'gripper_interfaces' build argument 'ament_cmake_args' from command line to 'None'
[0.725s] Level 5:colcon.colcon_core.verb:set package 'gripper_interfaces' build argument 'catkin_cmake_args' from command line to 'None'
[0.725s] Level 5:colcon.colcon_core.verb:set package 'gripper_interfaces' build argument 'catkin_skip_building_tests' from command line to 'False'
[0.725s] DEBUG:colcon.colcon_core.verb:Building package 'gripper_interfaces' with the following arguments: {'ament_cmake_args': None, 'build_base': '/home/bajajauto/Dext_Hand/build/gripper_interfaces', 'catkin_cmake_args': None, 'catkin_skip_building_tests': False, 'cmake_args': None, 'cmake_clean_cache': False, 'cmake_clean_first': False, 'cmake_force_configure': False, 'cmake_target': None, 'cmake_target_skip_unavailable': False, 'install_base': '/home/bajajauto/Dext_Hand/install/gripper_interfaces', 'merge_install': False, 'path': '/home/bajajauto/Dext_Hand/src/gripper_interfaces', 'symlink_install': True, 'test_result_base': None}
[0.726s] Level 5:colcon.colcon_core.verb:set package 'gripper' build argument 'cmake_args' from command line to 'None'
[0.726s] Level 5:colcon.colcon_core.verb:set package 'gripper' build argument 'cmake_target' from command line to 'None'
[0.726s] Level 5:colcon.colcon_core.verb:set package 'gripper' build argument 'cmake_target_skip_unavailable' from command line to 'False'
[0.726s] Level 5:colcon.colcon_core.verb:set package 'gripper' build argument 'cmake_clean_cache' from command line to 'False'
[0.726s] Level 5:colcon.colcon_core.verb:set package 'gripper' build argument 'cmake_clean_first' from command line to 'False'
[0.726s] Level 5:colcon.colcon_core.verb:set package 'gripper' build argument 'cmake_force_configure' from command line to 'False'
[0.726s] Level 5:colcon.colcon_core.verb:set package 'gripper' build argument 'ament_cmake_args' from command line to 'None'
[0.726s] Level 5:colcon.colcon_core.verb:set package 'gripper' build argument 'catkin_cmake_args' from command line to 'None'
[0.726s] Level 5:colcon.colcon_core.verb:set package 'gripper' build argument 'catkin_skip_building_tests' from command line to 'False'
[0.726s] DEBUG:colcon.colcon_core.verb:Building package 'gripper' with the following arguments: {'ament_cmake_args': None, 'build_base': '/home/bajajauto/Dext_Hand/build/gripper', 'catkin_cmake_args': None, 'catkin_skip_building_tests': False, 'cmake_args': None, 'cmake_clean_cache': False, 'cmake_clean_first': False, 'cmake_force_configure': False, 'cmake_target': None, 'cmake_target_skip_unavailable': False, 'install_base': '/home/bajajauto/Dext_Hand/install/gripper', 'merge_install': False, 'path': '/home/bajajauto/Dext_Hand/src/gripper', 'symlink_install': True, 'test_result_base': None}
[0.726s] INFO:colcon.colcon_core.executor:Executing jobs using 'parallel' executor
[0.729s] DEBUG:colcon.colcon_parallel_executor.executor.parallel:run_until_complete
[0.729s] INFO:colcon.colcon_ros.task.ament_cmake.build:Building ROS package in '/home/bajajauto/Dext_Hand/src/gripper_interfaces' with build type 'ament_cmake'
[0.730s] INFO:colcon.colcon_cmake.task.cmake.build:Building CMake package in '/home/bajajauto/Dext_Hand/src/gripper_interfaces'
[0.733s] INFO:colcon.colcon_core.plugin_system:Skipping extension 'colcon_core.shell.bat': Not used on non-Windows systems
[0.733s] INFO:colcon.colcon_core.shell:Skip shell extension 'powershell' for command environment: Not usable outside of PowerShell
[0.733s] DEBUG:colcon.colcon_core.shell:Skip shell extension 'dsv' for command environment
[0.768s] DEBUG:colcon.colcon_core.event_handler.log_command:Invoking command in '/home/bajajauto/Dext_Hand/build/gripper_interfaces': CMAKE_PREFIX_PATH=${CMAKE_PREFIX_PATH}:/home/bajajauto/Dext_Hand/install/gripper:/home/bajajauto/Dext_Hand/src/install/gripper:/opt/ros/humble /usr/bin/cmake /home/bajajauto/Dext_Hand/src/gripper_interfaces -DAMENT_CMAKE_SYMLINK_INSTALL=1 -DCMAKE_INSTALL_PREFIX=/home/bajajauto/Dext_Hand/install/gripper_interfaces
[3.755s] DEBUG:colcon.colcon_core.event_handler.log_command:Invoked command in '/home/bajajauto/Dext_Hand/build/gripper_interfaces' returned '0': CMAKE_PREFIX_PATH=${CMAKE_PREFIX_PATH}:/home/bajajauto/Dext_Hand/install/gripper:/home/bajajauto/Dext_Hand/src/install/gripper:/opt/ros/humble /usr/bin/cmake /home/bajajauto/Dext_Hand/src/gripper_interfaces -DAMENT_CMAKE_SYMLINK_INSTALL=1 -DCMAKE_INSTALL_PREFIX=/home/bajajauto/Dext_Hand/install/gripper_interfaces
[3.760s] DEBUG:colcon.colcon_core.event_handler.log_command:Invoking command in '/home/bajajauto/Dext_Hand/build/gripper_interfaces': CMAKE_PREFIX_PATH=${CMAKE_PREFIX_PATH}:/home/bajajauto/Dext_Hand/install/gripper:/home/bajajauto/Dext_Hand/src/install/gripper:/opt/ros/humble /usr/bin/cmake --build /home/bajajauto/Dext_Hand/build/gripper_interfaces -- -j6 -l6
[4.488s] DEBUG:colcon.colcon_core.event_handler.log_command:Invoked command in '/home/bajajauto/Dext_Hand/build/gripper_interfaces' returned '0': CMAKE_PREFIX_PATH=${CMAKE_PREFIX_PATH}:/home/bajajauto/Dext_Hand/install/gripper:/home/bajajauto/Dext_Hand/src/install/gripper:/opt/ros/humble /usr/bin/cmake --build /home/bajajauto/Dext_Hand/build/gripper_interfaces -- -j6 -l6
[4.511s] DEBUG:colcon.colcon_core.event_handler.log_command:Invoking command in '/home/bajajauto/Dext_Hand/build/gripper_interfaces': CMAKE_PREFIX_PATH=${CMAKE_PREFIX_PATH}:/home/bajajauto/Dext_Hand/install/gripper:/home/bajajauto/Dext_Hand/src/install/gripper:/opt/ros/humble /usr/bin/cmake --install /home/bajajauto/Dext_Hand/build/gripper_interfaces
[4.654s] Level 1:colcon.colcon_core.environment:create_environment_scripts_only(gripper_interfaces)
[4.656s] DEBUG:colcon.colcon_core.event_handler.log_command:Invoked command in '/home/bajajauto/Dext_Hand/build/gripper_interfaces' returned '0': CMAKE_PREFIX_PATH=${CMAKE_PREFIX_PATH}:/home/bajajauto/Dext_Hand/install/gripper:/home/bajajauto/Dext_Hand/src/install/gripper:/opt/ros/humble /usr/bin/cmake --install /home/bajajauto/Dext_Hand/build/gripper_interfaces
[4.664s] Level 1:colcon.colcon_core.environment:checking '/home/bajajauto/Dext_Hand/install/gripper_interfaces' for CMake module files
[4.666s] Level 1:colcon.colcon_core.environment:checking '/home/bajajauto/Dext_Hand/install/gripper_interfaces' for CMake config files
[4.668s] Level 1:colcon.colcon_core.shell:create_environment_hook('gripper_interfaces', 'cmake_prefix_path')
[4.669s] INFO:colcon.colcon_core.shell:Creating environment hook '/home/bajajauto/Dext_Hand/install/gripper_interfaces/share/gripper_interfaces/hook/cmake_prefix_path.ps1'
[4.671s] INFO:colcon.colcon_core.shell:Creating environment descriptor '/home/bajajauto/Dext_Hand/install/gripper_interfaces/share/gripper_interfaces/hook/cmake_prefix_path.dsv'
[4.673s] INFO:colcon.colcon_core.shell:Creating environment hook '/home/bajajauto/Dext_Hand/install/gripper_interfaces/share/gripper_interfaces/hook/cmake_prefix_path.sh'
[4.676s] Level 1:colcon.colcon_core.environment:checking '/home/bajajauto/Dext_Hand/install/gripper_interfaces/lib'
[4.676s] Level 1:colcon.colcon_core.shell:create_environment_hook('gripper_interfaces', 'ld_library_path_lib')
[4.677s] INFO:colcon.colcon_core.shell:Creating environment hook '/home/bajajauto/Dext_Hand/install/gripper_interfaces/share/gripper_interfaces/hook/ld_library_path_lib.ps1'
[4.679s] INFO:colcon.colcon_core.shell:Creating environment descriptor '/home/bajajauto/Dext_Hand/install/gripper_interfaces/share/gripper_interfaces/hook/ld_library_path_lib.dsv'
[4.680s] INFO:colcon.colcon_core.shell:Creating environment hook '/home/bajajauto/Dext_Hand/install/gripper_interfaces/share/gripper_interfaces/hook/ld_library_path_lib.sh'
[4.681s] Level 1:colcon.colcon_core.environment:checking '/home/bajajauto/Dext_Hand/install/gripper_interfaces/bin'
[4.681s] Level 1:colcon.colcon_core.environment:checking '/home/bajajauto/Dext_Hand/install/gripper_interfaces/lib/pkgconfig/gripper_interfaces.pc'
[4.682s] Level 1:colcon.colcon_core.environment:checking '/home/bajajauto/Dext_Hand/install/gripper_interfaces/lib/python3.10/site-packages'
[4.682s] Level 1:colcon.colcon_core.environment:checking '/home/bajajauto/Dext_Hand/install/gripper_interfaces/bin'
[4.683s] INFO:colcon.colcon_core.shell:Creating package script '/home/bajajauto/Dext_Hand/install/gripper_interfaces/share/gripper_interfaces/package.ps1'
[4.686s] INFO:colcon.colcon_core.shell:Creating package descriptor '/home/bajajauto/Dext_Hand/install/gripper_interfaces/share/gripper_interfaces/package.dsv'
[4.687s] INFO:colcon.colcon_core.shell:Creating package script '/home/bajajauto/Dext_Hand/install/gripper_interfaces/share/gripper_interfaces/package.sh'
[4.689s] INFO:colcon.colcon_core.shell:Creating package script '/home/bajajauto/Dext_Hand/install/gripper_interfaces/share/gripper_interfaces/package.bash'
[4.691s] INFO:colcon.colcon_core.shell:Creating package script '/home/bajajauto/Dext_Hand/install/gripper_interfaces/share/gripper_interfaces/package.zsh'
[4.692s] Level 1:colcon.colcon_core.environment:create_file_with_runtime_dependencies(/home/bajajauto/Dext_Hand/install/gripper_interfaces/share/colcon-core/packages/gripper_interfaces)
[4.694s] Level 1:colcon.colcon_core.environment:create_environment_scripts_only(gripper_interfaces)
[4.694s] Level 1:colcon.colcon_core.environment:checking '/home/bajajauto/Dext_Hand/install/gripper_interfaces' for CMake module files
[4.696s] Level 1:colcon.colcon_core.environment:checking '/home/bajajauto/Dext_Hand/install/gripper_interfaces' for CMake config files
[4.698s] Level 1:colcon.colcon_core.shell:create_environment_hook('gripper_interfaces', 'cmake_prefix_path')
[4.698s] INFO:colcon.colcon_core.shell:Creating environment hook '/home/bajajauto/Dext_Hand/install/gripper_interfaces/share/gripper_interfaces/hook/cmake_prefix_path.ps1'
[4.700s] INFO:colcon.colcon_core.shell:Creating environment descriptor '/home/bajajauto/Dext_Hand/install/gripper_interfaces/share/gripper_interfaces/hook/cmake_prefix_path.dsv'
[4.701s] INFO:colcon.colcon_core.shell:Creating environment hook '/home/bajajauto/Dext_Hand/install/gripper_interfaces/share/gripper_interfaces/hook/cmake_prefix_path.sh'
[4.702s] Level 1:colcon.colcon_core.environment:checking '/home/bajajauto/Dext_Hand/install/gripper_interfaces/lib'
[4.702s] Level 1:colcon.colcon_core.shell:create_environment_hook('gripper_interfaces', 'ld_library_path_lib')
[4.703s] INFO:colcon.colcon_core.shell:Creating environment hook '/home/bajajauto/Dext_Hand/install/gripper_interfaces/share/gripper_interfaces/hook/ld_library_path_lib.ps1'
[4.704s] INFO:colcon.colcon_core.shell:Creating environment descriptor '/home/bajajauto/Dext_Hand/install/gripper_interfaces/share/gripper_interfaces/hook/ld_library_path_lib.dsv'
[4.706s] INFO:colcon.colcon_core.shell:Creating environment hook '/home/bajajauto/Dext_Hand/install/gripper_interfaces/share/gripper_interfaces/hook/ld_library_path_lib.sh'
[4.707s] Level 1:colcon.colcon_core.environment:checking '/home/bajajauto/Dext_Hand/install/gripper_interfaces/bin'
[4.707s] Level 1:colcon.colcon_core.environment:checking '/home/bajajauto/Dext_Hand/install/gripper_interfaces/lib/pkgconfig/gripper_interfaces.pc'
[4.707s] Level 1:colcon.colcon_core.environment:checking '/home/bajajauto/Dext_Hand/install/gripper_interfaces/lib/python3.10/site-packages'
[4.708s] Level 1:colcon.colcon_core.environment:checking '/home/bajajauto/Dext_Hand/install/gripper_interfaces/bin'
[4.709s] INFO:colcon.colcon_core.shell:Creating package script '/home/bajajauto/Dext_Hand/install/gripper_interfaces/share/gripper_interfaces/package.ps1'
[4.711s] INFO:colcon.colcon_core.shell:Creating package descriptor '/home/bajajauto/Dext_Hand/install/gripper_interfaces/share/gripper_interfaces/package.dsv'
[4.712s] INFO:colcon.colcon_core.shell:Creating package script '/home/bajajauto/Dext_Hand/install/gripper_interfaces/share/gripper_interfaces/package.sh'
[4.713s] INFO:colcon.colcon_core.shell:Creating package script '/home/bajajauto/Dext_Hand/install/gripper_interfaces/share/gripper_interfaces/package.bash'
[4.714s] INFO:colcon.colcon_core.shell:Creating package script '/home/bajajauto/Dext_Hand/install/gripper_interfaces/share/gripper_interfaces/package.zsh'
[4.715s] Level 1:colcon.colcon_core.environment:create_file_with_runtime_dependencies(/home/bajajauto/Dext_Hand/install/gripper_interfaces/share/colcon-core/packages/gripper_interfaces)
[4.722s] INFO:colcon.colcon_ros.task.ament_python.build:Building ROS package in '/home/bajajauto/Dext_Hand/src/gripper' with build type 'ament_python'
[4.722s] Level 1:colcon.colcon_core.shell:create_environment_hook('gripper', 'ament_prefix_path')
[4.723s] INFO:colcon.colcon_core.shell:Creating environment hook '/home/bajajauto/Dext_Hand/install/gripper/share/gripper/hook/ament_prefix_path.ps1'
[4.725s] INFO:colcon.colcon_core.shell:Creating environment descriptor '/home/bajajauto/Dext_Hand/install/gripper/share/gripper/hook/ament_prefix_path.dsv'
[4.726s] INFO:colcon.colcon_core.shell:Creating environment hook '/home/bajajauto/Dext_Hand/install/gripper/share/gripper/hook/ament_prefix_path.sh'
[4.728s] INFO:colcon.colcon_core.shell:Skip shell extension 'powershell' for command environment: Not usable outside of PowerShell
[4.728s] DEBUG:colcon.colcon_core.shell:Skip shell extension 'dsv' for command environment
[5.246s] INFO:colcon.colcon_core.task.python.build:Building Python package in '/home/bajajauto/Dext_Hand/src/gripper'
[5.246s] INFO:colcon.colcon_core.shell:Skip shell extension 'powershell' for command environment: Not usable outside of PowerShell
[5.247s] DEBUG:colcon.colcon_core.shell:Skip shell extension 'dsv' for command environment
[6.004s] DEBUG:colcon.colcon_core.task.python.build:While undoing a previous installation files outside the Python library path are being ignored: /home/bajajauto/Dext_Hand/install/gripper/share/ament_index/resource_index/packages/gripper
[6.004s] DEBUG:colcon.colcon_core.task.python.build:While undoing a previous installation files outside the Python library path are being ignored: /home/bajajauto/Dext_Hand/install/gripper/share/gripper/package.xml
[6.005s] DEBUG:colcon.colcon_core.task.python.build:While undoing a previous installation files outside the Python library path are being ignored: /home/bajajauto/Dext_Hand/install/gripper/lib/gripper/gripper_action_client
[6.005s] DEBUG:colcon.colcon_core.task.python.build:While undoing a previous installation files outside the Python library path are being ignored: /home/bajajauto/Dext_Hand/install/gripper/lib/gripper/gripper_action_server
[6.005s] DEBUG:colcon.colcon_core.task.python.build:While undoing a previous installation files outside the Python library path are being ignored: /home/bajajauto/Dext_Hand/install/gripper/lib/gripper/gripper_position_publisher
[6.005s] DEBUG:colcon.colcon_core.task.python.build:While undoing a previous installation files outside the Python library path are being ignored: /home/bajajauto/Dext_Hand/install/gripper/lib/gripper/tcp_rec_publisher
[6.012s] DEBUG:colcon.colcon_core.event_handler.log_command:Invoking command in '/home/bajajauto/Dext_Hand/build/gripper': LD_LIBRARY_PATH=/home/bajajauto/Dext_Hand/install/gripper_interfaces/lib:/opt/ros/humble/opt/rviz_ogre_vendor/lib:/opt/ros/humble/lib/aarch64-linux-gnu:/opt/ros/humble/lib:/usr/local/cuda/lib64 PYTHONPATH=/home/bajajauto/Dext_Hand/build/gripper/prefix_override:/usr/lib/python3/dist-packages/colcon_core/task/python/colcon_distutils_commands:/home/bajajauto/Dext_Hand/install/gripper/lib/python3.10/site-packages:${PYTHONPATH} /usr/bin/python3 -W ignore:setup.py install is deprecated -W ignore:easy_install command is deprecated setup.py develop --editable --build-directory /home/bajajauto/Dext_Hand/build/gripper/build --no-deps symlink_data --force
[6.936s] Level 1:colcon.colcon_core.shell:create_environment_hook('gripper', 'pythonpath_develop')
[6.937s] INFO:colcon.colcon_core.shell:Creating environment hook '/home/bajajauto/Dext_Hand/build/gripper/share/gripper/hook/pythonpath_develop.ps1'
[6.938s] DEBUG:colcon.colcon_core.event_handler.log_command:Invoked command in '/home/bajajauto/Dext_Hand/build/gripper' returned '0': LD_LIBRARY_PATH=/home/bajajauto/Dext_Hand/install/gripper_interfaces/lib:/opt/ros/humble/opt/rviz_ogre_vendor/lib:/opt/ros/humble/lib/aarch64-linux-gnu:/opt/ros/humble/lib:/usr/local/cuda/lib64 PYTHONPATH=/home/bajajauto/Dext_Hand/build/gripper/prefix_override:/usr/lib/python3/dist-packages/colcon_core/task/python/colcon_distutils_commands:/home/bajajauto/Dext_Hand/install/gripper/lib/python3.10/site-packages:${PYTHONPATH} /usr/bin/python3 -W ignore:setup.py install is deprecated -W ignore:easy_install command is deprecated setup.py develop --editable --build-directory /home/bajajauto/Dext_Hand/build/gripper/build --no-deps symlink_data --force
[6.941s] INFO:colcon.colcon_core.shell:Creating environment descriptor '/home/bajajauto/Dext_Hand/build/gripper/share/gripper/hook/pythonpath_develop.dsv'
[6.943s] INFO:colcon.colcon_core.shell:Creating environment hook '/home/bajajauto/Dext_Hand/build/gripper/share/gripper/hook/pythonpath_develop.sh'
[6.945s] Level 1:colcon.colcon_core.environment:checking '/home/bajajauto/Dext_Hand/install/gripper' for CMake module files
[6.946s] Level 1:colcon.colcon_core.environment:checking '/home/bajajauto/Dext_Hand/install/gripper' for CMake config files
[6.948s] Level 1:colcon.colcon_core.environment:checking '/home/bajajauto/Dext_Hand/install/gripper/lib'
[6.948s] Level 1:colcon.colcon_core.environment:checking '/home/bajajauto/Dext_Hand/install/gripper/bin'
[6.949s] Level 1:colcon.colcon_core.environment:checking '/home/bajajauto/Dext_Hand/install/gripper/lib/pkgconfig/gripper.pc'
[6.950s] Level 1:colcon.colcon_core.environment:checking '/home/bajajauto/Dext_Hand/install/gripper/lib/python3.10/site-packages'
[6.950s] Level 1:colcon.colcon_core.shell:create_environment_hook('gripper', 'pythonpath')
[6.951s] INFO:colcon.colcon_core.shell:Creating environment hook '/home/bajajauto/Dext_Hand/install/gripper/share/gripper/hook/pythonpath.ps1'
[6.952s] INFO:colcon.colcon_core.shell:Creating environment descriptor '/home/bajajauto/Dext_Hand/install/gripper/share/gripper/hook/pythonpath.dsv'
[6.954s] INFO:colcon.colcon_core.shell:Creating environment hook '/home/bajajauto/Dext_Hand/install/gripper/share/gripper/hook/pythonpath.sh'
[6.956s] Level 1:colcon.colcon_core.environment:checking '/home/bajajauto/Dext_Hand/install/gripper/bin'
[6.957s] Level 1:colcon.colcon_core.environment:create_environment_scripts_only(gripper)
[6.958s] INFO:colcon.colcon_core.shell:Creating package script '/home/bajajauto/Dext_Hand/install/gripper/share/gripper/package.ps1'
[6.960s] INFO:colcon.colcon_core.shell:Creating package descriptor '/home/bajajauto/Dext_Hand/install/gripper/share/gripper/package.dsv'
[6.962s] INFO:colcon.colcon_core.shell:Creating package script '/home/bajajauto/Dext_Hand/install/gripper/share/gripper/package.sh'
[6.964s] INFO:colcon.colcon_core.shell:Creating package script '/home/bajajauto/Dext_Hand/install/gripper/share/gripper/package.bash'
[6.965s] INFO:colcon.colcon_core.shell:Creating package script '/home/bajajauto/Dext_Hand/install/gripper/share/gripper/package.zsh'
[6.966s] Level 1:colcon.colcon_core.environment:create_file_with_runtime_dependencies(/home/bajajauto/Dext_Hand/install/gripper/share/colcon-core/packages/gripper)
[6.967s] DEBUG:colcon.colcon_parallel_executor.executor.parallel:closing loop
[6.968s] DEBUG:colcon.colcon_parallel_executor.executor.parallel:loop closed
[6.969s] DEBUG:colcon.colcon_parallel_executor.executor.parallel:run_until_complete finished with '0'
[6.969s] DEBUG:colcon.colcon_core.event_reactor:joining thread
[6.988s] INFO:colcon.colcon_core.plugin_system:Skipping extension 'colcon_notification.desktop_notification.terminal_notifier': Not used on non-Darwin systems
[6.988s] INFO:colcon.colcon_core.plugin_system:Skipping extension 'colcon_notification.desktop_notification.win32': Not used on non-Windows systems
[6.989s] INFO:colcon.colcon_notification.desktop_notification:Sending desktop notification using 'notify2'
[7.030s] DEBUG:colcon.colcon_core.event_reactor:joined thread
[7.032s] INFO:colcon.colcon_core.shell:Creating prefix script '/home/bajajauto/Dext_Hand/install/local_setup.ps1'
[7.036s] INFO:colcon.colcon_core.shell:Creating prefix util module '/home/bajajauto/Dext_Hand/install/_local_setup_util_ps1.py'
[7.040s] INFO:colcon.colcon_core.shell:Creating prefix chain script '/home/bajajauto/Dext_Hand/install/setup.ps1'
[7.043s] INFO:colcon.colcon_core.shell:Creating prefix script '/home/bajajauto/Dext_Hand/install/local_setup.sh'
[7.045s] INFO:colcon.colcon_core.shell:Creating prefix util module '/home/bajajauto/Dext_Hand/install/_local_setup_util_sh.py'
[7.048s] INFO:colcon.colcon_core.shell:Creating prefix chain script '/home/bajajauto/Dext_Hand/install/setup.sh'
[7.052s] INFO:colcon.colcon_core.shell:Creating prefix script '/home/bajajauto/Dext_Hand/install/local_setup.bash'
[7.054s] INFO:colcon.colcon_core.shell:Creating prefix chain script '/home/bajajauto/Dext_Hand/install/setup.bash'
[7.057s] INFO:colcon.colcon_core.shell:Creating prefix script '/home/bajajauto/Dext_Hand/install/local_setup.zsh'
[7.058s] INFO:colcon.colcon_core.shell:Creating prefix chain script '/home/bajajauto/Dext_Hand/install/setup.zsh'
