running develop
Removing /home/bajajauto/Dext_Hand/install/gripper/lib/python3.10/site-packages/gripper.egg-link (link to .)
running egg_info
writing ../../build/gripper/gripper.egg-info/PKG-INFO
writing dependency_links to ../../build/gripper/gripper.egg-info/dependency_links.txt
writing entry points to ../../build/gripper/gripper.egg-info/entry_points.txt
writing requirements to ../../build/gripper/gripper.egg-info/requires.txt
writing top-level names to ../../build/gripper/gripper.egg-info/top_level.txt
reading manifest file '../../build/gripper/gripper.egg-info/SOURCES.txt'
writing manifest file '../../build/gripper/gripper.egg-info/SOURCES.txt'
running build
running build_py
copying gripper/tcp_rec_publisher.py -> /home/bajajauto/Dext_Hand/build/gripper/build/lib/gripper
running install
running install_lib
copying /home/bajajauto/Dext_Hand/build/gripper/build/lib/gripper/gripper_action_server.py -> /home/bajajauto/Dext_Hand/install/gripper/lib/python3.10/site-packages/gripper
copying /home/bajajauto/Dext_Hand/build/gripper/build/lib/gripper/tcp_data_subscriber.py -> /home/bajajauto/Dext_Hand/install/gripper/lib/python3.10/site-packages/gripper
copying /home/bajajauto/Dext_Hand/build/gripper/build/lib/gripper/tcp_rec_publisher.py -> /home/bajajauto/Dext_Hand/install/gripper/lib/python3.10/site-packages/gripper
copying /home/bajajauto/Dext_Hand/build/gripper/build/lib/gripper/gripper_driver.py -> /home/bajajauto/Dext_Hand/install/gripper/lib/python3.10/site-packages/gripper
copying /home/bajajauto/Dext_Hand/build/gripper/build/lib/gripper/gripper_action_client.py -> /home/bajajauto/Dext_Hand/install/gripper/lib/python3.10/site-packages/gripper
copying /home/bajajauto/Dext_Hand/build/gripper/build/lib/gripper/__init__.py -> /home/bajajauto/Dext_Hand/install/gripper/lib/python3.10/site-packages/gripper
copying /home/bajajauto/Dext_Hand/build/gripper/build/lib/gripper/gripper_position_publisher.py -> /home/bajajauto/Dext_Hand/install/gripper/lib/python3.10/site-packages/gripper
byte-compiling /home/bajajauto/Dext_Hand/install/gripper/lib/python3.10/site-packages/gripper/gripper_action_server.py to gripper_action_server.cpython-310.pyc
byte-compiling /home/bajajauto/Dext_Hand/install/gripper/lib/python3.10/site-packages/gripper/tcp_data_subscriber.py to tcp_data_subscriber.cpython-310.pyc
byte-compiling /home/bajajauto/Dext_Hand/install/gripper/lib/python3.10/site-packages/gripper/tcp_rec_publisher.py to tcp_rec_publisher.cpython-310.pyc
byte-compiling /home/bajajauto/Dext_Hand/install/gripper/lib/python3.10/site-packages/gripper/gripper_driver.py to gripper_driver.cpython-310.pyc
byte-compiling /home/bajajauto/Dext_Hand/install/gripper/lib/python3.10/site-packages/gripper/gripper_action_client.py to gripper_action_client.cpython-310.pyc
byte-compiling /home/bajajauto/Dext_Hand/install/gripper/lib/python3.10/site-packages/gripper/__init__.py to __init__.cpython-310.pyc
byte-compiling /home/bajajauto/Dext_Hand/install/gripper/lib/python3.10/site-packages/gripper/gripper_position_publisher.py to gripper_position_publisher.cpython-310.pyc
running install_data
copying resource/gripper -> /home/bajajauto/Dext_Hand/install/gripper/share/ament_index/resource_index/packages
copying package.xml -> /home/bajajauto/Dext_Hand/install/gripper/share/gripper
running install_egg_info
Copying ../../build/gripper/gripper.egg-info to /home/bajajauto/Dext_Hand/install/gripper/lib/python3.10/site-packages/gripper-0.0.0-py3.10.egg-info
running install_scripts
Installing gripper_action_client script to /home/bajajauto/Dext_Hand/install/gripper/lib/gripper
Installing gripper_action_server script to /home/bajajauto/Dext_Hand/install/gripper/lib/gripper
Installing gripper_position_publisher script to /home/bajajauto/Dext_Hand/install/gripper/lib/gripper
Installing tcp_rec_publisher script to /home/bajajauto/Dext_Hand/install/gripper/lib/gripper
writing list of installed files to '/home/bajajauto/Dext_Hand/build/gripper/install.log'
