[1.265s] Invoking command in '/home/bajajauto/Dext_Hand/build/gripper': LD_LIBRARY_PATH=/home/bajajauto/Dext_Hand/install/gripper_interfaces/lib:/home/bajajauto/Dext_Hand/install/gripper/lib:/opt/ros/humble/opt/rviz_ogre_vendor/lib:/opt/ros/humble/lib/aarch64-linux-gnu:/opt/ros/humble/lib:/usr/local/cuda/lib64 PYTHONPATH=/home/bajajauto/Dext_Hand/build/gripper/prefix_override:/usr/lib/python3/dist-packages/colcon_core/task/python/colcon_distutils_commands:/home/bajajauto/Dext_Hand/install/gripper/lib/python3.10/site-packages:${PYTHONPATH} /usr/bin/python3 -W ignore:setup.py install is deprecated -W ignore:easy_install command is deprecated setup.py develop --editable --build-directory /home/bajajauto/Dext_Hand/build/gripper/build --no-deps symlink_data
[1.767s] running develop
[2.089s] running egg_info
[2.090s] creating gripper.egg-info
[2.090s] writing gripper.egg-info/PKG-INFO
[2.091s] writing dependency_links to gripper.egg-info/dependency_links.txt
[2.091s] writing entry points to gripper.egg-info/entry_points.txt
[2.091s] writing requirements to gripper.egg-info/requires.txt
[2.091s] writing top-level names to gripper.egg-info/top_level.txt
[2.092s] writing manifest file 'gripper.egg-info/SOURCES.txt'
[2.094s] reading manifest file 'gripper.egg-info/SOURCES.txt'
[2.095s] writing manifest file 'gripper.egg-info/SOURCES.txt'
[2.098s] running build_ext
[2.099s] Creating /home/bajajauto/Dext_Hand/install/gripper/lib/python3.10/site-packages/gripper.egg-link (link to .)
[2.100s] Installing gripper_action_client script to /home/bajajauto/Dext_Hand/install/gripper/lib/gripper
[2.100s] Installing gripper_action_server script to /home/bajajauto/Dext_Hand/install/gripper/lib/gripper
[2.101s] Installing gripper_position_publisher script to /home/bajajauto/Dext_Hand/install/gripper/lib/gripper
[2.101s] 
[2.102s] Installed /home/bajajauto/Dext_Hand/build/gripper
[2.102s] running symlink_data
[2.102s] creating /home/bajajauto/Dext_Hand/install/gripper/share/ament_index
[2.102s] creating /home/bajajauto/Dext_Hand/install/gripper/share/ament_index/resource_index
[2.102s] creating /home/bajajauto/Dext_Hand/install/gripper/share/ament_index/resource_index/packages
[2.102s] symbolically linking /home/bajajauto/Dext_Hand/build/gripper/resource/gripper -> /home/bajajauto/Dext_Hand/install/gripper/share/ament_index/resource_index/packages
[2.102s] symbolically linking /home/bajajauto/Dext_Hand/build/gripper/package.xml -> /home/bajajauto/Dext_Hand/install/gripper/share/gripper
[2.180s] Invoked command in '/home/bajajauto/Dext_Hand/build/gripper' returned '0': LD_LIBRARY_PATH=/home/bajajauto/Dext_Hand/install/gripper_interfaces/lib:/home/bajajauto/Dext_Hand/install/gripper/lib:/opt/ros/humble/opt/rviz_ogre_vendor/lib:/opt/ros/humble/lib/aarch64-linux-gnu:/opt/ros/humble/lib:/usr/local/cuda/lib64 PYTHONPATH=/home/bajajauto/Dext_Hand/build/gripper/prefix_override:/usr/lib/python3/dist-packages/colcon_core/task/python/colcon_distutils_commands:/home/bajajauto/Dext_Hand/install/gripper/lib/python3.10/site-packages:${PYTHONPATH} /usr/bin/python3 -W ignore:setup.py install is deprecated -W ignore:easy_install command is deprecated setup.py develop --editable --build-directory /home/bajajauto/Dext_Hand/build/gripper/build --no-deps symlink_data
