[0.804s] DEBUG:colcon:Command line arguments: ['/usr/bin/colcon', 'build']
[0.804s] DEBUG:colcon:Parsed command line arguments: Namespace(log_base=None, log_level=None, verb_name='build', build_base='build', install_base='install', merge_install=False, symlink_install=False, test_result_base=None, continue_on_error=False, executor='parallel', parallel_workers=6, event_handlers=None, ignore_user_meta=False, metas=['./colcon.meta'], base_paths=['.'], packages_ignore=None, packages_ignore_regex=None, paths=None, packages_up_to=None, packages_up_to_regex=None, packages_above=None, packages_above_and_dependencies=None, packages_above_depth=None, packages_select_by_dep=None, packages_skip_by_dep=None, packages_skip_up_to=None, packages_select_build_failed=False, packages_skip_build_finished=False, packages_select_test_failures=False, packages_skip_test_passed=False, packages_select=None, packages_skip=None, packages_select_regex=None, packages_skip_regex=None, packages_start=None, packages_end=None, allow_overriding=[], cmake_args=None, cmake_target=None, cmake_target_skip_unavailable=False, cmake_clean_cache=False, cmake_clean_first=False, cmake_force_configure=False, ament_cmake_args=None, catkin_cmake_args=None, catkin_skip_building_tests=False, mixin_files=None, mixin=None, verb_parser=<colcon_mixin.mixin.mixin_argument.MixinArgumentDecorator object at 0xffffa93fead0>, verb_extension=<colcon_core.verb.build.BuildVerb object at 0xffffa950faf0>, main=<bound method BuildVerb.main of <colcon_core.verb.build.BuildVerb object at 0xffffa950faf0>>, mixin_verb=('build',))
[1.594s] Level 1:colcon.colcon_core.package_discovery:discover_packages(colcon_meta) check parameters
[1.595s] Level 1:colcon.colcon_core.package_discovery:discover_packages(recursive) check parameters
[1.595s] Level 1:colcon.colcon_core.package_discovery:discover_packages(ignore) check parameters
[1.595s] Level 1:colcon.colcon_core.package_discovery:discover_packages(path) check parameters
[1.595s] Level 1:colcon.colcon_core.package_discovery:discover_packages(colcon_meta) discover
[1.595s] Level 1:colcon.colcon_core.package_discovery:discover_packages(recursive) discover
[1.595s] INFO:colcon.colcon_core.package_discovery:Crawling recursively for packages in '/home/bajajauto/Dext_Hand'
[1.595s] Level 1:colcon.colcon_core.package_identification:_identify(.) by extensions ['ignore', 'ignore_ament_install']
[1.596s] Level 1:colcon.colcon_core.package_identification:_identify(.) by extension 'ignore'
[1.596s] Level 1:colcon.colcon_core.package_identification:_identify(.) by extension 'ignore_ament_install'
[1.596s] Level 1:colcon.colcon_core.package_identification:_identify(.) by extensions ['colcon_pkg']
[1.596s] Level 1:colcon.colcon_core.package_identification:_identify(.) by extension 'colcon_pkg'
[1.596s] Level 1:colcon.colcon_core.package_identification:_identify(.) by extensions ['colcon_meta']
[1.596s] Level 1:colcon.colcon_core.package_identification:_identify(.) by extension 'colcon_meta'
[1.596s] Level 1:colcon.colcon_core.package_identification:_identify(.) by extensions ['ros']
[1.596s] Level 1:colcon.colcon_core.package_identification:_identify(.) by extension 'ros'
[1.633s] Level 1:colcon.colcon_core.package_identification:_identify(.) by extensions ['cmake', 'python']
[1.633s] Level 1:colcon.colcon_core.package_identification:_identify(.) by extension 'cmake'
[1.633s] Level 1:colcon.colcon_core.package_identification:_identify(.) by extension 'python'
[1.633s] Level 1:colcon.colcon_core.package_identification:_identify(.) by extensions ['python_setup_py']
[1.633s] Level 1:colcon.colcon_core.package_identification:_identify(.) by extension 'python_setup_py'
[1.634s] Level 1:colcon.colcon_core.package_identification:_identify(build) by extensions ['ignore', 'ignore_ament_install']
[1.634s] Level 1:colcon.colcon_core.package_identification:_identify(build) by extension 'ignore'
[1.634s] Level 1:colcon.colcon_core.package_identification:_identify(build) ignored
[1.634s] Level 1:colcon.colcon_core.package_identification:_identify(install) by extensions ['ignore', 'ignore_ament_install']
[1.635s] Level 1:colcon.colcon_core.package_identification:_identify(install) by extension 'ignore'
[1.635s] Level 1:colcon.colcon_core.package_identification:_identify(install) ignored
[1.635s] Level 1:colcon.colcon_core.package_identification:_identify(log) by extensions ['ignore', 'ignore_ament_install']
[1.635s] Level 1:colcon.colcon_core.package_identification:_identify(log) by extension 'ignore'
[1.635s] Level 1:colcon.colcon_core.package_identification:_identify(log) ignored
[1.636s] Level 1:colcon.colcon_core.package_identification:_identify(src) by extensions ['ignore', 'ignore_ament_install']
[1.636s] Level 1:colcon.colcon_core.package_identification:_identify(src) by extension 'ignore'
[1.636s] Level 1:colcon.colcon_core.package_identification:_identify(src) by extension 'ignore_ament_install'
[1.637s] Level 1:colcon.colcon_core.package_identification:_identify(src) by extensions ['colcon_pkg']
[1.637s] Level 1:colcon.colcon_core.package_identification:_identify(src) by extension 'colcon_pkg'
[1.637s] Level 1:colcon.colcon_core.package_identification:_identify(src) by extensions ['colcon_meta']
[1.637s] Level 1:colcon.colcon_core.package_identification:_identify(src) by extension 'colcon_meta'
[1.637s] Level 1:colcon.colcon_core.package_identification:_identify(src) by extensions ['ros']
[1.637s] Level 1:colcon.colcon_core.package_identification:_identify(src) by extension 'ros'
[1.637s] Level 1:colcon.colcon_core.package_identification:_identify(src) by extensions ['cmake', 'python']
[1.637s] Level 1:colcon.colcon_core.package_identification:_identify(src) by extension 'cmake'
[1.637s] Level 1:colcon.colcon_core.package_identification:_identify(src) by extension 'python'
[1.637s] Level 1:colcon.colcon_core.package_identification:_identify(src) by extensions ['python_setup_py']
[1.638s] Level 1:colcon.colcon_core.package_identification:_identify(src) by extension 'python_setup_py'
[1.638s] Level 1:colcon.colcon_core.package_identification:_identify(src/gripper) by extensions ['ignore', 'ignore_ament_install']
[1.639s] Level 1:colcon.colcon_core.package_identification:_identify(src/gripper) by extension 'ignore'
[1.639s] Level 1:colcon.colcon_core.package_identification:_identify(src/gripper) by extension 'ignore_ament_install'
[1.639s] Level 1:colcon.colcon_core.package_identification:_identify(src/gripper) by extensions ['colcon_pkg']
[1.639s] Level 1:colcon.colcon_core.package_identification:_identify(src/gripper) by extension 'colcon_pkg'
[1.639s] Level 1:colcon.colcon_core.package_identification:_identify(src/gripper) by extensions ['colcon_meta']
[1.639s] Level 1:colcon.colcon_core.package_identification:_identify(src/gripper) by extension 'colcon_meta'
[1.639s] Level 1:colcon.colcon_core.package_identification:_identify(src/gripper) by extensions ['ros']
[1.639s] Level 1:colcon.colcon_core.package_identification:_identify(src/gripper) by extension 'ros'
[1.648s] DEBUG:colcon.colcon_core.package_identification:Package 'src/gripper' with type 'ros.ament_python' and name 'gripper'
[1.649s] Level 1:colcon.colcon_core.package_identification:_identify(src/gripper_interfaces) by extensions ['ignore', 'ignore_ament_install']
[1.649s] Level 1:colcon.colcon_core.package_identification:_identify(src/gripper_interfaces) by extension 'ignore'
[1.650s] Level 1:colcon.colcon_core.package_identification:_identify(src/gripper_interfaces) by extension 'ignore_ament_install'
[1.650s] Level 1:colcon.colcon_core.package_identification:_identify(src/gripper_interfaces) by extensions ['colcon_pkg']
[1.650s] Level 1:colcon.colcon_core.package_identification:_identify(src/gripper_interfaces) by extension 'colcon_pkg'
[1.650s] Level 1:colcon.colcon_core.package_identification:_identify(src/gripper_interfaces) by extensions ['colcon_meta']
[1.650s] Level 1:colcon.colcon_core.package_identification:_identify(src/gripper_interfaces) by extension 'colcon_meta'
[1.650s] Level 1:colcon.colcon_core.package_identification:_identify(src/gripper_interfaces) by extensions ['ros']
[1.650s] Level 1:colcon.colcon_core.package_identification:_identify(src/gripper_interfaces) by extension 'ros'
[1.652s] DEBUG:colcon.colcon_core.package_identification:Package 'src/gripper_interfaces' with type 'ros.ament_cmake' and name 'gripper_interfaces'
[1.652s] Level 1:colcon.colcon_core.package_discovery:discover_packages(recursive) using defaults
[1.652s] Level 1:colcon.colcon_core.package_discovery:discover_packages(ignore) discover
[1.652s] Level 1:colcon.colcon_core.package_discovery:discover_packages(ignore) using defaults
[1.652s] Level 1:colcon.colcon_core.package_discovery:discover_packages(path) discover
[1.653s] Level 1:colcon.colcon_core.package_discovery:discover_packages(path) using defaults
[1.760s] Level 1:colcon.colcon_core.package_discovery:discover_packages(prefix_path) check parameters
[1.761s] Level 1:colcon.colcon_core.package_discovery:discover_packages(prefix_path) discover
[1.770s] DEBUG:colcon.colcon_installed_package_information.package_discovery:Found 397 installed packages in /opt/ros/humble
[1.773s] Level 1:colcon.colcon_core.package_discovery:discover_packages(prefix_path) using defaults
[1.869s] Level 5:colcon.colcon_core.verb:set package 'gripper_interfaces' build argument 'cmake_args' from command line to 'None'
[1.870s] Level 5:colcon.colcon_core.verb:set package 'gripper_interfaces' build argument 'cmake_target' from command line to 'None'
[1.870s] Level 5:colcon.colcon_core.verb:set package 'gripper_interfaces' build argument 'cmake_target_skip_unavailable' from command line to 'False'
[1.870s] Level 5:colcon.colcon_core.verb:set package 'gripper_interfaces' build argument 'cmake_clean_cache' from command line to 'False'
[1.870s] Level 5:colcon.colcon_core.verb:set package 'gripper_interfaces' build argument 'cmake_clean_first' from command line to 'False'
[1.870s] Level 5:colcon.colcon_core.verb:set package 'gripper_interfaces' build argument 'cmake_force_configure' from command line to 'False'
[1.870s] Level 5:colcon.colcon_core.verb:set package 'gripper_interfaces' build argument 'ament_cmake_args' from command line to 'None'
[1.870s] Level 5:colcon.colcon_core.verb:set package 'gripper_interfaces' build argument 'catkin_cmake_args' from command line to 'None'
[1.870s] Level 5:colcon.colcon_core.verb:set package 'gripper_interfaces' build argument 'catkin_skip_building_tests' from command line to 'False'
[1.870s] DEBUG:colcon.colcon_core.verb:Building package 'gripper_interfaces' with the following arguments: {'ament_cmake_args': None, 'build_base': '/home/bajajauto/Dext_Hand/build/gripper_interfaces', 'catkin_cmake_args': None, 'catkin_skip_building_tests': False, 'cmake_args': None, 'cmake_clean_cache': False, 'cmake_clean_first': False, 'cmake_force_configure': False, 'cmake_target': None, 'cmake_target_skip_unavailable': False, 'install_base': '/home/bajajauto/Dext_Hand/install/gripper_interfaces', 'merge_install': False, 'path': '/home/bajajauto/Dext_Hand/src/gripper_interfaces', 'symlink_install': False, 'test_result_base': None}
[1.871s] Level 5:colcon.colcon_core.verb:set package 'gripper' build argument 'cmake_args' from command line to 'None'
[1.871s] Level 5:colcon.colcon_core.verb:set package 'gripper' build argument 'cmake_target' from command line to 'None'
[1.871s] Level 5:colcon.colcon_core.verb:set package 'gripper' build argument 'cmake_target_skip_unavailable' from command line to 'False'
[1.871s] Level 5:colcon.colcon_core.verb:set package 'gripper' build argument 'cmake_clean_cache' from command line to 'False'
[1.871s] Level 5:colcon.colcon_core.verb:set package 'gripper' build argument 'cmake_clean_first' from command line to 'False'
[1.871s] Level 5:colcon.colcon_core.verb:set package 'gripper' build argument 'cmake_force_configure' from command line to 'False'
[1.871s] Level 5:colcon.colcon_core.verb:set package 'gripper' build argument 'ament_cmake_args' from command line to 'None'
[1.871s] Level 5:colcon.colcon_core.verb:set package 'gripper' build argument 'catkin_cmake_args' from command line to 'None'
[1.871s] Level 5:colcon.colcon_core.verb:set package 'gripper' build argument 'catkin_skip_building_tests' from command line to 'False'
[1.871s] DEBUG:colcon.colcon_core.verb:Building package 'gripper' with the following arguments: {'ament_cmake_args': None, 'build_base': '/home/bajajauto/Dext_Hand/build/gripper', 'catkin_cmake_args': None, 'catkin_skip_building_tests': False, 'cmake_args': None, 'cmake_clean_cache': False, 'cmake_clean_first': False, 'cmake_force_configure': False, 'cmake_target': None, 'cmake_target_skip_unavailable': False, 'install_base': '/home/bajajauto/Dext_Hand/install/gripper', 'merge_install': False, 'path': '/home/bajajauto/Dext_Hand/src/gripper', 'symlink_install': False, 'test_result_base': None}
[1.871s] INFO:colcon.colcon_core.executor:Executing jobs using 'parallel' executor
[1.874s] DEBUG:colcon.colcon_parallel_executor.executor.parallel:run_until_complete
[1.874s] INFO:colcon.colcon_ros.task.ament_cmake.build:Building ROS package in '/home/bajajauto/Dext_Hand/src/gripper_interfaces' with build type 'ament_cmake'
[1.874s] INFO:colcon.colcon_cmake.task.cmake.build:Building CMake package in '/home/bajajauto/Dext_Hand/src/gripper_interfaces'
[1.885s] INFO:colcon.colcon_core.plugin_system:Skipping extension 'colcon_core.shell.bat': Not used on non-Windows systems
[1.885s] INFO:colcon.colcon_core.shell:Skip shell extension 'powershell' for command environment: Not usable outside of PowerShell
[1.885s] DEBUG:colcon.colcon_core.shell:Skip shell extension 'dsv' for command environment
[1.902s] DEBUG:colcon.colcon_core.event_handler.log_command:Invoking command in '/home/bajajauto/Dext_Hand/build/gripper_interfaces': CMAKE_PREFIX_PATH=/opt/ros/humble /usr/bin/cmake /home/bajajauto/Dext_Hand/src/gripper_interfaces -DCMAKE_INSTALL_PREFIX=/home/bajajauto/Dext_Hand/install/gripper_interfaces
[4.747s] DEBUG:colcon.colcon_core.event_handler.log_command:Invoked command in '/home/bajajauto/Dext_Hand/build/gripper_interfaces' returned '0': CMAKE_PREFIX_PATH=/opt/ros/humble /usr/bin/cmake /home/bajajauto/Dext_Hand/src/gripper_interfaces -DCMAKE_INSTALL_PREFIX=/home/bajajauto/Dext_Hand/install/gripper_interfaces
[4.752s] DEBUG:colcon.colcon_core.event_handler.log_command:Invoking command in '/home/bajajauto/Dext_Hand/build/gripper_interfaces': CMAKE_PREFIX_PATH=/opt/ros/humble /usr/bin/cmake --build /home/bajajauto/Dext_Hand/build/gripper_interfaces -- -j6 -l6
[5.455s] DEBUG:colcon.colcon_core.event_handler.log_command:Invoked command in '/home/bajajauto/Dext_Hand/build/gripper_interfaces' returned '0': CMAKE_PREFIX_PATH=/opt/ros/humble /usr/bin/cmake --build /home/bajajauto/Dext_Hand/build/gripper_interfaces -- -j6 -l6
[5.482s] DEBUG:colcon.colcon_core.event_handler.log_command:Invoking command in '/home/bajajauto/Dext_Hand/build/gripper_interfaces': CMAKE_PREFIX_PATH=/opt/ros/humble /usr/bin/cmake --install /home/bajajauto/Dext_Hand/build/gripper_interfaces
[5.690s] Level 1:colcon.colcon_core.environment:create_environment_scripts_only(gripper_interfaces)
[5.691s] DEBUG:colcon.colcon_core.event_handler.log_command:Invoked command in '/home/bajajauto/Dext_Hand/build/gripper_interfaces' returned '0': CMAKE_PREFIX_PATH=/opt/ros/humble /usr/bin/cmake --install /home/bajajauto/Dext_Hand/build/gripper_interfaces
[5.710s] Level 1:colcon.colcon_core.environment:checking '/home/bajajauto/Dext_Hand/install/gripper_interfaces' for CMake module files
[5.713s] Level 1:colcon.colcon_core.environment:checking '/home/bajajauto/Dext_Hand/install/gripper_interfaces' for CMake config files
[5.715s] Level 1:colcon.colcon_core.shell:create_environment_hook('gripper_interfaces', 'cmake_prefix_path')
[5.716s] INFO:colcon.colcon_core.shell:Creating environment hook '/home/bajajauto/Dext_Hand/install/gripper_interfaces/share/gripper_interfaces/hook/cmake_prefix_path.ps1'
[5.719s] INFO:colcon.colcon_core.shell:Creating environment descriptor '/home/bajajauto/Dext_Hand/install/gripper_interfaces/share/gripper_interfaces/hook/cmake_prefix_path.dsv'
[5.722s] INFO:colcon.colcon_core.shell:Creating environment hook '/home/bajajauto/Dext_Hand/install/gripper_interfaces/share/gripper_interfaces/hook/cmake_prefix_path.sh'
[5.726s] Level 1:colcon.colcon_core.environment:checking '/home/bajajauto/Dext_Hand/install/gripper_interfaces/lib'
[5.727s] Level 1:colcon.colcon_core.shell:create_environment_hook('gripper_interfaces', 'ld_library_path_lib')
[5.728s] INFO:colcon.colcon_core.shell:Creating environment hook '/home/bajajauto/Dext_Hand/install/gripper_interfaces/share/gripper_interfaces/hook/ld_library_path_lib.ps1'
[5.729s] INFO:colcon.colcon_core.shell:Creating environment descriptor '/home/bajajauto/Dext_Hand/install/gripper_interfaces/share/gripper_interfaces/hook/ld_library_path_lib.dsv'
[5.730s] INFO:colcon.colcon_core.shell:Creating environment hook '/home/bajajauto/Dext_Hand/install/gripper_interfaces/share/gripper_interfaces/hook/ld_library_path_lib.sh'
[5.732s] Level 1:colcon.colcon_core.environment:checking '/home/bajajauto/Dext_Hand/install/gripper_interfaces/bin'
[5.732s] Level 1:colcon.colcon_core.environment:checking '/home/bajajauto/Dext_Hand/install/gripper_interfaces/lib/pkgconfig/gripper_interfaces.pc'
[5.733s] Level 1:colcon.colcon_core.environment:checking '/home/bajajauto/Dext_Hand/install/gripper_interfaces/lib/python3.10/site-packages'
[5.735s] Level 1:colcon.colcon_core.environment:checking '/home/bajajauto/Dext_Hand/install/gripper_interfaces/bin'
[5.736s] INFO:colcon.colcon_core.shell:Creating package script '/home/bajajauto/Dext_Hand/install/gripper_interfaces/share/gripper_interfaces/package.ps1'
[5.738s] INFO:colcon.colcon_core.shell:Creating package descriptor '/home/bajajauto/Dext_Hand/install/gripper_interfaces/share/gripper_interfaces/package.dsv'
[5.741s] INFO:colcon.colcon_core.shell:Creating package script '/home/bajajauto/Dext_Hand/install/gripper_interfaces/share/gripper_interfaces/package.sh'
[5.744s] INFO:colcon.colcon_core.shell:Creating package script '/home/bajajauto/Dext_Hand/install/gripper_interfaces/share/gripper_interfaces/package.bash'
[5.749s] INFO:colcon.colcon_core.shell:Creating package script '/home/bajajauto/Dext_Hand/install/gripper_interfaces/share/gripper_interfaces/package.zsh'
[5.753s] Level 1:colcon.colcon_core.environment:create_file_with_runtime_dependencies(/home/bajajauto/Dext_Hand/install/gripper_interfaces/share/colcon-core/packages/gripper_interfaces)
[5.757s] Level 1:colcon.colcon_core.environment:create_environment_scripts_only(gripper_interfaces)
[5.758s] Level 1:colcon.colcon_core.environment:checking '/home/bajajauto/Dext_Hand/install/gripper_interfaces' for CMake module files
[5.761s] Level 1:colcon.colcon_core.environment:checking '/home/bajajauto/Dext_Hand/install/gripper_interfaces' for CMake config files
[5.762s] Level 1:colcon.colcon_core.shell:create_environment_hook('gripper_interfaces', 'cmake_prefix_path')
[5.763s] INFO:colcon.colcon_core.shell:Creating environment hook '/home/bajajauto/Dext_Hand/install/gripper_interfaces/share/gripper_interfaces/hook/cmake_prefix_path.ps1'
[5.764s] INFO:colcon.colcon_core.shell:Creating environment descriptor '/home/bajajauto/Dext_Hand/install/gripper_interfaces/share/gripper_interfaces/hook/cmake_prefix_path.dsv'
[5.766s] INFO:colcon.colcon_core.shell:Creating environment hook '/home/bajajauto/Dext_Hand/install/gripper_interfaces/share/gripper_interfaces/hook/cmake_prefix_path.sh'
[5.768s] Level 1:colcon.colcon_core.environment:checking '/home/bajajauto/Dext_Hand/install/gripper_interfaces/lib'
[5.768s] Level 1:colcon.colcon_core.shell:create_environment_hook('gripper_interfaces', 'ld_library_path_lib')
[5.769s] INFO:colcon.colcon_core.shell:Creating environment hook '/home/bajajauto/Dext_Hand/install/gripper_interfaces/share/gripper_interfaces/hook/ld_library_path_lib.ps1'
[5.770s] INFO:colcon.colcon_core.shell:Creating environment descriptor '/home/bajajauto/Dext_Hand/install/gripper_interfaces/share/gripper_interfaces/hook/ld_library_path_lib.dsv'
[5.772s] INFO:colcon.colcon_core.shell:Creating environment hook '/home/bajajauto/Dext_Hand/install/gripper_interfaces/share/gripper_interfaces/hook/ld_library_path_lib.sh'
[5.773s] Level 1:colcon.colcon_core.environment:checking '/home/bajajauto/Dext_Hand/install/gripper_interfaces/bin'
[5.773s] Level 1:colcon.colcon_core.environment:checking '/home/bajajauto/Dext_Hand/install/gripper_interfaces/lib/pkgconfig/gripper_interfaces.pc'
[5.774s] Level 1:colcon.colcon_core.environment:checking '/home/bajajauto/Dext_Hand/install/gripper_interfaces/lib/python3.10/site-packages'
[5.775s] Level 1:colcon.colcon_core.environment:checking '/home/bajajauto/Dext_Hand/install/gripper_interfaces/bin'
[5.776s] INFO:colcon.colcon_core.shell:Creating package script '/home/bajajauto/Dext_Hand/install/gripper_interfaces/share/gripper_interfaces/package.ps1'
[5.778s] INFO:colcon.colcon_core.shell:Creating package descriptor '/home/bajajauto/Dext_Hand/install/gripper_interfaces/share/gripper_interfaces/package.dsv'
[5.780s] INFO:colcon.colcon_core.shell:Creating package script '/home/bajajauto/Dext_Hand/install/gripper_interfaces/share/gripper_interfaces/package.sh'
[5.781s] INFO:colcon.colcon_core.shell:Creating package script '/home/bajajauto/Dext_Hand/install/gripper_interfaces/share/gripper_interfaces/package.bash'
[5.783s] INFO:colcon.colcon_core.shell:Creating package script '/home/bajajauto/Dext_Hand/install/gripper_interfaces/share/gripper_interfaces/package.zsh'
[5.784s] Level 1:colcon.colcon_core.environment:create_file_with_runtime_dependencies(/home/bajajauto/Dext_Hand/install/gripper_interfaces/share/colcon-core/packages/gripper_interfaces)
[5.785s] INFO:colcon.colcon_ros.task.ament_python.build:Building ROS package in '/home/bajajauto/Dext_Hand/src/gripper' with build type 'ament_python'
[5.786s] Level 1:colcon.colcon_core.shell:create_environment_hook('gripper', 'ament_prefix_path')
[5.786s] INFO:colcon.colcon_core.shell:Creating environment hook '/home/bajajauto/Dext_Hand/install/gripper/share/gripper/hook/ament_prefix_path.ps1'
[5.791s] INFO:colcon.colcon_core.shell:Creating environment descriptor '/home/bajajauto/Dext_Hand/install/gripper/share/gripper/hook/ament_prefix_path.dsv'
[5.793s] INFO:colcon.colcon_core.shell:Creating environment hook '/home/bajajauto/Dext_Hand/install/gripper/share/gripper/hook/ament_prefix_path.sh'
[5.795s] INFO:colcon.colcon_core.shell:Skip shell extension 'powershell' for command environment: Not usable outside of PowerShell
[5.795s] DEBUG:colcon.colcon_core.shell:Skip shell extension 'dsv' for command environment
[6.378s] INFO:colcon.colcon_core.task.python.build:Building Python package in '/home/bajajauto/Dext_Hand/src/gripper'
[6.379s] INFO:colcon.colcon_core.shell:Skip shell extension 'powershell' for command environment: Not usable outside of PowerShell
[6.379s] DEBUG:colcon.colcon_core.shell:Skip shell extension 'dsv' for command environment
[7.629s] DEBUG:colcon.colcon_core.event_handler.log_command:Invoking command in '/home/bajajauto/Dext_Hand/build/gripper': AMENT_PREFIX_PATH=/home/bajajauto/Dext_Hand/install/gripper_interfaces:${AMENT_PREFIX_PATH} CMAKE_PREFIX_PATH=/home/bajajauto/Dext_Hand/install/gripper_interfaces LD_LIBRARY_PATH=/home/bajajauto/Dext_Hand/install/gripper_interfaces/lib:/opt/ros/humble/opt/rviz_ogre_vendor/lib:/opt/ros/humble/lib/aarch64-linux-gnu:/opt/ros/humble/lib:/usr/local/cuda/lib64 PYTHONPATH=/home/bajajauto/Dext_Hand/build/gripper/prefix_override:/usr/lib/python3/dist-packages/colcon_core/task/python/colcon_distutils_commands:/home/bajajauto/Dext_Hand/install/gripper/lib/python3.10/site-packages:/home/bajajauto/Dext_Hand/install/gripper_interfaces/local/lib/python3.10/dist-packages:${PYTHONPATH} /usr/bin/python3 -W ignore:setup.py install is deprecated -W ignore:easy_install command is deprecated setup.py develop --uninstall --editable --build-directory /home/bajajauto/Dext_Hand/build/gripper/build
[8.541s] DEBUG:colcon.colcon_core.event_handler.log_command:Invoked command in '/home/bajajauto/Dext_Hand/build/gripper' returned '0': AMENT_PREFIX_PATH=/home/bajajauto/Dext_Hand/install/gripper_interfaces:${AMENT_PREFIX_PATH} CMAKE_PREFIX_PATH=/home/bajajauto/Dext_Hand/install/gripper_interfaces LD_LIBRARY_PATH=/home/bajajauto/Dext_Hand/install/gripper_interfaces/lib:/opt/ros/humble/opt/rviz_ogre_vendor/lib:/opt/ros/humble/lib/aarch64-linux-gnu:/opt/ros/humble/lib:/usr/local/cuda/lib64 PYTHONPATH=/home/bajajauto/Dext_Hand/build/gripper/prefix_override:/usr/lib/python3/dist-packages/colcon_core/task/python/colcon_distutils_commands:/home/bajajauto/Dext_Hand/install/gripper/lib/python3.10/site-packages:/home/bajajauto/Dext_Hand/install/gripper_interfaces/local/lib/python3.10/dist-packages:${PYTHONPATH} /usr/bin/python3 -W ignore:setup.py install is deprecated -W ignore:easy_install command is deprecated setup.py develop --uninstall --editable --build-directory /home/bajajauto/Dext_Hand/build/gripper/build
[8.544s] DEBUG:colcon.colcon_core.event_handler.log_command:Invoking command in '/home/bajajauto/Dext_Hand/src/gripper': AMENT_PREFIX_PATH=/home/bajajauto/Dext_Hand/install/gripper_interfaces:${AMENT_PREFIX_PATH} CMAKE_PREFIX_PATH=/home/bajajauto/Dext_Hand/install/gripper_interfaces LD_LIBRARY_PATH=/home/bajajauto/Dext_Hand/install/gripper_interfaces/lib:/opt/ros/humble/opt/rviz_ogre_vendor/lib:/opt/ros/humble/lib/aarch64-linux-gnu:/opt/ros/humble/lib:/usr/local/cuda/lib64 PYTHONPATH=/home/bajajauto/Dext_Hand/build/gripper/prefix_override:/usr/lib/python3/dist-packages/colcon_core/task/python/colcon_distutils_commands:/home/bajajauto/Dext_Hand/install/gripper/lib/python3.10/site-packages:/home/bajajauto/Dext_Hand/install/gripper_interfaces/local/lib/python3.10/dist-packages:${PYTHONPATH} /usr/bin/python3 -W ignore:setup.py install is deprecated -W ignore:easy_install command is deprecated setup.py egg_info --egg-base ../../build/gripper build --build-base /home/bajajauto/Dext_Hand/build/gripper/build install --record /home/bajajauto/Dext_Hand/build/gripper/install.log --single-version-externally-managed install_data --force
[9.148s] Level 1:colcon.colcon_core.environment:checking '/home/bajajauto/Dext_Hand/install/gripper' for CMake module files
[9.150s] DEBUG:colcon.colcon_core.event_handler.log_command:Invoked command in '/home/bajajauto/Dext_Hand/src/gripper' returned '0': AMENT_PREFIX_PATH=/home/bajajauto/Dext_Hand/install/gripper_interfaces:${AMENT_PREFIX_PATH} CMAKE_PREFIX_PATH=/home/bajajauto/Dext_Hand/install/gripper_interfaces LD_LIBRARY_PATH=/home/bajajauto/Dext_Hand/install/gripper_interfaces/lib:/opt/ros/humble/opt/rviz_ogre_vendor/lib:/opt/ros/humble/lib/aarch64-linux-gnu:/opt/ros/humble/lib:/usr/local/cuda/lib64 PYTHONPATH=/home/bajajauto/Dext_Hand/build/gripper/prefix_override:/usr/lib/python3/dist-packages/colcon_core/task/python/colcon_distutils_commands:/home/bajajauto/Dext_Hand/install/gripper/lib/python3.10/site-packages:/home/bajajauto/Dext_Hand/install/gripper_interfaces/local/lib/python3.10/dist-packages:${PYTHONPATH} /usr/bin/python3 -W ignore:setup.py install is deprecated -W ignore:easy_install command is deprecated setup.py egg_info --egg-base ../../build/gripper build --build-base /home/bajajauto/Dext_Hand/build/gripper/build install --record /home/bajajauto/Dext_Hand/build/gripper/install.log --single-version-externally-managed install_data --force
[9.151s] Level 1:colcon.colcon_core.environment:checking '/home/bajajauto/Dext_Hand/install/gripper' for CMake config files
[9.155s] Level 1:colcon.colcon_core.environment:checking '/home/bajajauto/Dext_Hand/install/gripper/lib'
[9.156s] Level 1:colcon.colcon_core.environment:checking '/home/bajajauto/Dext_Hand/install/gripper/bin'
[9.156s] Level 1:colcon.colcon_core.environment:checking '/home/bajajauto/Dext_Hand/install/gripper/lib/pkgconfig/gripper.pc'
[9.157s] Level 1:colcon.colcon_core.environment:checking '/home/bajajauto/Dext_Hand/install/gripper/lib/python3.10/site-packages'
[9.157s] Level 1:colcon.colcon_core.shell:create_environment_hook('gripper', 'pythonpath')
[9.158s] INFO:colcon.colcon_core.shell:Creating environment hook '/home/bajajauto/Dext_Hand/install/gripper/share/gripper/hook/pythonpath.ps1'
[9.159s] INFO:colcon.colcon_core.shell:Creating environment descriptor '/home/bajajauto/Dext_Hand/install/gripper/share/gripper/hook/pythonpath.dsv'
[9.160s] INFO:colcon.colcon_core.shell:Creating environment hook '/home/bajajauto/Dext_Hand/install/gripper/share/gripper/hook/pythonpath.sh'
[9.162s] Level 1:colcon.colcon_core.environment:checking '/home/bajajauto/Dext_Hand/install/gripper/bin'
[9.163s] Level 1:colcon.colcon_core.environment:create_environment_scripts_only(gripper)
[9.164s] INFO:colcon.colcon_core.shell:Creating package script '/home/bajajauto/Dext_Hand/install/gripper/share/gripper/package.ps1'
[9.166s] INFO:colcon.colcon_core.shell:Creating package descriptor '/home/bajajauto/Dext_Hand/install/gripper/share/gripper/package.dsv'
[9.167s] INFO:colcon.colcon_core.shell:Creating package script '/home/bajajauto/Dext_Hand/install/gripper/share/gripper/package.sh'
[9.169s] INFO:colcon.colcon_core.shell:Creating package script '/home/bajajauto/Dext_Hand/install/gripper/share/gripper/package.bash'
[9.170s] INFO:colcon.colcon_core.shell:Creating package script '/home/bajajauto/Dext_Hand/install/gripper/share/gripper/package.zsh'
[9.171s] Level 1:colcon.colcon_core.environment:create_file_with_runtime_dependencies(/home/bajajauto/Dext_Hand/install/gripper/share/colcon-core/packages/gripper)
[9.172s] DEBUG:colcon.colcon_parallel_executor.executor.parallel:closing loop
[9.174s] DEBUG:colcon.colcon_parallel_executor.executor.parallel:loop closed
[9.174s] DEBUG:colcon.colcon_parallel_executor.executor.parallel:run_until_complete finished with '0'
[9.174s] DEBUG:colcon.colcon_core.event_reactor:joining thread
[9.196s] INFO:colcon.colcon_core.plugin_system:Skipping extension 'colcon_notification.desktop_notification.terminal_notifier': Not used on non-Darwin systems
[9.196s] INFO:colcon.colcon_core.plugin_system:Skipping extension 'colcon_notification.desktop_notification.win32': Not used on non-Windows systems
[9.197s] INFO:colcon.colcon_notification.desktop_notification:Sending desktop notification using 'notify2'
[9.257s] DEBUG:colcon.colcon_core.event_reactor:joined thread
[9.258s] INFO:colcon.colcon_core.shell:Creating prefix script '/home/bajajauto/Dext_Hand/install/local_setup.ps1'
[9.263s] INFO:colcon.colcon_core.shell:Creating prefix util module '/home/bajajauto/Dext_Hand/install/_local_setup_util_ps1.py'
[9.267s] INFO:colcon.colcon_core.shell:Creating prefix chain script '/home/bajajauto/Dext_Hand/install/setup.ps1'
[9.270s] INFO:colcon.colcon_core.shell:Creating prefix script '/home/bajajauto/Dext_Hand/install/local_setup.sh'
[9.272s] INFO:colcon.colcon_core.shell:Creating prefix util module '/home/bajajauto/Dext_Hand/install/_local_setup_util_sh.py'
[9.273s] INFO:colcon.colcon_core.shell:Creating prefix chain script '/home/bajajauto/Dext_Hand/install/setup.sh'
[9.277s] INFO:colcon.colcon_core.shell:Creating prefix script '/home/bajajauto/Dext_Hand/install/local_setup.bash'
[9.280s] INFO:colcon.colcon_core.shell:Creating prefix chain script '/home/bajajauto/Dext_Hand/install/setup.bash'
[9.283s] INFO:colcon.colcon_core.shell:Creating prefix script '/home/bajajauto/Dext_Hand/install/local_setup.zsh'
[9.286s] INFO:colcon.colcon_core.shell:Creating prefix chain script '/home/bajajauto/Dext_Hand/install/setup.zsh'
