[0.205s] DEBUG:colcon:Command line arguments: ['/usr/bin/colcon', 'build', '--symlink-install']
[0.205s] DEBUG:colcon:Parsed command line arguments: Namespace(log_base=None, log_level=None, verb_name='build', build_base='build', install_base='install', merge_install=False, symlink_install=True, test_result_base=None, continue_on_error=False, executor='parallel', parallel_workers=6, event_handlers=None, ignore_user_meta=False, metas=['./colcon.meta'], base_paths=['.'], packages_ignore=None, packages_ignore_regex=None, paths=None, packages_up_to=None, packages_up_to_regex=None, packages_above=None, packages_above_and_dependencies=None, packages_above_depth=None, packages_select_by_dep=None, packages_skip_by_dep=None, packages_skip_up_to=None, packages_select_build_failed=False, packages_skip_build_finished=False, packages_select_test_failures=False, packages_skip_test_passed=False, packages_select=None, packages_skip=None, packages_select_regex=None, packages_skip_regex=None, packages_start=None, packages_end=None, allow_overriding=[], cmake_args=None, cmake_target=None, cmake_target_skip_unavailable=False, cmake_clean_cache=False, cmake_clean_first=False, cmake_force_configure=False, ament_cmake_args=None, catkin_cmake_args=None, catkin_skip_building_tests=False, mixin_files=None, mixin=None, verb_parser=<colcon_mixin.mixin.mixin_argument.MixinArgumentDecorator object at 0xffff8d3db400>, verb_extension=<colcon_core.verb.build.BuildVerb object at 0xffff8d520460>, main=<bound method BuildVerb.main of <colcon_core.verb.build.BuildVerb object at 0xffff8d520460>>, mixin_verb=('build',))
[0.528s] Level 1:colcon.colcon_core.package_discovery:discover_packages(colcon_meta) check parameters
[0.528s] Level 1:colcon.colcon_core.package_discovery:discover_packages(recursive) check parameters
[0.528s] Level 1:colcon.colcon_core.package_discovery:discover_packages(ignore) check parameters
[0.528s] Level 1:colcon.colcon_core.package_discovery:discover_packages(path) check parameters
[0.528s] Level 1:colcon.colcon_core.package_discovery:discover_packages(colcon_meta) discover
[0.528s] Level 1:colcon.colcon_core.package_discovery:discover_packages(recursive) discover
[0.528s] INFO:colcon.colcon_core.package_discovery:Crawling recursively for packages in '/home/bajajauto/Dext_Hand'
[0.529s] Level 1:colcon.colcon_core.package_identification:_identify(.) by extensions ['ignore', 'ignore_ament_install']
[0.529s] Level 1:colcon.colcon_core.package_identification:_identify(.) by extension 'ignore'
[0.529s] Level 1:colcon.colcon_core.package_identification:_identify(.) by extension 'ignore_ament_install'
[0.529s] Level 1:colcon.colcon_core.package_identification:_identify(.) by extensions ['colcon_pkg']
[0.529s] Level 1:colcon.colcon_core.package_identification:_identify(.) by extension 'colcon_pkg'
[0.529s] Level 1:colcon.colcon_core.package_identification:_identify(.) by extensions ['colcon_meta']
[0.529s] Level 1:colcon.colcon_core.package_identification:_identify(.) by extension 'colcon_meta'
[0.529s] Level 1:colcon.colcon_core.package_identification:_identify(.) by extensions ['ros']
[0.529s] Level 1:colcon.colcon_core.package_identification:_identify(.) by extension 'ros'
[0.550s] Level 1:colcon.colcon_core.package_identification:_identify(.) by extensions ['cmake', 'python']
[0.550s] Level 1:colcon.colcon_core.package_identification:_identify(.) by extension 'cmake'
[0.550s] Level 1:colcon.colcon_core.package_identification:_identify(.) by extension 'python'
[0.550s] Level 1:colcon.colcon_core.package_identification:_identify(.) by extensions ['python_setup_py']
[0.550s] Level 1:colcon.colcon_core.package_identification:_identify(.) by extension 'python_setup_py'
[0.550s] Level 1:colcon.colcon_core.package_identification:_identify(build) by extensions ['ignore', 'ignore_ament_install']
[0.550s] Level 1:colcon.colcon_core.package_identification:_identify(build) by extension 'ignore'
[0.551s] Level 1:colcon.colcon_core.package_identification:_identify(build) ignored
[0.551s] Level 1:colcon.colcon_core.package_identification:_identify(install) by extensions ['ignore', 'ignore_ament_install']
[0.551s] Level 1:colcon.colcon_core.package_identification:_identify(install) by extension 'ignore'
[0.551s] Level 1:colcon.colcon_core.package_identification:_identify(install) ignored
[0.551s] Level 1:colcon.colcon_core.package_identification:_identify(log) by extensions ['ignore', 'ignore_ament_install']
[0.551s] Level 1:colcon.colcon_core.package_identification:_identify(log) by extension 'ignore'
[0.552s] Level 1:colcon.colcon_core.package_identification:_identify(log) ignored
[0.552s] Level 1:colcon.colcon_core.package_identification:_identify(src) by extensions ['ignore', 'ignore_ament_install']
[0.552s] Level 1:colcon.colcon_core.package_identification:_identify(src) by extension 'ignore'
[0.552s] Level 1:colcon.colcon_core.package_identification:_identify(src) by extension 'ignore_ament_install'
[0.552s] Level 1:colcon.colcon_core.package_identification:_identify(src) by extensions ['colcon_pkg']
[0.552s] Level 1:colcon.colcon_core.package_identification:_identify(src) by extension 'colcon_pkg'
[0.552s] Level 1:colcon.colcon_core.package_identification:_identify(src) by extensions ['colcon_meta']
[0.552s] Level 1:colcon.colcon_core.package_identification:_identify(src) by extension 'colcon_meta'
[0.552s] Level 1:colcon.colcon_core.package_identification:_identify(src) by extensions ['ros']
[0.552s] Level 1:colcon.colcon_core.package_identification:_identify(src) by extension 'ros'
[0.553s] Level 1:colcon.colcon_core.package_identification:_identify(src) by extensions ['cmake', 'python']
[0.553s] Level 1:colcon.colcon_core.package_identification:_identify(src) by extension 'cmake'
[0.553s] Level 1:colcon.colcon_core.package_identification:_identify(src) by extension 'python'
[0.553s] Level 1:colcon.colcon_core.package_identification:_identify(src) by extensions ['python_setup_py']
[0.553s] Level 1:colcon.colcon_core.package_identification:_identify(src) by extension 'python_setup_py'
[0.553s] Level 1:colcon.colcon_core.package_identification:_identify(src/gripper) by extensions ['ignore', 'ignore_ament_install']
[0.553s] Level 1:colcon.colcon_core.package_identification:_identify(src/gripper) by extension 'ignore'
[0.553s] Level 1:colcon.colcon_core.package_identification:_identify(src/gripper) by extension 'ignore_ament_install'
[0.553s] Level 1:colcon.colcon_core.package_identification:_identify(src/gripper) by extensions ['colcon_pkg']
[0.553s] Level 1:colcon.colcon_core.package_identification:_identify(src/gripper) by extension 'colcon_pkg'
[0.553s] Level 1:colcon.colcon_core.package_identification:_identify(src/gripper) by extensions ['colcon_meta']
[0.554s] Level 1:colcon.colcon_core.package_identification:_identify(src/gripper) by extension 'colcon_meta'
[0.554s] Level 1:colcon.colcon_core.package_identification:_identify(src/gripper) by extensions ['ros']
[0.554s] Level 1:colcon.colcon_core.package_identification:_identify(src/gripper) by extension 'ros'
[0.558s] DEBUG:colcon.colcon_core.package_identification:Package 'src/gripper' with type 'ros.ament_python' and name 'gripper'
[0.558s] Level 1:colcon.colcon_core.package_identification:_identify(src/gripper_interfaces) by extensions ['ignore', 'ignore_ament_install']
[0.559s] Level 1:colcon.colcon_core.package_identification:_identify(src/gripper_interfaces) by extension 'ignore'
[0.559s] Level 1:colcon.colcon_core.package_identification:_identify(src/gripper_interfaces) by extension 'ignore_ament_install'
[0.559s] Level 1:colcon.colcon_core.package_identification:_identify(src/gripper_interfaces) by extensions ['colcon_pkg']
[0.559s] Level 1:colcon.colcon_core.package_identification:_identify(src/gripper_interfaces) by extension 'colcon_pkg'
[0.559s] Level 1:colcon.colcon_core.package_identification:_identify(src/gripper_interfaces) by extensions ['colcon_meta']
[0.559s] Level 1:colcon.colcon_core.package_identification:_identify(src/gripper_interfaces) by extension 'colcon_meta'
[0.559s] Level 1:colcon.colcon_core.package_identification:_identify(src/gripper_interfaces) by extensions ['ros']
[0.559s] Level 1:colcon.colcon_core.package_identification:_identify(src/gripper_interfaces) by extension 'ros'
[0.560s] DEBUG:colcon.colcon_core.package_identification:Package 'src/gripper_interfaces' with type 'ros.ament_cmake' and name 'gripper_interfaces'
[0.560s] Level 1:colcon.colcon_core.package_discovery:discover_packages(recursive) using defaults
[0.560s] Level 1:colcon.colcon_core.package_discovery:discover_packages(ignore) discover
[0.560s] Level 1:colcon.colcon_core.package_discovery:discover_packages(ignore) using defaults
[0.560s] Level 1:colcon.colcon_core.package_discovery:discover_packages(path) discover
[0.561s] Level 1:colcon.colcon_core.package_discovery:discover_packages(path) using defaults
[0.625s] Level 1:colcon.colcon_core.package_discovery:discover_packages(prefix_path) check parameters
[0.625s] Level 1:colcon.colcon_core.package_discovery:discover_packages(prefix_path) discover
[0.627s] WARNING:colcon.colcon_ros.prefix_path.ament:The path '/home/bajajauto/Dext_Hand/install/gripper_interfaces' in the environment variable AMENT_PREFIX_PATH doesn't exist
[0.627s] WARNING:colcon.colcon_ros.prefix_path.ament:The path '/home/bajajauto/Dext_Hand/install/gripper' in the environment variable AMENT_PREFIX_PATH doesn't exist
[0.627s] WARNING:colcon.colcon_ros.prefix_path.catkin:The path '/home/bajajauto/Dext_Hand/install/gripper_interfaces' in the environment variable CMAKE_PREFIX_PATH doesn't exist
[0.627s] WARNING:colcon.colcon_ros.prefix_path.catkin:The path '/home/bajajauto/Dext_Hand/install/gripper' in the environment variable CMAKE_PREFIX_PATH doesn't exist
[0.629s] DEBUG:colcon.colcon_installed_package_information.package_discovery:Found 0 installed packages in /home/bajajauto/Dext_Hand/install
[0.631s] DEBUG:colcon.colcon_installed_package_information.package_discovery:Found 390 installed packages in /opt/ros/humble
[0.634s] Level 1:colcon.colcon_core.package_discovery:discover_packages(prefix_path) using defaults
[0.724s] Level 5:colcon.colcon_core.verb:set package 'gripper_interfaces' build argument 'cmake_args' from command line to 'None'
[0.724s] Level 5:colcon.colcon_core.verb:set package 'gripper_interfaces' build argument 'cmake_target' from command line to 'None'
[0.724s] Level 5:colcon.colcon_core.verb:set package 'gripper_interfaces' build argument 'cmake_target_skip_unavailable' from command line to 'False'
[0.724s] Level 5:colcon.colcon_core.verb:set package 'gripper_interfaces' build argument 'cmake_clean_cache' from command line to 'False'
[0.724s] Level 5:colcon.colcon_core.verb:set package 'gripper_interfaces' build argument 'cmake_clean_first' from command line to 'False'
[0.724s] Level 5:colcon.colcon_core.verb:set package 'gripper_interfaces' build argument 'cmake_force_configure' from command line to 'False'
[0.724s] Level 5:colcon.colcon_core.verb:set package 'gripper_interfaces' build argument 'ament_cmake_args' from command line to 'None'
[0.724s] Level 5:colcon.colcon_core.verb:set package 'gripper_interfaces' build argument 'catkin_cmake_args' from command line to 'None'
[0.724s] Level 5:colcon.colcon_core.verb:set package 'gripper_interfaces' build argument 'catkin_skip_building_tests' from command line to 'False'
[0.724s] DEBUG:colcon.colcon_core.verb:Building package 'gripper_interfaces' with the following arguments: {'ament_cmake_args': None, 'build_base': '/home/bajajauto/Dext_Hand/build/gripper_interfaces', 'catkin_cmake_args': None, 'catkin_skip_building_tests': False, 'cmake_args': None, 'cmake_clean_cache': False, 'cmake_clean_first': False, 'cmake_force_configure': False, 'cmake_target': None, 'cmake_target_skip_unavailable': False, 'install_base': '/home/bajajauto/Dext_Hand/install/gripper_interfaces', 'merge_install': False, 'path': '/home/bajajauto/Dext_Hand/src/gripper_interfaces', 'symlink_install': True, 'test_result_base': None}
[0.725s] Level 5:colcon.colcon_core.verb:set package 'gripper' build argument 'cmake_args' from command line to 'None'
[0.725s] Level 5:colcon.colcon_core.verb:set package 'gripper' build argument 'cmake_target' from command line to 'None'
[0.725s] Level 5:colcon.colcon_core.verb:set package 'gripper' build argument 'cmake_target_skip_unavailable' from command line to 'False'
[0.725s] Level 5:colcon.colcon_core.verb:set package 'gripper' build argument 'cmake_clean_cache' from command line to 'False'
[0.725s] Level 5:colcon.colcon_core.verb:set package 'gripper' build argument 'cmake_clean_first' from command line to 'False'
[0.725s] Level 5:colcon.colcon_core.verb:set package 'gripper' build argument 'cmake_force_configure' from command line to 'False'
[0.725s] Level 5:colcon.colcon_core.verb:set package 'gripper' build argument 'ament_cmake_args' from command line to 'None'
[0.725s] Level 5:colcon.colcon_core.verb:set package 'gripper' build argument 'catkin_cmake_args' from command line to 'None'
[0.725s] Level 5:colcon.colcon_core.verb:set package 'gripper' build argument 'catkin_skip_building_tests' from command line to 'False'
[0.725s] DEBUG:colcon.colcon_core.verb:Building package 'gripper' with the following arguments: {'ament_cmake_args': None, 'build_base': '/home/bajajauto/Dext_Hand/build/gripper', 'catkin_cmake_args': None, 'catkin_skip_building_tests': False, 'cmake_args': None, 'cmake_clean_cache': False, 'cmake_clean_first': False, 'cmake_force_configure': False, 'cmake_target': None, 'cmake_target_skip_unavailable': False, 'install_base': '/home/bajajauto/Dext_Hand/install/gripper', 'merge_install': False, 'path': '/home/bajajauto/Dext_Hand/src/gripper', 'symlink_install': True, 'test_result_base': None}
[0.726s] INFO:colcon.colcon_core.executor:Executing jobs using 'parallel' executor
[0.728s] DEBUG:colcon.colcon_parallel_executor.executor.parallel:run_until_complete
[0.729s] INFO:colcon.colcon_ros.task.ament_cmake.build:Building ROS package in '/home/bajajauto/Dext_Hand/src/gripper_interfaces' with build type 'ament_cmake'
[0.729s] INFO:colcon.colcon_cmake.task.cmake.build:Building CMake package in '/home/bajajauto/Dext_Hand/src/gripper_interfaces'
[0.733s] INFO:colcon.colcon_core.plugin_system:Skipping extension 'colcon_core.shell.bat': Not used on non-Windows systems
[0.733s] INFO:colcon.colcon_core.shell:Skip shell extension 'powershell' for command environment: Not usable outside of PowerShell
[0.733s] DEBUG:colcon.colcon_core.shell:Skip shell extension 'dsv' for command environment
[0.749s] DEBUG:colcon.colcon_core.event_handler.log_command:Invoking command in '/home/bajajauto/Dext_Hand/build/gripper_interfaces': CMAKE_PREFIX_PATH=${CMAKE_PREFIX_PATH}:/opt/ros/humble /usr/bin/cmake /home/bajajauto/Dext_Hand/src/gripper_interfaces -DAMENT_CMAKE_SYMLINK_INSTALL=1 -DCMAKE_INSTALL_PREFIX=/home/bajajauto/Dext_Hand/install/gripper_interfaces
[4.005s] DEBUG:colcon.colcon_core.event_handler.log_command:Invoked command in '/home/bajajauto/Dext_Hand/build/gripper_interfaces' returned '0': CMAKE_PREFIX_PATH=${CMAKE_PREFIX_PATH}:/opt/ros/humble /usr/bin/cmake /home/bajajauto/Dext_Hand/src/gripper_interfaces -DAMENT_CMAKE_SYMLINK_INSTALL=1 -DCMAKE_INSTALL_PREFIX=/home/bajajauto/Dext_Hand/install/gripper_interfaces
[4.011s] DEBUG:colcon.colcon_core.event_handler.log_command:Invoking command in '/home/bajajauto/Dext_Hand/build/gripper_interfaces': CMAKE_PREFIX_PATH=${CMAKE_PREFIX_PATH}:/opt/ros/humble /usr/bin/cmake --build /home/bajajauto/Dext_Hand/build/gripper_interfaces -- -j6 -l6
[9.428s] DEBUG:colcon.colcon_core.event_handler.log_command:Invoked command in '/home/bajajauto/Dext_Hand/build/gripper_interfaces' returned '0': CMAKE_PREFIX_PATH=${CMAKE_PREFIX_PATH}:/opt/ros/humble /usr/bin/cmake --build /home/bajajauto/Dext_Hand/build/gripper_interfaces -- -j6 -l6
[9.449s] DEBUG:colcon.colcon_core.event_handler.log_command:Invoking command in '/home/bajajauto/Dext_Hand/build/gripper_interfaces': CMAKE_PREFIX_PATH=${CMAKE_PREFIX_PATH}:/opt/ros/humble /usr/bin/cmake --install /home/bajajauto/Dext_Hand/build/gripper_interfaces
[10.752s] Level 1:colcon.colcon_core.environment:create_environment_scripts_only(gripper_interfaces)
[10.753s] DEBUG:colcon.colcon_core.event_handler.log_command:Invoked command in '/home/bajajauto/Dext_Hand/build/gripper_interfaces' returned '0': CMAKE_PREFIX_PATH=${CMAKE_PREFIX_PATH}:/opt/ros/humble /usr/bin/cmake --install /home/bajajauto/Dext_Hand/build/gripper_interfaces
[10.758s] Level 1:colcon.colcon_core.environment:checking '/home/bajajauto/Dext_Hand/install/gripper_interfaces' for CMake module files
[10.760s] Level 1:colcon.colcon_core.environment:checking '/home/bajajauto/Dext_Hand/install/gripper_interfaces' for CMake config files
[10.761s] Level 1:colcon.colcon_core.shell:create_environment_hook('gripper_interfaces', 'cmake_prefix_path')
[10.761s] INFO:colcon.colcon_core.shell:Creating environment hook '/home/bajajauto/Dext_Hand/install/gripper_interfaces/share/gripper_interfaces/hook/cmake_prefix_path.ps1'
[10.763s] INFO:colcon.colcon_core.shell:Creating environment descriptor '/home/bajajauto/Dext_Hand/install/gripper_interfaces/share/gripper_interfaces/hook/cmake_prefix_path.dsv'
[10.764s] INFO:colcon.colcon_core.shell:Creating environment hook '/home/bajajauto/Dext_Hand/install/gripper_interfaces/share/gripper_interfaces/hook/cmake_prefix_path.sh'
[10.766s] Level 1:colcon.colcon_core.environment:checking '/home/bajajauto/Dext_Hand/install/gripper_interfaces/lib'
[10.766s] Level 1:colcon.colcon_core.shell:create_environment_hook('gripper_interfaces', 'ld_library_path_lib')
[10.767s] INFO:colcon.colcon_core.shell:Creating environment hook '/home/bajajauto/Dext_Hand/install/gripper_interfaces/share/gripper_interfaces/hook/ld_library_path_lib.ps1'
[10.767s] INFO:colcon.colcon_core.shell:Creating environment descriptor '/home/bajajauto/Dext_Hand/install/gripper_interfaces/share/gripper_interfaces/hook/ld_library_path_lib.dsv'
[10.768s] INFO:colcon.colcon_core.shell:Creating environment hook '/home/bajajauto/Dext_Hand/install/gripper_interfaces/share/gripper_interfaces/hook/ld_library_path_lib.sh'
[10.769s] Level 1:colcon.colcon_core.environment:checking '/home/bajajauto/Dext_Hand/install/gripper_interfaces/bin'
[10.769s] Level 1:colcon.colcon_core.environment:checking '/home/bajajauto/Dext_Hand/install/gripper_interfaces/lib/pkgconfig/gripper_interfaces.pc'
[10.770s] Level 1:colcon.colcon_core.environment:checking '/home/bajajauto/Dext_Hand/install/gripper_interfaces/lib/python3.10/site-packages'
[10.771s] Level 1:colcon.colcon_core.environment:checking '/home/bajajauto/Dext_Hand/install/gripper_interfaces/bin'
[10.771s] INFO:colcon.colcon_core.shell:Creating package script '/home/bajajauto/Dext_Hand/install/gripper_interfaces/share/gripper_interfaces/package.ps1'
[10.773s] INFO:colcon.colcon_core.shell:Creating package descriptor '/home/bajajauto/Dext_Hand/install/gripper_interfaces/share/gripper_interfaces/package.dsv'
[10.774s] INFO:colcon.colcon_core.shell:Creating package script '/home/bajajauto/Dext_Hand/install/gripper_interfaces/share/gripper_interfaces/package.sh'
[10.776s] INFO:colcon.colcon_core.shell:Creating package script '/home/bajajauto/Dext_Hand/install/gripper_interfaces/share/gripper_interfaces/package.bash'
[10.777s] INFO:colcon.colcon_core.shell:Creating package script '/home/bajajauto/Dext_Hand/install/gripper_interfaces/share/gripper_interfaces/package.zsh'
[10.778s] Level 1:colcon.colcon_core.environment:create_file_with_runtime_dependencies(/home/bajajauto/Dext_Hand/install/gripper_interfaces/share/colcon-core/packages/gripper_interfaces)
[10.780s] Level 1:colcon.colcon_core.environment:create_environment_scripts_only(gripper_interfaces)
[10.780s] Level 1:colcon.colcon_core.environment:checking '/home/bajajauto/Dext_Hand/install/gripper_interfaces' for CMake module files
[10.782s] Level 1:colcon.colcon_core.environment:checking '/home/bajajauto/Dext_Hand/install/gripper_interfaces' for CMake config files
[10.783s] Level 1:colcon.colcon_core.shell:create_environment_hook('gripper_interfaces', 'cmake_prefix_path')
[10.783s] INFO:colcon.colcon_core.shell:Creating environment hook '/home/bajajauto/Dext_Hand/install/gripper_interfaces/share/gripper_interfaces/hook/cmake_prefix_path.ps1'
[10.784s] INFO:colcon.colcon_core.shell:Creating environment descriptor '/home/bajajauto/Dext_Hand/install/gripper_interfaces/share/gripper_interfaces/hook/cmake_prefix_path.dsv'
[10.785s] INFO:colcon.colcon_core.shell:Creating environment hook '/home/bajajauto/Dext_Hand/install/gripper_interfaces/share/gripper_interfaces/hook/cmake_prefix_path.sh'
[10.787s] Level 1:colcon.colcon_core.environment:checking '/home/bajajauto/Dext_Hand/install/gripper_interfaces/lib'
[10.787s] Level 1:colcon.colcon_core.shell:create_environment_hook('gripper_interfaces', 'ld_library_path_lib')
[10.787s] INFO:colcon.colcon_core.shell:Creating environment hook '/home/bajajauto/Dext_Hand/install/gripper_interfaces/share/gripper_interfaces/hook/ld_library_path_lib.ps1'
[10.788s] INFO:colcon.colcon_core.shell:Creating environment descriptor '/home/bajajauto/Dext_Hand/install/gripper_interfaces/share/gripper_interfaces/hook/ld_library_path_lib.dsv'
[10.789s] INFO:colcon.colcon_core.shell:Creating environment hook '/home/bajajauto/Dext_Hand/install/gripper_interfaces/share/gripper_interfaces/hook/ld_library_path_lib.sh'
[10.790s] Level 1:colcon.colcon_core.environment:checking '/home/bajajauto/Dext_Hand/install/gripper_interfaces/bin'
[10.790s] Level 1:colcon.colcon_core.environment:checking '/home/bajajauto/Dext_Hand/install/gripper_interfaces/lib/pkgconfig/gripper_interfaces.pc'
[10.791s] Level 1:colcon.colcon_core.environment:checking '/home/bajajauto/Dext_Hand/install/gripper_interfaces/lib/python3.10/site-packages'
[10.792s] Level 1:colcon.colcon_core.environment:checking '/home/bajajauto/Dext_Hand/install/gripper_interfaces/bin'
[10.792s] INFO:colcon.colcon_core.shell:Creating package script '/home/bajajauto/Dext_Hand/install/gripper_interfaces/share/gripper_interfaces/package.ps1'
[10.794s] INFO:colcon.colcon_core.shell:Creating package descriptor '/home/bajajauto/Dext_Hand/install/gripper_interfaces/share/gripper_interfaces/package.dsv'
[10.795s] INFO:colcon.colcon_core.shell:Creating package script '/home/bajajauto/Dext_Hand/install/gripper_interfaces/share/gripper_interfaces/package.sh'
[10.797s] INFO:colcon.colcon_core.shell:Creating package script '/home/bajajauto/Dext_Hand/install/gripper_interfaces/share/gripper_interfaces/package.bash'
[10.798s] INFO:colcon.colcon_core.shell:Creating package script '/home/bajajauto/Dext_Hand/install/gripper_interfaces/share/gripper_interfaces/package.zsh'
[10.799s] Level 1:colcon.colcon_core.environment:create_file_with_runtime_dependencies(/home/bajajauto/Dext_Hand/install/gripper_interfaces/share/colcon-core/packages/gripper_interfaces)
[10.800s] INFO:colcon.colcon_ros.task.ament_python.build:Building ROS package in '/home/bajajauto/Dext_Hand/src/gripper' with build type 'ament_python'
[10.800s] Level 1:colcon.colcon_core.shell:create_environment_hook('gripper', 'ament_prefix_path')
[10.801s] INFO:colcon.colcon_core.shell:Creating environment hook '/home/bajajauto/Dext_Hand/install/gripper/share/gripper/hook/ament_prefix_path.ps1'
[10.803s] INFO:colcon.colcon_core.shell:Creating environment descriptor '/home/bajajauto/Dext_Hand/install/gripper/share/gripper/hook/ament_prefix_path.dsv'
[10.803s] INFO:colcon.colcon_core.shell:Creating environment hook '/home/bajajauto/Dext_Hand/install/gripper/share/gripper/hook/ament_prefix_path.sh'
[10.804s] INFO:colcon.colcon_core.shell:Skip shell extension 'powershell' for command environment: Not usable outside of PowerShell
[10.804s] DEBUG:colcon.colcon_core.shell:Skip shell extension 'dsv' for command environment
[11.335s] INFO:colcon.colcon_core.task.python.build:Building Python package in '/home/bajajauto/Dext_Hand/src/gripper'
[11.336s] INFO:colcon.colcon_core.shell:Skip shell extension 'powershell' for command environment: Not usable outside of PowerShell
[11.336s] DEBUG:colcon.colcon_core.shell:Skip shell extension 'dsv' for command environment
[12.068s] DEBUG:colcon.colcon_core.event_handler.log_command:Invoking command in '/home/bajajauto/Dext_Hand/build/gripper': LD_LIBRARY_PATH=/home/bajajauto/Dext_Hand/install/gripper_interfaces/lib:/home/bajajauto/Dext_Hand/install/gripper/lib:/opt/ros/humble/opt/rviz_ogre_vendor/lib:/opt/ros/humble/lib/aarch64-linux-gnu:/opt/ros/humble/lib:/usr/local/cuda/lib64 PYTHONPATH=/home/bajajauto/Dext_Hand/build/gripper/prefix_override:/usr/lib/python3/dist-packages/colcon_core/task/python/colcon_distutils_commands:/home/bajajauto/Dext_Hand/install/gripper/lib/python3.10/site-packages:${PYTHONPATH} /usr/bin/python3 -W ignore:setup.py install is deprecated -W ignore:easy_install command is deprecated setup.py develop --editable --build-directory /home/bajajauto/Dext_Hand/build/gripper/build --no-deps symlink_data
[12.980s] Level 1:colcon.colcon_core.shell:create_environment_hook('gripper', 'pythonpath_develop')
[12.981s] INFO:colcon.colcon_core.shell:Creating environment hook '/home/bajajauto/Dext_Hand/build/gripper/share/gripper/hook/pythonpath_develop.ps1'
[12.983s] DEBUG:colcon.colcon_core.event_handler.log_command:Invoked command in '/home/bajajauto/Dext_Hand/build/gripper' returned '0': LD_LIBRARY_PATH=/home/bajajauto/Dext_Hand/install/gripper_interfaces/lib:/home/bajajauto/Dext_Hand/install/gripper/lib:/opt/ros/humble/opt/rviz_ogre_vendor/lib:/opt/ros/humble/lib/aarch64-linux-gnu:/opt/ros/humble/lib:/usr/local/cuda/lib64 PYTHONPATH=/home/bajajauto/Dext_Hand/build/gripper/prefix_override:/usr/lib/python3/dist-packages/colcon_core/task/python/colcon_distutils_commands:/home/bajajauto/Dext_Hand/install/gripper/lib/python3.10/site-packages:${PYTHONPATH} /usr/bin/python3 -W ignore:setup.py install is deprecated -W ignore:easy_install command is deprecated setup.py develop --editable --build-directory /home/bajajauto/Dext_Hand/build/gripper/build --no-deps symlink_data
[12.985s] INFO:colcon.colcon_core.shell:Creating environment descriptor '/home/bajajauto/Dext_Hand/build/gripper/share/gripper/hook/pythonpath_develop.dsv'
[12.986s] INFO:colcon.colcon_core.shell:Creating environment hook '/home/bajajauto/Dext_Hand/build/gripper/share/gripper/hook/pythonpath_develop.sh'
[12.988s] Level 1:colcon.colcon_core.environment:checking '/home/bajajauto/Dext_Hand/install/gripper' for CMake module files
[12.988s] Level 1:colcon.colcon_core.environment:checking '/home/bajajauto/Dext_Hand/install/gripper' for CMake config files
[12.989s] Level 1:colcon.colcon_core.environment:checking '/home/bajajauto/Dext_Hand/install/gripper/lib'
[12.989s] Level 1:colcon.colcon_core.environment:checking '/home/bajajauto/Dext_Hand/install/gripper/bin'
[12.989s] Level 1:colcon.colcon_core.environment:checking '/home/bajajauto/Dext_Hand/install/gripper/lib/pkgconfig/gripper.pc'
[12.990s] Level 1:colcon.colcon_core.environment:checking '/home/bajajauto/Dext_Hand/install/gripper/lib/python3.10/site-packages'
[12.990s] Level 1:colcon.colcon_core.shell:create_environment_hook('gripper', 'pythonpath')
[12.991s] INFO:colcon.colcon_core.shell:Creating environment hook '/home/bajajauto/Dext_Hand/install/gripper/share/gripper/hook/pythonpath.ps1'
[12.992s] INFO:colcon.colcon_core.shell:Creating environment descriptor '/home/bajajauto/Dext_Hand/install/gripper/share/gripper/hook/pythonpath.dsv'
[12.993s] INFO:colcon.colcon_core.shell:Creating environment hook '/home/bajajauto/Dext_Hand/install/gripper/share/gripper/hook/pythonpath.sh'
[12.994s] Level 1:colcon.colcon_core.environment:checking '/home/bajajauto/Dext_Hand/install/gripper/bin'
[12.994s] Level 1:colcon.colcon_core.environment:create_environment_scripts_only(gripper)
[12.995s] INFO:colcon.colcon_core.shell:Creating package script '/home/bajajauto/Dext_Hand/install/gripper/share/gripper/package.ps1'
[12.996s] INFO:colcon.colcon_core.shell:Creating package descriptor '/home/bajajauto/Dext_Hand/install/gripper/share/gripper/package.dsv'
[12.998s] INFO:colcon.colcon_core.shell:Creating package script '/home/bajajauto/Dext_Hand/install/gripper/share/gripper/package.sh'
[13.000s] INFO:colcon.colcon_core.shell:Creating package script '/home/bajajauto/Dext_Hand/install/gripper/share/gripper/package.bash'
[13.001s] INFO:colcon.colcon_core.shell:Creating package script '/home/bajajauto/Dext_Hand/install/gripper/share/gripper/package.zsh'
[13.002s] Level 1:colcon.colcon_core.environment:create_file_with_runtime_dependencies(/home/bajajauto/Dext_Hand/install/gripper/share/colcon-core/packages/gripper)
[13.003s] DEBUG:colcon.colcon_parallel_executor.executor.parallel:closing loop
[13.004s] DEBUG:colcon.colcon_parallel_executor.executor.parallel:loop closed
[13.004s] DEBUG:colcon.colcon_parallel_executor.executor.parallel:run_until_complete finished with '0'
[13.004s] DEBUG:colcon.colcon_core.event_reactor:joining thread
[13.021s] INFO:colcon.colcon_core.plugin_system:Skipping extension 'colcon_notification.desktop_notification.terminal_notifier': Not used on non-Darwin systems
[13.021s] INFO:colcon.colcon_core.plugin_system:Skipping extension 'colcon_notification.desktop_notification.win32': Not used on non-Windows systems
[13.021s] INFO:colcon.colcon_notification.desktop_notification:Sending desktop notification using 'notify2'
[13.066s] DEBUG:colcon.colcon_core.event_reactor:joined thread
[13.067s] INFO:colcon.colcon_core.shell:Creating prefix script '/home/bajajauto/Dext_Hand/install/local_setup.ps1'
[13.070s] INFO:colcon.colcon_core.shell:Creating prefix util module '/home/bajajauto/Dext_Hand/install/_local_setup_util_ps1.py'
[13.074s] INFO:colcon.colcon_core.shell:Creating prefix chain script '/home/bajajauto/Dext_Hand/install/setup.ps1'
[13.077s] INFO:colcon.colcon_core.shell:Creating prefix script '/home/bajajauto/Dext_Hand/install/local_setup.sh'
[13.078s] INFO:colcon.colcon_core.shell:Creating prefix util module '/home/bajajauto/Dext_Hand/install/_local_setup_util_sh.py'
[13.079s] INFO:colcon.colcon_core.shell:Creating prefix chain script '/home/bajajauto/Dext_Hand/install/setup.sh'
[13.082s] INFO:colcon.colcon_core.shell:Creating prefix script '/home/bajajauto/Dext_Hand/install/local_setup.bash'
[13.083s] INFO:colcon.colcon_core.shell:Creating prefix chain script '/home/bajajauto/Dext_Hand/install/setup.bash'
[13.086s] INFO:colcon.colcon_core.shell:Creating prefix script '/home/bajajauto/Dext_Hand/install/local_setup.zsh'
[13.087s] INFO:colcon.colcon_core.shell:Creating prefix chain script '/home/bajajauto/Dext_Hand/install/setup.zsh'
