/home/bajajauto/Dext_Hand/install/gripper/lib/python3.10/site-packages/gripper/gripper_action_server.py
/home/bajajauto/Dext_Hand/install/gripper/lib/python3.10/site-packages/gripper/tcp_data_subscriber.py
/home/bajajauto/Dext_Hand/install/gripper/lib/python3.10/site-packages/gripper/tcp_rec_publisher.py
/home/bajajauto/Dext_Hand/install/gripper/lib/python3.10/site-packages/gripper/gripper_driver.py
/home/bajajauto/Dext_Hand/install/gripper/lib/python3.10/site-packages/gripper/gripper_action_client.py
/home/bajajauto/Dext_Hand/install/gripper/lib/python3.10/site-packages/gripper/__init__.py
/home/bajajauto/Dext_Hand/install/gripper/lib/python3.10/site-packages/gripper/gripper_position_publisher.py
/home/bajajauto/Dext_Hand/install/gripper/lib/python3.10/site-packages/gripper/__pycache__/gripper_action_server.cpython-310.pyc
/home/bajajauto/Dext_Hand/install/gripper/lib/python3.10/site-packages/gripper/__pycache__/tcp_data_subscriber.cpython-310.pyc
/home/bajajauto/Dext_Hand/install/gripper/lib/python3.10/site-packages/gripper/__pycache__/tcp_rec_publisher.cpython-310.pyc
/home/bajajauto/Dext_Hand/install/gripper/lib/python3.10/site-packages/gripper/__pycache__/gripper_driver.cpython-310.pyc
/home/bajajauto/Dext_Hand/install/gripper/lib/python3.10/site-packages/gripper/__pycache__/gripper_action_client.cpython-310.pyc
/home/bajajauto/Dext_Hand/install/gripper/lib/python3.10/site-packages/gripper/__pycache__/__init__.cpython-310.pyc
/home/bajajauto/Dext_Hand/install/gripper/lib/python3.10/site-packages/gripper/__pycache__/gripper_position_publisher.cpython-310.pyc
/home/bajajauto/Dext_Hand/install/gripper/share/ament_index/resource_index/packages/gripper
/home/bajajauto/Dext_Hand/install/gripper/share/gripper/package.xml
/home/bajajauto/Dext_Hand/install/gripper/lib/python3.10/site-packages/gripper-0.0.0-py3.10.egg-info/top_level.txt
/home/bajajauto/Dext_Hand/install/gripper/lib/python3.10/site-packages/gripper-0.0.0-py3.10.egg-info/requires.txt
/home/bajajauto/Dext_Hand/install/gripper/lib/python3.10/site-packages/gripper-0.0.0-py3.10.egg-info/SOURCES.txt
/home/bajajauto/Dext_Hand/install/gripper/lib/python3.10/site-packages/gripper-0.0.0-py3.10.egg-info/entry_points.txt
/home/bajajauto/Dext_Hand/install/gripper/lib/python3.10/site-packages/gripper-0.0.0-py3.10.egg-info/PKG-INFO
/home/bajajauto/Dext_Hand/install/gripper/lib/python3.10/site-packages/gripper-0.0.0-py3.10.egg-info/zip-safe
/home/bajajauto/Dext_Hand/install/gripper/lib/python3.10/site-packages/gripper-0.0.0-py3.10.egg-info/dependency_links.txt
/home/bajajauto/Dext_Hand/install/gripper/lib/gripper/gripper_action_client
/home/bajajauto/Dext_Hand/install/gripper/lib/gripper/gripper_action_server
/home/bajajauto/Dext_Hand/install/gripper/lib/gripper/gripper_position_publisher
/home/bajajauto/Dext_Hand/install/gripper/lib/gripper/tcp_rec_publisher
