[0.028s] Invoking command in '/home/bajajauto/Dext_Hand/build/gripper_interfaces': CMAKE_PREFIX_PATH=/opt/ros/humble /usr/bin/cmake /home/bajajauto/Dext_Hand/src/gripper_interfaces -DCMAKE_INSTALL_PREFIX=/home/bajajauto/Dext_Hand/install/gripper_interfaces
[0.202s] -- Found ament_cmake: 1.3.12 (/opt/ros/humble/share/ament_cmake/cmake)
[0.479s] -- Override CMake install command with custom implementation using symlinks instead of copying resources
[0.544s] -- Found rosidl_default_generators: 1.2.0 (/opt/ros/humble/share/rosidl_default_generators/cmake)
[0.553s] -- Using all available rosidl_typesupport_c: rosidl_typesupport_fastrtps_c;rosidl_typesupport_introspection_c
[0.564s] -- Found rosidl_adapter: 3.1.8 (/opt/ros/humble/share/rosidl_adapter/cmake)
[0.668s] -- Using all available rosidl_typesupport_cpp: rosidl_typesupport_fastrtps_cpp;rosidl_typesupport_introspection_cpp
[1.427s] -- Found ament_cmake_ros: 0.10.0 (/opt/ros/humble/share/ament_cmake_ros/cmake)
[1.852s] -- Using all available rosidl_typesupport_c: rosidl_typesupport_fastrtps_c;rosidl_typesupport_introspection_c
[2.386s] -- Using all available rosidl_typesupport_cpp: rosidl_typesupport_fastrtps_cpp;rosidl_typesupport_introspection_cpp
[2.443s] -- Found python_cmake_module: 0.10.0 (/opt/ros/humble/share/python_cmake_module/cmake)
[2.501s] -- Using PYTHON_EXECUTABLE: /usr/bin/python3
[2.501s] -- Using PYTHON_INCLUDE_DIRS: /usr/include/python3.10
[2.501s] -- Using PYTHON_LIBRARIES: /usr/lib/aarch64-linux-gnu/libpython3.10.so
[2.609s] -- Configuring done
[2.819s] -- Generating done
[2.853s] -- Build files have been written to: /home/bajajauto/Dext_Hand/build/gripper_interfaces
[2.873s] Invoked command in '/home/bajajauto/Dext_Hand/build/gripper_interfaces' returned '0': CMAKE_PREFIX_PATH=/opt/ros/humble /usr/bin/cmake /home/bajajauto/Dext_Hand/src/gripper_interfaces -DCMAKE_INSTALL_PREFIX=/home/bajajauto/Dext_Hand/install/gripper_interfaces
[2.877s] Invoking command in '/home/bajajauto/Dext_Hand/build/gripper_interfaces': CMAKE_PREFIX_PATH=/opt/ros/humble /usr/bin/cmake --build /home/bajajauto/Dext_Hand/build/gripper_interfaces -- -j6 -l6
[2.962s] [35m[1mConsolidate compiler generated dependencies of target gripper_interfaces__rosidl_generator_c[0m
[2.978s] [  3%] Built target gripper_interfaces__cpp
[2.995s] [  3%] Built target ament_cmake_python_symlink_gripper_interfaces
[2.996s] [35m[1mConsolidate compiler generated dependencies of target gripper_interfaces__rosidl_typesupport_introspection_cpp[0m
[2.997s] [35m[1mConsolidate compiler generated dependencies of target gripper_interfaces__rosidl_typesupport_cpp[0m
[2.999s] [35m[1mConsolidate compiler generated dependencies of target gripper_interfaces__rosidl_typesupport_fastrtps_cpp[0m
[2.999s] [ 12%] Built target gripper_interfaces__rosidl_generator_c
[3.017s] [35m[1mConsolidate compiler generated dependencies of target gripper_interfaces__rosidl_typesupport_introspection_c[0m
[3.027s] [35m[1mConsolidate compiler generated dependencies of target gripper_interfaces__rosidl_typesupport_fastrtps_c[0m
[3.043s] [ 22%] Built target gripper_interfaces__rosidl_typesupport_introspection_c
[3.058s] [ 32%] Built target gripper_interfaces__rosidl_typesupport_introspection_cpp
[3.058s] [ 41%] Built target gripper_interfaces__rosidl_typesupport_cpp
[3.064s] [35m[1mConsolidate compiler generated dependencies of target gripper_interfaces__rosidl_typesupport_c[0m
[3.069s] [ 51%] Built target gripper_interfaces__rosidl_typesupport_fastrtps_cpp
[3.069s] [ 61%] Built target gripper_interfaces__rosidl_typesupport_fastrtps_c
[3.087s] [ 70%] Built target gripper_interfaces__rosidl_typesupport_c
[3.126s] [ 70%] Built target gripper_interfaces
[3.166s] [ 74%] Built target gripper_interfaces__py
[3.186s] [35m[1mConsolidate compiler generated dependencies of target gripper_interfaces__rosidl_generator_py[0m
[3.224s] [ 80%] Built target gripper_interfaces__rosidl_generator_py
[3.244s] [35m[1mConsolidate compiler generated dependencies of target gripper_interfaces__rosidl_typesupport_introspection_c__pyext[0m
[3.244s] [35m[1mConsolidate compiler generated dependencies of target gripper_interfaces__rosidl_typesupport_fastrtps_c__pyext[0m
[3.245s] [35m[1mConsolidate compiler generated dependencies of target gripper_interfaces__rosidl_typesupport_c__pyext[0m
[3.268s] [ 93%] Built target gripper_interfaces__rosidl_typesupport_fastrtps_c__pyext
[3.269s] [ 93%] Built target gripper_interfaces__rosidl_typesupport_introspection_c__pyext
[3.273s] [100%] Built target gripper_interfaces__rosidl_typesupport_c__pyext
[3.476s] running egg_info
[3.477s] writing gripper_interfaces.egg-info/PKG-INFO
[3.477s] writing dependency_links to gripper_interfaces.egg-info/dependency_links.txt
[3.478s] writing top-level names to gripper_interfaces.egg-info/top_level.txt
[3.485s] reading manifest file 'gripper_interfaces.egg-info/SOURCES.txt'
[3.486s] writing manifest file 'gripper_interfaces.egg-info/SOURCES.txt'
[3.556s] [100%] Built target ament_cmake_python_build_gripper_interfaces_egg
[3.581s] Invoked command in '/home/bajajauto/Dext_Hand/build/gripper_interfaces' returned '0': CMAKE_PREFIX_PATH=/opt/ros/humble /usr/bin/cmake --build /home/bajajauto/Dext_Hand/build/gripper_interfaces -- -j6 -l6
[3.606s] Invoking command in '/home/bajajauto/Dext_Hand/build/gripper_interfaces': CMAKE_PREFIX_PATH=/opt/ros/humble /usr/bin/cmake --install /home/bajajauto/Dext_Hand/build/gripper_interfaces
[3.623s] -- Install configuration: ""
[3.624s] -- Execute custom install script
[3.626s] -- Up-to-date symlink: /home/bajajauto/Dext_Hand/install/gripper_interfaces/share/ament_index/resource_index/rosidl_interfaces/gripper_interfaces
[3.629s] -- Up-to-date symlink: /home/bajajauto/Dext_Hand/install/gripper_interfaces/include/gripper_interfaces/gripper_interfaces/action/detail/move_gripper__functions.h
[3.630s] -- Up-to-date symlink: /home/bajajauto/Dext_Hand/install/gripper_interfaces/include/gripper_interfaces/gripper_interfaces/action/detail/move_gripper__struct.h
[3.631s] -- Up-to-date symlink: /home/bajajauto/Dext_Hand/install/gripper_interfaces/include/gripper_interfaces/gripper_interfaces/action/detail/move_gripper__type_support.h
[3.631s] -- Up-to-date symlink: /home/bajajauto/Dext_Hand/install/gripper_interfaces/include/gripper_interfaces/gripper_interfaces/action/move_gripper.h
[3.632s] -- Up-to-date symlink: /home/bajajauto/Dext_Hand/install/gripper_interfaces/include/gripper_interfaces/gripper_interfaces/msg/rosidl_generator_c__visibility_control.h
[3.634s] -- Up-to-date symlink: /home/bajajauto/Dext_Hand/install/gripper_interfaces/share/gripper_interfaces/environment/library_path.sh
[3.634s] -- Up-to-date symlink: /home/bajajauto/Dext_Hand/install/gripper_interfaces/share/gripper_interfaces/environment/library_path.dsv
[3.635s] -- Up-to-date symlink: /home/bajajauto/Dext_Hand/install/gripper_interfaces/include/gripper_interfaces/gripper_interfaces/action/detail/move_gripper__rosidl_typesupport_fastrtps_c.h
[3.636s] -- Up-to-date symlink: /home/bajajauto/Dext_Hand/install/gripper_interfaces/include/gripper_interfaces/gripper_interfaces/msg/rosidl_typesupport_fastrtps_c__visibility_control.h
[3.637s] -- Up-to-date symlink: /home/bajajauto/Dext_Hand/install/gripper_interfaces/include/gripper_interfaces/gripper_interfaces/action/detail/move_gripper__rosidl_typesupport_introspection_c.h
[3.637s] -- Up-to-date symlink: /home/bajajauto/Dext_Hand/install/gripper_interfaces/include/gripper_interfaces/gripper_interfaces/msg/rosidl_typesupport_introspection_c__visibility_control.h
[3.639s] -- Up-to-date symlink: /home/bajajauto/Dext_Hand/install/gripper_interfaces/include/gripper_interfaces/gripper_interfaces/action/detail/move_gripper__builder.hpp
[3.639s] -- Up-to-date symlink: /home/bajajauto/Dext_Hand/install/gripper_interfaces/include/gripper_interfaces/gripper_interfaces/action/detail/move_gripper__struct.hpp
[3.640s] -- Up-to-date symlink: /home/bajajauto/Dext_Hand/install/gripper_interfaces/include/gripper_interfaces/gripper_interfaces/action/detail/move_gripper__traits.hpp
[3.640s] -- Up-to-date symlink: /home/bajajauto/Dext_Hand/install/gripper_interfaces/include/gripper_interfaces/gripper_interfaces/action/detail/move_gripper__type_support.hpp
[3.641s] -- Up-to-date symlink: /home/bajajauto/Dext_Hand/install/gripper_interfaces/include/gripper_interfaces/gripper_interfaces/action/move_gripper.hpp
[3.642s] -- Up-to-date symlink: /home/bajajauto/Dext_Hand/install/gripper_interfaces/include/gripper_interfaces/gripper_interfaces/msg/rosidl_generator_cpp__visibility_control.hpp
[3.644s] -- Up-to-date symlink: /home/bajajauto/Dext_Hand/install/gripper_interfaces/include/gripper_interfaces/gripper_interfaces/action/detail/move_gripper__rosidl_typesupport_fastrtps_cpp.hpp
[3.644s] -- Up-to-date symlink: /home/bajajauto/Dext_Hand/install/gripper_interfaces/include/gripper_interfaces/gripper_interfaces/msg/rosidl_typesupport_fastrtps_cpp__visibility_control.h
[3.645s] -- Up-to-date symlink: /home/bajajauto/Dext_Hand/install/gripper_interfaces/include/gripper_interfaces/gripper_interfaces/action/detail/move_gripper__rosidl_typesupport_introspection_cpp.hpp
[3.646s] -- Up-to-date symlink: /home/bajajauto/Dext_Hand/install/gripper_interfaces/share/gripper_interfaces/environment/pythonpath.sh
[3.646s] -- Up-to-date symlink: /home/bajajauto/Dext_Hand/install/gripper_interfaces/share/gripper_interfaces/environment/pythonpath.dsv
[3.649s] -- Up-to-date symlink: /home/bajajauto/Dext_Hand/install/gripper_interfaces/local/lib/python3.10/dist-packages/gripper_interfaces-0.0.0-py3.10.egg-info/PKG-INFO
[3.650s] -- Up-to-date symlink: /home/bajajauto/Dext_Hand/install/gripper_interfaces/local/lib/python3.10/dist-packages/gripper_interfaces-0.0.0-py3.10.egg-info/SOURCES.txt
[3.650s] -- Up-to-date symlink: /home/bajajauto/Dext_Hand/install/gripper_interfaces/local/lib/python3.10/dist-packages/gripper_interfaces-0.0.0-py3.10.egg-info/dependency_links.txt
[3.651s] -- Up-to-date symlink: /home/bajajauto/Dext_Hand/install/gripper_interfaces/local/lib/python3.10/dist-packages/gripper_interfaces-0.0.0-py3.10.egg-info/top_level.txt
[3.653s] -- Up-to-date symlink: /home/bajajauto/Dext_Hand/install/gripper_interfaces/local/lib/python3.10/dist-packages/gripper_interfaces/__init__.py
[3.654s] -- Up-to-date symlink: /home/bajajauto/Dext_Hand/install/gripper_interfaces/local/lib/python3.10/dist-packages/gripper_interfaces/_gripper_interfaces_s.ep.rosidl_typesupport_c.c
[3.654s] -- Up-to-date symlink: /home/bajajauto/Dext_Hand/install/gripper_interfaces/local/lib/python3.10/dist-packages/gripper_interfaces/_gripper_interfaces_s.ep.rosidl_typesupport_fastrtps_c.c
[3.655s] -- Up-to-date symlink: /home/bajajauto/Dext_Hand/install/gripper_interfaces/local/lib/python3.10/dist-packages/gripper_interfaces/_gripper_interfaces_s.ep.rosidl_typesupport_introspection_c.c
[3.656s] -- Up-to-date symlink: /home/bajajauto/Dext_Hand/install/gripper_interfaces/local/lib/python3.10/dist-packages/gripper_interfaces/action/__init__.py
[3.656s] -- Up-to-date symlink: /home/bajajauto/Dext_Hand/install/gripper_interfaces/local/lib/python3.10/dist-packages/gripper_interfaces/action/_move_gripper.py
[3.657s] -- Up-to-date symlink: /home/bajajauto/Dext_Hand/install/gripper_interfaces/local/lib/python3.10/dist-packages/gripper_interfaces/action/_move_gripper_s.c
[3.658s] -- Up-to-date symlink: /home/bajajauto/Dext_Hand/install/gripper_interfaces/local/lib/python3.10/dist-packages/gripper_interfaces/gripper_interfaces_s__rosidl_typesupport_c.cpython-310-aarch64-linux-gnu.so
[3.658s] -- Up-to-date symlink: /home/bajajauto/Dext_Hand/install/gripper_interfaces/local/lib/python3.10/dist-packages/gripper_interfaces/gripper_interfaces_s__rosidl_typesupport_fastrtps_c.cpython-310-aarch64-linux-gnu.so
[3.659s] -- Up-to-date symlink: /home/bajajauto/Dext_Hand/install/gripper_interfaces/local/lib/python3.10/dist-packages/gripper_interfaces/gripper_interfaces_s__rosidl_typesupport_introspection_c.cpython-310-aarch64-linux-gnu.so
[3.659s] -- Up-to-date symlink: /home/bajajauto/Dext_Hand/install/gripper_interfaces/local/lib/python3.10/dist-packages/gripper_interfaces/libgripper_interfaces__rosidl_generator_py.so
[3.660s] -- Up-to-date symlink: /home/bajajauto/Dext_Hand/install/gripper_interfaces/local/lib/python3.10/dist-packages/gripper_interfaces/gripper_interfaces_s__rosidl_typesupport_fastrtps_c.cpython-310-aarch64-linux-gnu.so
[3.660s] -- Up-to-date symlink: /home/bajajauto/Dext_Hand/install/gripper_interfaces/local/lib/python3.10/dist-packages/gripper_interfaces/gripper_interfaces_s__rosidl_typesupport_introspection_c.cpython-310-aarch64-linux-gnu.so
[3.661s] -- Up-to-date symlink: /home/bajajauto/Dext_Hand/install/gripper_interfaces/local/lib/python3.10/dist-packages/gripper_interfaces/gripper_interfaces_s__rosidl_typesupport_c.cpython-310-aarch64-linux-gnu.so
[3.662s] -- Up-to-date symlink: /home/bajajauto/Dext_Hand/install/gripper_interfaces/share/gripper_interfaces/action/MoveGripper.idl
[3.663s] -- Up-to-date symlink: /home/bajajauto/Dext_Hand/install/gripper_interfaces/share/gripper_interfaces/action/MoveGripper.action
[3.664s] -- Up-to-date symlink: /home/bajajauto/Dext_Hand/install/gripper_interfaces/share/ament_index/resource_index/package_run_dependencies/gripper_interfaces
[3.665s] -- Up-to-date symlink: /home/bajajauto/Dext_Hand/install/gripper_interfaces/share/ament_index/resource_index/parent_prefix_path/gripper_interfaces
[3.666s] -- Up-to-date symlink: /home/bajajauto/Dext_Hand/install/gripper_interfaces/share/gripper_interfaces/environment/ament_prefix_path.sh
[3.666s] -- Up-to-date symlink: /home/bajajauto/Dext_Hand/install/gripper_interfaces/share/gripper_interfaces/environment/ament_prefix_path.dsv
[3.667s] -- Up-to-date symlink: /home/bajajauto/Dext_Hand/install/gripper_interfaces/share/gripper_interfaces/environment/path.sh
[3.668s] -- Up-to-date symlink: /home/bajajauto/Dext_Hand/install/gripper_interfaces/share/gripper_interfaces/environment/path.dsv
[3.669s] -- Up-to-date symlink: /home/bajajauto/Dext_Hand/install/gripper_interfaces/share/gripper_interfaces/local_setup.bash
[3.669s] -- Up-to-date symlink: /home/bajajauto/Dext_Hand/install/gripper_interfaces/share/gripper_interfaces/local_setup.sh
[3.670s] -- Up-to-date symlink: /home/bajajauto/Dext_Hand/install/gripper_interfaces/share/gripper_interfaces/local_setup.zsh
[3.670s] -- Up-to-date symlink: /home/bajajauto/Dext_Hand/install/gripper_interfaces/share/gripper_interfaces/local_setup.dsv
[3.671s] -- Symlinking: /home/bajajauto/Dext_Hand/install/gripper_interfaces/share/gripper_interfaces/package.dsv
[3.692s] -- Up-to-date symlink: /home/bajajauto/Dext_Hand/install/gripper_interfaces/share/ament_index/resource_index/packages/gripper_interfaces
[3.693s] -- Up-to-date symlink: /home/bajajauto/Dext_Hand/install/gripper_interfaces/share/gripper_interfaces/cmake/rosidl_cmake-extras.cmake
[3.694s] -- Up-to-date symlink: /home/bajajauto/Dext_Hand/install/gripper_interfaces/share/gripper_interfaces/cmake/ament_cmake_export_dependencies-extras.cmake
[3.695s] -- Up-to-date symlink: /home/bajajauto/Dext_Hand/install/gripper_interfaces/share/gripper_interfaces/cmake/ament_cmake_export_include_directories-extras.cmake
[3.696s] -- Up-to-date symlink: /home/bajajauto/Dext_Hand/install/gripper_interfaces/share/gripper_interfaces/cmake/ament_cmake_export_libraries-extras.cmake
[3.697s] -- Up-to-date symlink: /home/bajajauto/Dext_Hand/install/gripper_interfaces/share/gripper_interfaces/cmake/ament_cmake_export_targets-extras.cmake
[3.697s] -- Up-to-date symlink: /home/bajajauto/Dext_Hand/install/gripper_interfaces/share/gripper_interfaces/cmake/rosidl_cmake_export_typesupport_targets-extras.cmake
[3.698s] -- Up-to-date symlink: /home/bajajauto/Dext_Hand/install/gripper_interfaces/share/gripper_interfaces/cmake/rosidl_cmake_export_typesupport_libraries-extras.cmake
[3.699s] -- Up-to-date symlink: /home/bajajauto/Dext_Hand/install/gripper_interfaces/share/gripper_interfaces/cmake/gripper_interfacesConfig.cmake
[3.700s] -- Up-to-date symlink: /home/bajajauto/Dext_Hand/install/gripper_interfaces/share/gripper_interfaces/cmake/gripper_interfacesConfig-version.cmake
[3.701s] -- Up-to-date symlink: /home/bajajauto/Dext_Hand/install/gripper_interfaces/share/gripper_interfaces/package.xml
[3.704s] -- Up-to-date: /home/bajajauto/Dext_Hand/install/gripper_interfaces/lib/libgripper_interfaces__rosidl_generator_c.so
[3.706s] -- Up-to-date: /home/bajajauto/Dext_Hand/install/gripper_interfaces/lib/libgripper_interfaces__rosidl_typesupport_fastrtps_c.so
[3.708s] -- Up-to-date: /home/bajajauto/Dext_Hand/install/gripper_interfaces/lib/libgripper_interfaces__rosidl_typesupport_introspection_c.so
[3.709s] -- Up-to-date: /home/bajajauto/Dext_Hand/install/gripper_interfaces/lib/libgripper_interfaces__rosidl_typesupport_c.so
[3.712s] -- Up-to-date: /home/bajajauto/Dext_Hand/install/gripper_interfaces/lib/libgripper_interfaces__rosidl_typesupport_fastrtps_cpp.so
[3.714s] -- Up-to-date: /home/bajajauto/Dext_Hand/install/gripper_interfaces/lib/libgripper_interfaces__rosidl_typesupport_introspection_cpp.so
[3.716s] -- Up-to-date: /home/bajajauto/Dext_Hand/install/gripper_interfaces/lib/libgripper_interfaces__rosidl_typesupport_cpp.so
[3.785s] Listing '/home/bajajauto/Dext_Hand/install/gripper_interfaces/local/lib/python3.10/dist-packages/gripper_interfaces'...
[3.786s] Compiling '/home/bajajauto/Dext_Hand/install/gripper_interfaces/local/lib/python3.10/dist-packages/gripper_interfaces/__init__.py'...
[3.786s] Listing '/home/bajajauto/Dext_Hand/install/gripper_interfaces/local/lib/python3.10/dist-packages/gripper_interfaces/action'...
[3.799s] -- Up-to-date: /home/bajajauto/Dext_Hand/install/gripper_interfaces/lib/libgripper_interfaces__rosidl_generator_py.so
[3.800s] -- Up-to-date: /home/bajajauto/Dext_Hand/install/gripper_interfaces/share/gripper_interfaces/cmake/export_gripper_interfaces__rosidl_generator_cExport.cmake
[3.800s] -- Up-to-date: /home/bajajauto/Dext_Hand/install/gripper_interfaces/share/gripper_interfaces/cmake/export_gripper_interfaces__rosidl_generator_cExport-noconfig.cmake
[3.801s] -- Up-to-date: /home/bajajauto/Dext_Hand/install/gripper_interfaces/share/gripper_interfaces/cmake/export_gripper_interfaces__rosidl_typesupport_fastrtps_cExport.cmake
[3.801s] -- Up-to-date: /home/bajajauto/Dext_Hand/install/gripper_interfaces/share/gripper_interfaces/cmake/export_gripper_interfaces__rosidl_typesupport_fastrtps_cExport-noconfig.cmake
[3.802s] -- Up-to-date: /home/bajajauto/Dext_Hand/install/gripper_interfaces/share/gripper_interfaces/cmake/gripper_interfaces__rosidl_typesupport_introspection_cExport.cmake
[3.802s] -- Up-to-date: /home/bajajauto/Dext_Hand/install/gripper_interfaces/share/gripper_interfaces/cmake/gripper_interfaces__rosidl_typesupport_introspection_cExport-noconfig.cmake
[3.803s] -- Up-to-date: /home/bajajauto/Dext_Hand/install/gripper_interfaces/share/gripper_interfaces/cmake/gripper_interfaces__rosidl_typesupport_cExport.cmake
[3.803s] -- Up-to-date: /home/bajajauto/Dext_Hand/install/gripper_interfaces/share/gripper_interfaces/cmake/gripper_interfaces__rosidl_typesupport_cExport-noconfig.cmake
[3.804s] -- Up-to-date: /home/bajajauto/Dext_Hand/install/gripper_interfaces/share/gripper_interfaces/cmake/export_gripper_interfaces__rosidl_generator_cppExport.cmake
[3.805s] -- Up-to-date: /home/bajajauto/Dext_Hand/install/gripper_interfaces/share/gripper_interfaces/cmake/export_gripper_interfaces__rosidl_typesupport_fastrtps_cppExport.cmake
[3.806s] -- Up-to-date: /home/bajajauto/Dext_Hand/install/gripper_interfaces/share/gripper_interfaces/cmake/export_gripper_interfaces__rosidl_typesupport_fastrtps_cppExport-noconfig.cmake
[3.806s] -- Up-to-date: /home/bajajauto/Dext_Hand/install/gripper_interfaces/share/gripper_interfaces/cmake/gripper_interfaces__rosidl_typesupport_introspection_cppExport.cmake
[3.807s] -- Up-to-date: /home/bajajauto/Dext_Hand/install/gripper_interfaces/share/gripper_interfaces/cmake/gripper_interfaces__rosidl_typesupport_introspection_cppExport-noconfig.cmake
[3.807s] -- Up-to-date: /home/bajajauto/Dext_Hand/install/gripper_interfaces/share/gripper_interfaces/cmake/gripper_interfaces__rosidl_typesupport_cppExport.cmake
[3.808s] -- Up-to-date: /home/bajajauto/Dext_Hand/install/gripper_interfaces/share/gripper_interfaces/cmake/gripper_interfaces__rosidl_typesupport_cppExport-noconfig.cmake
[3.808s] -- Up-to-date: /home/bajajauto/Dext_Hand/install/gripper_interfaces/share/gripper_interfaces/cmake/export_gripper_interfaces__rosidl_generator_pyExport.cmake
[3.809s] -- Up-to-date: /home/bajajauto/Dext_Hand/install/gripper_interfaces/share/gripper_interfaces/cmake/export_gripper_interfaces__rosidl_generator_pyExport-noconfig.cmake
[3.817s] Invoked command in '/home/bajajauto/Dext_Hand/build/gripper_interfaces' returned '0': CMAKE_PREFIX_PATH=/opt/ros/humble /usr/bin/cmake --install /home/bajajauto/Dext_Hand/build/gripper_interfaces
