[1.291s] Invoking command in '/home/bajajauto/Dext_Hand/src/gripper': LD_LIBRARY_PATH=/home/bajajauto/Dext_Hand/install/gripper_interfaces/lib:/opt/ros/humble/opt/rviz_ogre_vendor/lib:/opt/ros/humble/lib/aarch64-linux-gnu:/opt/ros/humble/lib:/usr/local/cuda/lib64 PYTHONPATH=/home/bajajauto/Dext_Hand/build/gripper/prefix_override:/usr/lib/python3/dist-packages/colcon_core/task/python/colcon_distutils_commands:/home/bajajauto/Dext_Hand/install/gripper/lib/python3.10/site-packages:${PYTHONPATH} /usr/bin/python3 -W ignore:setup.py install is deprecated -W ignore:easy_install command is deprecated setup.py egg_info --egg-base ../../build/gripper build --build-base /home/bajajauto/Dext_Hand/build/gripper/build install --record /home/bajajauto/Dext_Hand/build/gripper/install.log --single-version-externally-managed install_data
[1.774s] running egg_info
[1.775s] writing ../../build/gripper/gripper.egg-info/PKG-INFO
[1.775s] writing dependency_links to ../../build/gripper/gripper.egg-info/dependency_links.txt
[1.776s] writing entry points to ../../build/gripper/gripper.egg-info/entry_points.txt
[1.776s] writing requirements to ../../build/gripper/gripper.egg-info/requires.txt
[1.776s] writing top-level names to ../../build/gripper/gripper.egg-info/top_level.txt
[1.780s] reading manifest file '../../build/gripper/gripper.egg-info/SOURCES.txt'
[1.781s] writing manifest file '../../build/gripper/gripper.egg-info/SOURCES.txt'
[1.782s] running build
[1.782s] running build_py
[1.782s] copying gripper/tcp_rec_publisher.py -> /home/bajajauto/Dext_Hand/build/gripper/build/lib/gripper
[1.783s] running install
[1.783s] running install_lib
[1.785s] copying /home/bajajauto/Dext_Hand/build/gripper/build/lib/gripper/TCP_data_subscriber.py -> /home/bajajauto/Dext_Hand/install/gripper/lib/python3.10/site-packages/gripper
[1.786s] copying /home/bajajauto/Dext_Hand/build/gripper/build/lib/gripper/tcp_rec_publisher.py -> /home/bajajauto/Dext_Hand/install/gripper/lib/python3.10/site-packages/gripper
[1.787s] copying /home/bajajauto/Dext_Hand/build/gripper/build/lib/gripper/TCP_rec_publisher.py -> /home/bajajauto/Dext_Hand/install/gripper/lib/python3.10/site-packages/gripper
[1.789s] byte-compiling /home/bajajauto/Dext_Hand/install/gripper/lib/python3.10/site-packages/gripper/tcp_rec_publisher.py to tcp_rec_publisher.cpython-310.pyc
[1.791s] running install_data
[1.791s] running install_egg_info
[1.794s] removing '/home/bajajauto/Dext_Hand/install/gripper/lib/python3.10/site-packages/gripper-0.0.0-py3.10.egg-info' (and everything under it)
[1.794s] Copying ../../build/gripper/gripper.egg-info to /home/bajajauto/Dext_Hand/install/gripper/lib/python3.10/site-packages/gripper-0.0.0-py3.10.egg-info
[1.796s] running install_scripts
[1.833s] Installing gripper_action_client script to /home/bajajauto/Dext_Hand/install/gripper/lib/gripper
[1.834s] Installing gripper_action_server script to /home/bajajauto/Dext_Hand/install/gripper/lib/gripper
[1.834s] Installing gripper_position_publisher script to /home/bajajauto/Dext_Hand/install/gripper/lib/gripper
[1.834s] Installing tcp_rec_publisher script to /home/bajajauto/Dext_Hand/install/gripper/lib/gripper
[1.835s] writing list of installed files to '/home/bajajauto/Dext_Hand/build/gripper/install.log'
[1.899s] Invoked command in '/home/bajajauto/Dext_Hand/src/gripper' returned '0': LD_LIBRARY_PATH=/home/bajajauto/Dext_Hand/install/gripper_interfaces/lib:/opt/ros/humble/opt/rviz_ogre_vendor/lib:/opt/ros/humble/lib/aarch64-linux-gnu:/opt/ros/humble/lib:/usr/local/cuda/lib64 PYTHONPATH=/home/bajajauto/Dext_Hand/build/gripper/prefix_override:/usr/lib/python3/dist-packages/colcon_core/task/python/colcon_distutils_commands:/home/bajajauto/Dext_Hand/install/gripper/lib/python3.10/site-packages:${PYTHONPATH} /usr/bin/python3 -W ignore:setup.py install is deprecated -W ignore:easy_install command is deprecated setup.py egg_info --egg-base ../../build/gripper build --build-base /home/bajajauto/Dext_Hand/build/gripper/build install --record /home/bajajauto/Dext_Hand/build/gripper/install.log --single-version-externally-managed install_data
