[0.828s] DEBUG:colcon:Command line arguments: ['/usr/bin/colcon', 'build']
[0.828s] DEBUG:colcon:Parsed command line arguments: Namespace(log_base=None, log_level=None, verb_name='build', build_base='build', install_base='install', merge_install=False, symlink_install=False, test_result_base=None, continue_on_error=False, executor='parallel', parallel_workers=6, event_handlers=None, ignore_user_meta=False, metas=['./colcon.meta'], base_paths=['.'], packages_ignore=None, packages_ignore_regex=None, paths=None, packages_up_to=None, packages_up_to_regex=None, packages_above=None, packages_above_and_dependencies=None, packages_above_depth=None, packages_select_by_dep=None, packages_skip_by_dep=None, packages_skip_up_to=None, packages_select_build_failed=False, packages_skip_build_finished=False, packages_select_test_failures=False, packages_skip_test_passed=False, packages_select=None, packages_skip=None, packages_select_regex=None, packages_skip_regex=None, packages_start=None, packages_end=None, allow_overriding=[], cmake_args=None, cmake_target=None, cmake_target_skip_unavailable=False, cmake_clean_cache=False, cmake_clean_first=False, cmake_force_configure=False, ament_cmake_args=None, catkin_cmake_args=None, catkin_skip_building_tests=False, mixin_files=None, mixin=None, verb_parser=<colcon_mixin.mixin.mixin_argument.MixinArgumentDecorator object at 0xffffa906e740>, verb_extension=<colcon_core.verb.build.BuildVerb object at 0xffffa917b760>, main=<bound method BuildVerb.main of <colcon_core.verb.build.BuildVerb object at 0xffffa917b760>>, mixin_verb=('build',))
[1.560s] Level 1:colcon.colcon_core.package_discovery:discover_packages(colcon_meta) check parameters
[1.560s] Level 1:colcon.colcon_core.package_discovery:discover_packages(recursive) check parameters
[1.560s] Level 1:colcon.colcon_core.package_discovery:discover_packages(ignore) check parameters
[1.560s] Level 1:colcon.colcon_core.package_discovery:discover_packages(path) check parameters
[1.560s] Level 1:colcon.colcon_core.package_discovery:discover_packages(colcon_meta) discover
[1.561s] Level 1:colcon.colcon_core.package_discovery:discover_packages(recursive) discover
[1.561s] INFO:colcon.colcon_core.package_discovery:Crawling recursively for packages in '/home/bajajauto/Dext_Hand'
[1.561s] Level 1:colcon.colcon_core.package_identification:_identify(.) by extensions ['ignore', 'ignore_ament_install']
[1.561s] Level 1:colcon.colcon_core.package_identification:_identify(.) by extension 'ignore'
[1.561s] Level 1:colcon.colcon_core.package_identification:_identify(.) by extension 'ignore_ament_install'
[1.561s] Level 1:colcon.colcon_core.package_identification:_identify(.) by extensions ['colcon_pkg']
[1.561s] Level 1:colcon.colcon_core.package_identification:_identify(.) by extension 'colcon_pkg'
[1.562s] Level 1:colcon.colcon_core.package_identification:_identify(.) by extensions ['colcon_meta']
[1.562s] Level 1:colcon.colcon_core.package_identification:_identify(.) by extension 'colcon_meta'
[1.562s] Level 1:colcon.colcon_core.package_identification:_identify(.) by extensions ['ros']
[1.562s] Level 1:colcon.colcon_core.package_identification:_identify(.) by extension 'ros'
[1.588s] Level 1:colcon.colcon_core.package_identification:_identify(.) by extensions ['cmake', 'python']
[1.588s] Level 1:colcon.colcon_core.package_identification:_identify(.) by extension 'cmake'
[1.588s] Level 1:colcon.colcon_core.package_identification:_identify(.) by extension 'python'
[1.588s] Level 1:colcon.colcon_core.package_identification:_identify(.) by extensions ['python_setup_py']
[1.588s] Level 1:colcon.colcon_core.package_identification:_identify(.) by extension 'python_setup_py'
[1.588s] Level 1:colcon.colcon_core.package_identification:_identify(build) by extensions ['ignore', 'ignore_ament_install']
[1.589s] Level 1:colcon.colcon_core.package_identification:_identify(build) by extension 'ignore'
[1.589s] Level 1:colcon.colcon_core.package_identification:_identify(build) ignored
[1.589s] Level 1:colcon.colcon_core.package_identification:_identify(install) by extensions ['ignore', 'ignore_ament_install']
[1.589s] Level 1:colcon.colcon_core.package_identification:_identify(install) by extension 'ignore'
[1.589s] Level 1:colcon.colcon_core.package_identification:_identify(install) ignored
[1.590s] Level 1:colcon.colcon_core.package_identification:_identify(log) by extensions ['ignore', 'ignore_ament_install']
[1.590s] Level 1:colcon.colcon_core.package_identification:_identify(log) by extension 'ignore'
[1.590s] Level 1:colcon.colcon_core.package_identification:_identify(log) ignored
[1.590s] Level 1:colcon.colcon_core.package_identification:_identify(src) by extensions ['ignore', 'ignore_ament_install']
[1.590s] Level 1:colcon.colcon_core.package_identification:_identify(src) by extension 'ignore'
[1.590s] Level 1:colcon.colcon_core.package_identification:_identify(src) by extension 'ignore_ament_install'
[1.590s] Level 1:colcon.colcon_core.package_identification:_identify(src) by extensions ['colcon_pkg']
[1.590s] Level 1:colcon.colcon_core.package_identification:_identify(src) by extension 'colcon_pkg'
[1.591s] Level 1:colcon.colcon_core.package_identification:_identify(src) by extensions ['colcon_meta']
[1.591s] Level 1:colcon.colcon_core.package_identification:_identify(src) by extension 'colcon_meta'
[1.591s] Level 1:colcon.colcon_core.package_identification:_identify(src) by extensions ['ros']
[1.591s] Level 1:colcon.colcon_core.package_identification:_identify(src) by extension 'ros'
[1.591s] Level 1:colcon.colcon_core.package_identification:_identify(src) by extensions ['cmake', 'python']
[1.591s] Level 1:colcon.colcon_core.package_identification:_identify(src) by extension 'cmake'
[1.591s] Level 1:colcon.colcon_core.package_identification:_identify(src) by extension 'python'
[1.591s] Level 1:colcon.colcon_core.package_identification:_identify(src) by extensions ['python_setup_py']
[1.591s] Level 1:colcon.colcon_core.package_identification:_identify(src) by extension 'python_setup_py'
[1.591s] Level 1:colcon.colcon_core.package_identification:_identify(src/gripper) by extensions ['ignore', 'ignore_ament_install']
[1.592s] Level 1:colcon.colcon_core.package_identification:_identify(src/gripper) by extension 'ignore'
[1.592s] Level 1:colcon.colcon_core.package_identification:_identify(src/gripper) by extension 'ignore_ament_install'
[1.592s] Level 1:colcon.colcon_core.package_identification:_identify(src/gripper) by extensions ['colcon_pkg']
[1.592s] Level 1:colcon.colcon_core.package_identification:_identify(src/gripper) by extension 'colcon_pkg'
[1.592s] Level 1:colcon.colcon_core.package_identification:_identify(src/gripper) by extensions ['colcon_meta']
[1.592s] Level 1:colcon.colcon_core.package_identification:_identify(src/gripper) by extension 'colcon_meta'
[1.592s] Level 1:colcon.colcon_core.package_identification:_identify(src/gripper) by extensions ['ros']
[1.592s] Level 1:colcon.colcon_core.package_identification:_identify(src/gripper) by extension 'ros'
[1.601s] DEBUG:colcon.colcon_core.package_identification:Package 'src/gripper' with type 'ros.ament_python' and name 'gripper'
[1.602s] Level 1:colcon.colcon_core.package_identification:_identify(src/gripper_interfaces) by extensions ['ignore', 'ignore_ament_install']
[1.602s] Level 1:colcon.colcon_core.package_identification:_identify(src/gripper_interfaces) by extension 'ignore'
[1.602s] Level 1:colcon.colcon_core.package_identification:_identify(src/gripper_interfaces) by extension 'ignore_ament_install'
[1.602s] Level 1:colcon.colcon_core.package_identification:_identify(src/gripper_interfaces) by extensions ['colcon_pkg']
[1.602s] Level 1:colcon.colcon_core.package_identification:_identify(src/gripper_interfaces) by extension 'colcon_pkg'
[1.602s] Level 1:colcon.colcon_core.package_identification:_identify(src/gripper_interfaces) by extensions ['colcon_meta']
[1.602s] Level 1:colcon.colcon_core.package_identification:_identify(src/gripper_interfaces) by extension 'colcon_meta'
[1.602s] Level 1:colcon.colcon_core.package_identification:_identify(src/gripper_interfaces) by extensions ['ros']
[1.603s] Level 1:colcon.colcon_core.package_identification:_identify(src/gripper_interfaces) by extension 'ros'
[1.604s] DEBUG:colcon.colcon_core.package_identification:Package 'src/gripper_interfaces' with type 'ros.ament_cmake' and name 'gripper_interfaces'
[1.604s] Level 1:colcon.colcon_core.package_discovery:discover_packages(recursive) using defaults
[1.605s] Level 1:colcon.colcon_core.package_discovery:discover_packages(ignore) discover
[1.605s] Level 1:colcon.colcon_core.package_discovery:discover_packages(ignore) using defaults
[1.605s] Level 1:colcon.colcon_core.package_discovery:discover_packages(path) discover
[1.605s] Level 1:colcon.colcon_core.package_discovery:discover_packages(path) using defaults
[1.711s] Level 1:colcon.colcon_core.package_discovery:discover_packages(prefix_path) check parameters
[1.712s] Level 1:colcon.colcon_core.package_discovery:discover_packages(prefix_path) discover
[1.722s] DEBUG:colcon.colcon_installed_package_information.package_discovery:Found 390 installed packages in /opt/ros/humble
[1.725s] Level 1:colcon.colcon_core.package_discovery:discover_packages(prefix_path) using defaults
[1.823s] Level 5:colcon.colcon_core.verb:set package 'gripper_interfaces' build argument 'cmake_args' from command line to 'None'
[1.823s] Level 5:colcon.colcon_core.verb:set package 'gripper_interfaces' build argument 'cmake_target' from command line to 'None'
[1.823s] Level 5:colcon.colcon_core.verb:set package 'gripper_interfaces' build argument 'cmake_target_skip_unavailable' from command line to 'False'
[1.823s] Level 5:colcon.colcon_core.verb:set package 'gripper_interfaces' build argument 'cmake_clean_cache' from command line to 'False'
[1.823s] Level 5:colcon.colcon_core.verb:set package 'gripper_interfaces' build argument 'cmake_clean_first' from command line to 'False'
[1.824s] Level 5:colcon.colcon_core.verb:set package 'gripper_interfaces' build argument 'cmake_force_configure' from command line to 'False'
[1.824s] Level 5:colcon.colcon_core.verb:set package 'gripper_interfaces' build argument 'ament_cmake_args' from command line to 'None'
[1.824s] Level 5:colcon.colcon_core.verb:set package 'gripper_interfaces' build argument 'catkin_cmake_args' from command line to 'None'
[1.824s] Level 5:colcon.colcon_core.verb:set package 'gripper_interfaces' build argument 'catkin_skip_building_tests' from command line to 'False'
[1.824s] DEBUG:colcon.colcon_core.verb:Building package 'gripper_interfaces' with the following arguments: {'ament_cmake_args': None, 'build_base': '/home/bajajauto/Dext_Hand/build/gripper_interfaces', 'catkin_cmake_args': None, 'catkin_skip_building_tests': False, 'cmake_args': None, 'cmake_clean_cache': False, 'cmake_clean_first': False, 'cmake_force_configure': False, 'cmake_target': None, 'cmake_target_skip_unavailable': False, 'install_base': '/home/bajajauto/Dext_Hand/install/gripper_interfaces', 'merge_install': False, 'path': '/home/bajajauto/Dext_Hand/src/gripper_interfaces', 'symlink_install': False, 'test_result_base': None}
[1.824s] Level 5:colcon.colcon_core.verb:set package 'gripper' build argument 'cmake_args' from command line to 'None'
[1.824s] Level 5:colcon.colcon_core.verb:set package 'gripper' build argument 'cmake_target' from command line to 'None'
[1.825s] Level 5:colcon.colcon_core.verb:set package 'gripper' build argument 'cmake_target_skip_unavailable' from command line to 'False'
[1.825s] Level 5:colcon.colcon_core.verb:set package 'gripper' build argument 'cmake_clean_cache' from command line to 'False'
[1.825s] Level 5:colcon.colcon_core.verb:set package 'gripper' build argument 'cmake_clean_first' from command line to 'False'
[1.825s] Level 5:colcon.colcon_core.verb:set package 'gripper' build argument 'cmake_force_configure' from command line to 'False'
[1.825s] Level 5:colcon.colcon_core.verb:set package 'gripper' build argument 'ament_cmake_args' from command line to 'None'
[1.825s] Level 5:colcon.colcon_core.verb:set package 'gripper' build argument 'catkin_cmake_args' from command line to 'None'
[1.825s] Level 5:colcon.colcon_core.verb:set package 'gripper' build argument 'catkin_skip_building_tests' from command line to 'False'
[1.825s] DEBUG:colcon.colcon_core.verb:Building package 'gripper' with the following arguments: {'ament_cmake_args': None, 'build_base': '/home/bajajauto/Dext_Hand/build/gripper', 'catkin_cmake_args': None, 'catkin_skip_building_tests': False, 'cmake_args': None, 'cmake_clean_cache': False, 'cmake_clean_first': False, 'cmake_force_configure': False, 'cmake_target': None, 'cmake_target_skip_unavailable': False, 'install_base': '/home/bajajauto/Dext_Hand/install/gripper', 'merge_install': False, 'path': '/home/bajajauto/Dext_Hand/src/gripper', 'symlink_install': False, 'test_result_base': None}
[1.825s] INFO:colcon.colcon_core.executor:Executing jobs using 'parallel' executor
[1.827s] DEBUG:colcon.colcon_parallel_executor.executor.parallel:run_until_complete
[1.828s] INFO:colcon.colcon_ros.task.ament_cmake.build:Building ROS package in '/home/bajajauto/Dext_Hand/src/gripper_interfaces' with build type 'ament_cmake'
[1.828s] INFO:colcon.colcon_cmake.task.cmake.build:Building CMake package in '/home/bajajauto/Dext_Hand/src/gripper_interfaces'
[1.843s] INFO:colcon.colcon_core.plugin_system:Skipping extension 'colcon_core.shell.bat': Not used on non-Windows systems
[1.843s] INFO:colcon.colcon_core.shell:Skip shell extension 'powershell' for command environment: Not usable outside of PowerShell
[1.843s] DEBUG:colcon.colcon_core.shell:Skip shell extension 'dsv' for command environment
[1.867s] DEBUG:colcon.colcon_core.event_handler.log_command:Invoking command in '/home/bajajauto/Dext_Hand/build/gripper_interfaces': CMAKE_PREFIX_PATH=/opt/ros/humble /usr/bin/cmake /home/bajajauto/Dext_Hand/src/gripper_interfaces -DCMAKE_INSTALL_PREFIX=/home/bajajauto/Dext_Hand/install/gripper_interfaces
[4.768s] DEBUG:colcon.colcon_core.event_handler.log_command:Invoked command in '/home/bajajauto/Dext_Hand/build/gripper_interfaces' returned '0': CMAKE_PREFIX_PATH=/opt/ros/humble /usr/bin/cmake /home/bajajauto/Dext_Hand/src/gripper_interfaces -DCMAKE_INSTALL_PREFIX=/home/bajajauto/Dext_Hand/install/gripper_interfaces
[4.774s] DEBUG:colcon.colcon_core.event_handler.log_command:Invoking command in '/home/bajajauto/Dext_Hand/build/gripper_interfaces': CMAKE_PREFIX_PATH=/opt/ros/humble /usr/bin/cmake --build /home/bajajauto/Dext_Hand/build/gripper_interfaces -- -j6 -l6
[5.489s] DEBUG:colcon.colcon_core.event_handler.log_command:Invoked command in '/home/bajajauto/Dext_Hand/build/gripper_interfaces' returned '0': CMAKE_PREFIX_PATH=/opt/ros/humble /usr/bin/cmake --build /home/bajajauto/Dext_Hand/build/gripper_interfaces -- -j6 -l6
[5.512s] DEBUG:colcon.colcon_core.event_handler.log_command:Invoking command in '/home/bajajauto/Dext_Hand/build/gripper_interfaces': CMAKE_PREFIX_PATH=/opt/ros/humble /usr/bin/cmake --install /home/bajajauto/Dext_Hand/build/gripper_interfaces
[5.722s] Level 1:colcon.colcon_core.environment:create_environment_scripts_only(gripper_interfaces)
[5.724s] DEBUG:colcon.colcon_core.event_handler.log_command:Invoked command in '/home/bajajauto/Dext_Hand/build/gripper_interfaces' returned '0': CMAKE_PREFIX_PATH=/opt/ros/humble /usr/bin/cmake --install /home/bajajauto/Dext_Hand/build/gripper_interfaces
[5.741s] Level 1:colcon.colcon_core.environment:checking '/home/bajajauto/Dext_Hand/install/gripper_interfaces' for CMake module files
[5.742s] Level 1:colcon.colcon_core.environment:checking '/home/bajajauto/Dext_Hand/install/gripper_interfaces' for CMake config files
[5.744s] Level 1:colcon.colcon_core.shell:create_environment_hook('gripper_interfaces', 'cmake_prefix_path')
[5.745s] INFO:colcon.colcon_core.shell:Creating environment hook '/home/bajajauto/Dext_Hand/install/gripper_interfaces/share/gripper_interfaces/hook/cmake_prefix_path.ps1'
[5.747s] INFO:colcon.colcon_core.shell:Creating environment descriptor '/home/bajajauto/Dext_Hand/install/gripper_interfaces/share/gripper_interfaces/hook/cmake_prefix_path.dsv'
[5.750s] INFO:colcon.colcon_core.shell:Creating environment hook '/home/bajajauto/Dext_Hand/install/gripper_interfaces/share/gripper_interfaces/hook/cmake_prefix_path.sh'
[5.752s] Level 1:colcon.colcon_core.environment:checking '/home/bajajauto/Dext_Hand/install/gripper_interfaces/lib'
[5.753s] Level 1:colcon.colcon_core.shell:create_environment_hook('gripper_interfaces', 'ld_library_path_lib')
[5.753s] INFO:colcon.colcon_core.shell:Creating environment hook '/home/bajajauto/Dext_Hand/install/gripper_interfaces/share/gripper_interfaces/hook/ld_library_path_lib.ps1'
[5.754s] INFO:colcon.colcon_core.shell:Creating environment descriptor '/home/bajajauto/Dext_Hand/install/gripper_interfaces/share/gripper_interfaces/hook/ld_library_path_lib.dsv'
[5.755s] INFO:colcon.colcon_core.shell:Creating environment hook '/home/bajajauto/Dext_Hand/install/gripper_interfaces/share/gripper_interfaces/hook/ld_library_path_lib.sh'
[5.756s] Level 1:colcon.colcon_core.environment:checking '/home/bajajauto/Dext_Hand/install/gripper_interfaces/bin'
[5.756s] Level 1:colcon.colcon_core.environment:checking '/home/bajajauto/Dext_Hand/install/gripper_interfaces/lib/pkgconfig/gripper_interfaces.pc'
[5.757s] Level 1:colcon.colcon_core.environment:checking '/home/bajajauto/Dext_Hand/install/gripper_interfaces/lib/python3.10/site-packages'
[5.759s] Level 1:colcon.colcon_core.environment:checking '/home/bajajauto/Dext_Hand/install/gripper_interfaces/bin'
[5.760s] INFO:colcon.colcon_core.shell:Creating package script '/home/bajajauto/Dext_Hand/install/gripper_interfaces/share/gripper_interfaces/package.ps1'
[5.763s] INFO:colcon.colcon_core.shell:Creating package descriptor '/home/bajajauto/Dext_Hand/install/gripper_interfaces/share/gripper_interfaces/package.dsv'
[5.765s] INFO:colcon.colcon_core.shell:Creating package script '/home/bajajauto/Dext_Hand/install/gripper_interfaces/share/gripper_interfaces/package.sh'
[5.768s] INFO:colcon.colcon_core.shell:Creating package script '/home/bajajauto/Dext_Hand/install/gripper_interfaces/share/gripper_interfaces/package.bash'
[5.774s] INFO:colcon.colcon_core.shell:Creating package script '/home/bajajauto/Dext_Hand/install/gripper_interfaces/share/gripper_interfaces/package.zsh'
[5.778s] Level 1:colcon.colcon_core.environment:create_file_with_runtime_dependencies(/home/bajajauto/Dext_Hand/install/gripper_interfaces/share/colcon-core/packages/gripper_interfaces)
[5.783s] Level 1:colcon.colcon_core.environment:create_environment_scripts_only(gripper_interfaces)
[5.783s] Level 1:colcon.colcon_core.environment:checking '/home/bajajauto/Dext_Hand/install/gripper_interfaces' for CMake module files
[5.784s] Level 1:colcon.colcon_core.environment:checking '/home/bajajauto/Dext_Hand/install/gripper_interfaces' for CMake config files
[5.785s] Level 1:colcon.colcon_core.shell:create_environment_hook('gripper_interfaces', 'cmake_prefix_path')
[5.785s] INFO:colcon.colcon_core.shell:Creating environment hook '/home/bajajauto/Dext_Hand/install/gripper_interfaces/share/gripper_interfaces/hook/cmake_prefix_path.ps1'
[5.786s] INFO:colcon.colcon_core.shell:Creating environment descriptor '/home/bajajauto/Dext_Hand/install/gripper_interfaces/share/gripper_interfaces/hook/cmake_prefix_path.dsv'
[5.787s] INFO:colcon.colcon_core.shell:Creating environment hook '/home/bajajauto/Dext_Hand/install/gripper_interfaces/share/gripper_interfaces/hook/cmake_prefix_path.sh'
[5.789s] Level 1:colcon.colcon_core.environment:checking '/home/bajajauto/Dext_Hand/install/gripper_interfaces/lib'
[5.789s] Level 1:colcon.colcon_core.shell:create_environment_hook('gripper_interfaces', 'ld_library_path_lib')
[5.790s] INFO:colcon.colcon_core.shell:Creating environment hook '/home/bajajauto/Dext_Hand/install/gripper_interfaces/share/gripper_interfaces/hook/ld_library_path_lib.ps1'
[5.791s] INFO:colcon.colcon_core.shell:Creating environment descriptor '/home/bajajauto/Dext_Hand/install/gripper_interfaces/share/gripper_interfaces/hook/ld_library_path_lib.dsv'
[5.793s] INFO:colcon.colcon_core.shell:Creating environment hook '/home/bajajauto/Dext_Hand/install/gripper_interfaces/share/gripper_interfaces/hook/ld_library_path_lib.sh'
[5.794s] Level 1:colcon.colcon_core.environment:checking '/home/bajajauto/Dext_Hand/install/gripper_interfaces/bin'
[5.795s] Level 1:colcon.colcon_core.environment:checking '/home/bajajauto/Dext_Hand/install/gripper_interfaces/lib/pkgconfig/gripper_interfaces.pc'
[5.795s] Level 1:colcon.colcon_core.environment:checking '/home/bajajauto/Dext_Hand/install/gripper_interfaces/lib/python3.10/site-packages'
[5.796s] Level 1:colcon.colcon_core.environment:checking '/home/bajajauto/Dext_Hand/install/gripper_interfaces/bin'
[5.797s] INFO:colcon.colcon_core.shell:Creating package script '/home/bajajauto/Dext_Hand/install/gripper_interfaces/share/gripper_interfaces/package.ps1'
[5.798s] INFO:colcon.colcon_core.shell:Creating package descriptor '/home/bajajauto/Dext_Hand/install/gripper_interfaces/share/gripper_interfaces/package.dsv'
[5.799s] INFO:colcon.colcon_core.shell:Creating package script '/home/bajajauto/Dext_Hand/install/gripper_interfaces/share/gripper_interfaces/package.sh'
[5.801s] INFO:colcon.colcon_core.shell:Creating package script '/home/bajajauto/Dext_Hand/install/gripper_interfaces/share/gripper_interfaces/package.bash'
[5.802s] INFO:colcon.colcon_core.shell:Creating package script '/home/bajajauto/Dext_Hand/install/gripper_interfaces/share/gripper_interfaces/package.zsh'
[5.803s] Level 1:colcon.colcon_core.environment:create_file_with_runtime_dependencies(/home/bajajauto/Dext_Hand/install/gripper_interfaces/share/colcon-core/packages/gripper_interfaces)
[5.804s] INFO:colcon.colcon_ros.task.ament_python.build:Building ROS package in '/home/bajajauto/Dext_Hand/src/gripper' with build type 'ament_python'
[5.805s] Level 1:colcon.colcon_core.shell:create_environment_hook('gripper', 'ament_prefix_path')
[5.805s] INFO:colcon.colcon_core.shell:Creating environment hook '/home/bajajauto/Dext_Hand/install/gripper/share/gripper/hook/ament_prefix_path.ps1'
[5.809s] INFO:colcon.colcon_core.shell:Creating environment descriptor '/home/bajajauto/Dext_Hand/install/gripper/share/gripper/hook/ament_prefix_path.dsv'
[5.810s] INFO:colcon.colcon_core.shell:Creating environment hook '/home/bajajauto/Dext_Hand/install/gripper/share/gripper/hook/ament_prefix_path.sh'
[5.812s] INFO:colcon.colcon_core.shell:Skip shell extension 'powershell' for command environment: Not usable outside of PowerShell
[5.812s] DEBUG:colcon.colcon_core.shell:Skip shell extension 'dsv' for command environment
[6.343s] INFO:colcon.colcon_core.task.python.build:Building Python package in '/home/bajajauto/Dext_Hand/src/gripper'
[6.343s] INFO:colcon.colcon_core.shell:Skip shell extension 'powershell' for command environment: Not usable outside of PowerShell
[6.343s] DEBUG:colcon.colcon_core.shell:Skip shell extension 'dsv' for command environment
[7.404s] DEBUG:colcon.colcon_core.event_handler.log_command:Invoking command in '/home/bajajauto/Dext_Hand/build/gripper': AMENT_PREFIX_PATH=/home/bajajauto/Dext_Hand/install/gripper_interfaces:${AMENT_PREFIX_PATH} CMAKE_PREFIX_PATH=/home/bajajauto/Dext_Hand/install/gripper_interfaces LD_LIBRARY_PATH=/home/bajajauto/Dext_Hand/install/gripper_interfaces/lib:/opt/ros/humble/opt/rviz_ogre_vendor/lib:/opt/ros/humble/lib/aarch64-linux-gnu:/opt/ros/humble/lib:/usr/local/cuda/lib64 PYTHONPATH=/home/bajajauto/Dext_Hand/build/gripper/prefix_override:/usr/lib/python3/dist-packages/colcon_core/task/python/colcon_distutils_commands:/home/bajajauto/Dext_Hand/install/gripper/lib/python3.10/site-packages:/home/bajajauto/Dext_Hand/install/gripper_interfaces/local/lib/python3.10/dist-packages:${PYTHONPATH} /usr/bin/python3 -W ignore:setup.py install is deprecated -W ignore:easy_install command is deprecated setup.py develop --uninstall --editable --build-directory /home/bajajauto/Dext_Hand/build/gripper/build
[8.300s] DEBUG:colcon.colcon_core.event_handler.log_command:Invoked command in '/home/bajajauto/Dext_Hand/build/gripper' returned '0': AMENT_PREFIX_PATH=/home/bajajauto/Dext_Hand/install/gripper_interfaces:${AMENT_PREFIX_PATH} CMAKE_PREFIX_PATH=/home/bajajauto/Dext_Hand/install/gripper_interfaces LD_LIBRARY_PATH=/home/bajajauto/Dext_Hand/install/gripper_interfaces/lib:/opt/ros/humble/opt/rviz_ogre_vendor/lib:/opt/ros/humble/lib/aarch64-linux-gnu:/opt/ros/humble/lib:/usr/local/cuda/lib64 PYTHONPATH=/home/bajajauto/Dext_Hand/build/gripper/prefix_override:/usr/lib/python3/dist-packages/colcon_core/task/python/colcon_distutils_commands:/home/bajajauto/Dext_Hand/install/gripper/lib/python3.10/site-packages:/home/bajajauto/Dext_Hand/install/gripper_interfaces/local/lib/python3.10/dist-packages:${PYTHONPATH} /usr/bin/python3 -W ignore:setup.py install is deprecated -W ignore:easy_install command is deprecated setup.py develop --uninstall --editable --build-directory /home/bajajauto/Dext_Hand/build/gripper/build
[8.306s] DEBUG:colcon.colcon_core.event_handler.log_command:Invoking command in '/home/bajajauto/Dext_Hand/src/gripper': AMENT_PREFIX_PATH=/home/bajajauto/Dext_Hand/install/gripper_interfaces:${AMENT_PREFIX_PATH} CMAKE_PREFIX_PATH=/home/bajajauto/Dext_Hand/install/gripper_interfaces LD_LIBRARY_PATH=/home/bajajauto/Dext_Hand/install/gripper_interfaces/lib:/opt/ros/humble/opt/rviz_ogre_vendor/lib:/opt/ros/humble/lib/aarch64-linux-gnu:/opt/ros/humble/lib:/usr/local/cuda/lib64 PYTHONPATH=/home/bajajauto/Dext_Hand/build/gripper/prefix_override:/usr/lib/python3/dist-packages/colcon_core/task/python/colcon_distutils_commands:/home/bajajauto/Dext_Hand/install/gripper/lib/python3.10/site-packages:/home/bajajauto/Dext_Hand/install/gripper_interfaces/local/lib/python3.10/dist-packages:${PYTHONPATH} /usr/bin/python3 -W ignore:setup.py install is deprecated -W ignore:easy_install command is deprecated setup.py egg_info --egg-base ../../build/gripper build --build-base /home/bajajauto/Dext_Hand/build/gripper/build install --record /home/bajajauto/Dext_Hand/build/gripper/install.log --single-version-externally-managed install_data --force
[8.905s] Level 1:colcon.colcon_core.environment:checking '/home/bajajauto/Dext_Hand/install/gripper' for CMake module files
[8.906s] DEBUG:colcon.colcon_core.event_handler.log_command:Invoked command in '/home/bajajauto/Dext_Hand/src/gripper' returned '0': AMENT_PREFIX_PATH=/home/bajajauto/Dext_Hand/install/gripper_interfaces:${AMENT_PREFIX_PATH} CMAKE_PREFIX_PATH=/home/bajajauto/Dext_Hand/install/gripper_interfaces LD_LIBRARY_PATH=/home/bajajauto/Dext_Hand/install/gripper_interfaces/lib:/opt/ros/humble/opt/rviz_ogre_vendor/lib:/opt/ros/humble/lib/aarch64-linux-gnu:/opt/ros/humble/lib:/usr/local/cuda/lib64 PYTHONPATH=/home/bajajauto/Dext_Hand/build/gripper/prefix_override:/usr/lib/python3/dist-packages/colcon_core/task/python/colcon_distutils_commands:/home/bajajauto/Dext_Hand/install/gripper/lib/python3.10/site-packages:/home/bajajauto/Dext_Hand/install/gripper_interfaces/local/lib/python3.10/dist-packages:${PYTHONPATH} /usr/bin/python3 -W ignore:setup.py install is deprecated -W ignore:easy_install command is deprecated setup.py egg_info --egg-base ../../build/gripper build --build-base /home/bajajauto/Dext_Hand/build/gripper/build install --record /home/bajajauto/Dext_Hand/build/gripper/install.log --single-version-externally-managed install_data --force
[8.908s] Level 1:colcon.colcon_core.environment:checking '/home/bajajauto/Dext_Hand/install/gripper' for CMake config files
[8.912s] Level 1:colcon.colcon_core.environment:checking '/home/bajajauto/Dext_Hand/install/gripper/lib'
[8.913s] Level 1:colcon.colcon_core.environment:checking '/home/bajajauto/Dext_Hand/install/gripper/bin'
[8.913s] Level 1:colcon.colcon_core.environment:checking '/home/bajajauto/Dext_Hand/install/gripper/lib/pkgconfig/gripper.pc'
[8.914s] Level 1:colcon.colcon_core.environment:checking '/home/bajajauto/Dext_Hand/install/gripper/lib/python3.10/site-packages'
[8.914s] Level 1:colcon.colcon_core.shell:create_environment_hook('gripper', 'pythonpath')
[8.915s] INFO:colcon.colcon_core.shell:Creating environment hook '/home/bajajauto/Dext_Hand/install/gripper/share/gripper/hook/pythonpath.ps1'
[8.916s] INFO:colcon.colcon_core.shell:Creating environment descriptor '/home/bajajauto/Dext_Hand/install/gripper/share/gripper/hook/pythonpath.dsv'
[8.917s] INFO:colcon.colcon_core.shell:Creating environment hook '/home/bajajauto/Dext_Hand/install/gripper/share/gripper/hook/pythonpath.sh'
[8.920s] Level 1:colcon.colcon_core.environment:checking '/home/bajajauto/Dext_Hand/install/gripper/bin'
[8.920s] Level 1:colcon.colcon_core.environment:create_environment_scripts_only(gripper)
[8.921s] INFO:colcon.colcon_core.shell:Creating package script '/home/bajajauto/Dext_Hand/install/gripper/share/gripper/package.ps1'
[8.923s] INFO:colcon.colcon_core.shell:Creating package descriptor '/home/bajajauto/Dext_Hand/install/gripper/share/gripper/package.dsv'
[8.923s] INFO:colcon.colcon_core.shell:Creating package script '/home/bajajauto/Dext_Hand/install/gripper/share/gripper/package.sh'
[8.925s] INFO:colcon.colcon_core.shell:Creating package script '/home/bajajauto/Dext_Hand/install/gripper/share/gripper/package.bash'
[8.926s] INFO:colcon.colcon_core.shell:Creating package script '/home/bajajauto/Dext_Hand/install/gripper/share/gripper/package.zsh'
[8.927s] Level 1:colcon.colcon_core.environment:create_file_with_runtime_dependencies(/home/bajajauto/Dext_Hand/install/gripper/share/colcon-core/packages/gripper)
[8.928s] DEBUG:colcon.colcon_parallel_executor.executor.parallel:closing loop
[8.930s] DEBUG:colcon.colcon_parallel_executor.executor.parallel:loop closed
[8.930s] DEBUG:colcon.colcon_parallel_executor.executor.parallel:run_until_complete finished with '0'
[8.930s] DEBUG:colcon.colcon_core.event_reactor:joining thread
[8.953s] INFO:colcon.colcon_core.plugin_system:Skipping extension 'colcon_notification.desktop_notification.terminal_notifier': Not used on non-Darwin systems
[8.953s] INFO:colcon.colcon_core.plugin_system:Skipping extension 'colcon_notification.desktop_notification.win32': Not used on non-Windows systems
[8.953s] INFO:colcon.colcon_notification.desktop_notification:Sending desktop notification using 'notify2'
[9.007s] DEBUG:colcon.colcon_core.event_reactor:joined thread
[9.009s] INFO:colcon.colcon_core.shell:Creating prefix script '/home/bajajauto/Dext_Hand/install/local_setup.ps1'
[9.013s] INFO:colcon.colcon_core.shell:Creating prefix util module '/home/bajajauto/Dext_Hand/install/_local_setup_util_ps1.py'
[9.021s] INFO:colcon.colcon_core.shell:Creating prefix chain script '/home/bajajauto/Dext_Hand/install/setup.ps1'
[9.026s] INFO:colcon.colcon_core.shell:Creating prefix script '/home/bajajauto/Dext_Hand/install/local_setup.sh'
[9.029s] INFO:colcon.colcon_core.shell:Creating prefix util module '/home/bajajauto/Dext_Hand/install/_local_setup_util_sh.py'
[9.031s] INFO:colcon.colcon_core.shell:Creating prefix chain script '/home/bajajauto/Dext_Hand/install/setup.sh'
[9.037s] INFO:colcon.colcon_core.shell:Creating prefix script '/home/bajajauto/Dext_Hand/install/local_setup.bash'
[9.040s] INFO:colcon.colcon_core.shell:Creating prefix chain script '/home/bajajauto/Dext_Hand/install/setup.bash'
[9.044s] INFO:colcon.colcon_core.shell:Creating prefix script '/home/bajajauto/Dext_Hand/install/local_setup.zsh'
[9.048s] INFO:colcon.colcon_core.shell:Creating prefix chain script '/home/bajajauto/Dext_Hand/install/setup.zsh'
